[2.324s] DEBUG:colcon:Command line arguments: ['/usr/bin/colcon', 'build', '--symlink-install']
[2.324s] DEBUG:colcon:Parsed command line arguments: Namespace(log_base=None, log_level=None, verb_name='build', build_base='build', install_base='install', merge_install=False, symlink_install=True, test_result_base=None, continue_on_error=False, executor='parallel', parallel_workers=4, event_handlers=None, ignore_user_meta=False, metas=['./colcon.meta'], base_paths=['.'], packages_ignore=None, packages_ignore_regex=None, paths=None, packages_up_to=None, packages_up_to_regex=None, packages_above=None, packages_above_and_dependencies=None, packages_above_depth=None, packages_select_by_dep=None, packages_skip_by_dep=None, packages_skip_up_to=None, packages_select_build_failed=False, packages_skip_build_finished=False, packages_select_test_failures=False, packages_skip_test_passed=False, packages_select=None, packages_skip=None, packages_select_regex=None, packages_skip_regex=None, packages_start=None, packages_end=None, allow_overriding=[], cmake_args=None, cmake_target=None, cmake_target_skip_unavailable=False, cmake_clean_cache=False, cmake_clean_first=False, cmake_force_configure=False, ament_cmake_args=None, catkin_cmake_args=None, catkin_skip_building_tests=False, mixin_files=None, mixin=None, verb_parser=<colcon_mixin.mixin.mixin_argument.MixinArgumentDecorator object at 0x7047a8b299f0>, verb_extension=<colcon_core.verb.build.BuildVerb object at 0x7047a8c9af50>, main=<bound method BuildVerb.main of <colcon_core.verb.build.BuildVerb object at 0x7047a8c9af50>>, mixin_verb=('build',))
[3.482s] Level 1:colcon.colcon_core.package_discovery:discover_packages(colcon_meta) check parameters
[3.557s] Level 1:colcon.colcon_core.package_discovery:discover_packages(recursive) check parameters
[3.559s] Level 1:colcon.colcon_core.package_discovery:discover_packages(ignore) check parameters
[3.560s] Level 1:colcon.colcon_core.package_discovery:discover_packages(path) check parameters
[3.561s] Level 1:colcon.colcon_core.package_discovery:discover_packages(colcon_meta) discover
[3.563s] Level 1:colcon.colcon_core.package_discovery:discover_packages(recursive) discover
[3.564s] INFO:colcon.colcon_core.package_discovery:Crawling recursively for packages in '/home/nta/workspaces/ur_gazebo'
[3.783s] Level 1:colcon.colcon_core.package_identification:_identify(.) by extensions ['ignore', 'ignore_ament_install']
[3.874s] Level 1:colcon.colcon_core.package_identification:_identify(.) by extension 'ignore'
[3.884s] Level 1:colcon.colcon_core.package_identification:_identify(.) by extension 'ignore_ament_install'
[3.901s] Level 1:colcon.colcon_core.package_identification:_identify(.) by extensions ['colcon_pkg']
[3.938s] Level 1:colcon.colcon_core.package_identification:_identify(.) by extension 'colcon_pkg'
[4.076s] Level 1:colcon.colcon_core.package_identification:_identify(.) by extensions ['colcon_meta']
[4.258s] Level 1:colcon.colcon_core.package_identification:_identify(.) by extension 'colcon_meta'
[4.291s] Level 1:colcon.colcon_core.package_identification:_identify(.) by extensions ['ros']
[4.300s] Level 1:colcon.colcon_core.package_identification:_identify(.) by extension 'ros'
[7.625s] Level 1:colcon.colcon_core.package_identification:_identify(.) by extensions ['cmake', 'python']
[7.626s] Level 1:colcon.colcon_core.package_identification:_identify(.) by extension 'cmake'
[7.627s] Level 1:colcon.colcon_core.package_identification:_identify(.) by extension 'python'
[7.627s] Level 1:colcon.colcon_core.package_identification:_identify(.) by extensions ['python_setup_py']
[7.628s] Level 1:colcon.colcon_core.package_identification:_identify(.) by extension 'python_setup_py'
[7.629s] Level 1:colcon.colcon_core.package_identification:_identify(build) by extensions ['ignore', 'ignore_ament_install']
[7.629s] Level 1:colcon.colcon_core.package_identification:_identify(build) by extension 'ignore'
[7.629s] Level 1:colcon.colcon_core.package_identification:_identify(build) ignored
[7.630s] Level 1:colcon.colcon_core.package_identification:_identify(install) by extensions ['ignore', 'ignore_ament_install']
[7.631s] Level 1:colcon.colcon_core.package_identification:_identify(install) by extension 'ignore'
[7.632s] Level 1:colcon.colcon_core.package_identification:_identify(install) ignored
[7.633s] Level 1:colcon.colcon_core.package_identification:_identify(log) by extensions ['ignore', 'ignore_ament_install']
[7.633s] Level 1:colcon.colcon_core.package_identification:_identify(log) by extension 'ignore'
[7.634s] Level 1:colcon.colcon_core.package_identification:_identify(log) ignored
[7.635s] Level 1:colcon.colcon_core.package_identification:_identify(src) by extensions ['ignore', 'ignore_ament_install']
[7.635s] Level 1:colcon.colcon_core.package_identification:_identify(src) by extension 'ignore'
[7.638s] Level 1:colcon.colcon_core.package_identification:_identify(src) by extension 'ignore_ament_install'
[7.639s] Level 1:colcon.colcon_core.package_identification:_identify(src) by extensions ['colcon_pkg']
[7.640s] Level 1:colcon.colcon_core.package_identification:_identify(src) by extension 'colcon_pkg'
[7.640s] Level 1:colcon.colcon_core.package_identification:_identify(src) by extensions ['colcon_meta']
[7.640s] Level 1:colcon.colcon_core.package_identification:_identify(src) by extension 'colcon_meta'
[7.640s] Level 1:colcon.colcon_core.package_identification:_identify(src) by extensions ['ros']
[7.641s] Level 1:colcon.colcon_core.package_identification:_identify(src) by extension 'ros'
[7.641s] Level 1:colcon.colcon_core.package_identification:_identify(src) by extensions ['cmake', 'python']
[7.641s] Level 1:colcon.colcon_core.package_identification:_identify(src) by extension 'cmake'
[7.642s] Level 1:colcon.colcon_core.package_identification:_identify(src) by extension 'python'
[7.642s] Level 1:colcon.colcon_core.package_identification:_identify(src) by extensions ['python_setup_py']
[7.642s] Level 1:colcon.colcon_core.package_identification:_identify(src) by extension 'python_setup_py'
[7.643s] Level 1:colcon.colcon_core.package_identification:_identify(src/Universal_Robots_ROS2_Description) by extensions ['ignore', 'ignore_ament_install']
[7.643s] Level 1:colcon.colcon_core.package_identification:_identify(src/Universal_Robots_ROS2_Description) by extension 'ignore'
[7.644s] Level 1:colcon.colcon_core.package_identification:_identify(src/Universal_Robots_ROS2_Description) by extension 'ignore_ament_install'
[7.644s] Level 1:colcon.colcon_core.package_identification:_identify(src/Universal_Robots_ROS2_Description) by extensions ['colcon_pkg']
[7.645s] Level 1:colcon.colcon_core.package_identification:_identify(src/Universal_Robots_ROS2_Description) by extension 'colcon_pkg'
[7.645s] Level 1:colcon.colcon_core.package_identification:_identify(src/Universal_Robots_ROS2_Description) by extensions ['colcon_meta']
[7.645s] Level 1:colcon.colcon_core.package_identification:_identify(src/Universal_Robots_ROS2_Description) by extension 'colcon_meta'
[7.646s] Level 1:colcon.colcon_core.package_identification:_identify(src/Universal_Robots_ROS2_Description) by extensions ['ros']
[7.646s] Level 1:colcon.colcon_core.package_identification:_identify(src/Universal_Robots_ROS2_Description) by extension 'ros'
[7.682s] DEBUG:colcon.colcon_core.package_identification:Package 'src/Universal_Robots_ROS2_Description' with type 'ros.ament_cmake' and name 'ur_description'
[7.686s] Level 1:colcon.colcon_core.package_identification:_identify(src/Universal_Robots_ROS2_Gazebo_Simulation) by extensions ['ignore', 'ignore_ament_install']
[7.688s] Level 1:colcon.colcon_core.package_identification:_identify(src/Universal_Robots_ROS2_Gazebo_Simulation) by extension 'ignore'
[7.689s] Level 1:colcon.colcon_core.package_identification:_identify(src/Universal_Robots_ROS2_Gazebo_Simulation) by extension 'ignore_ament_install'
[7.690s] Level 1:colcon.colcon_core.package_identification:_identify(src/Universal_Robots_ROS2_Gazebo_Simulation) by extensions ['colcon_pkg']
[7.690s] Level 1:colcon.colcon_core.package_identification:_identify(src/Universal_Robots_ROS2_Gazebo_Simulation) by extension 'colcon_pkg'
[7.692s] Level 1:colcon.colcon_core.package_identification:_identify(src/Universal_Robots_ROS2_Gazebo_Simulation) by extensions ['colcon_meta']
[7.692s] Level 1:colcon.colcon_core.package_identification:_identify(src/Universal_Robots_ROS2_Gazebo_Simulation) by extension 'colcon_meta'
[7.693s] Level 1:colcon.colcon_core.package_identification:_identify(src/Universal_Robots_ROS2_Gazebo_Simulation) by extensions ['ros']
[7.693s] Level 1:colcon.colcon_core.package_identification:_identify(src/Universal_Robots_ROS2_Gazebo_Simulation) by extension 'ros'
[7.693s] Level 1:colcon.colcon_core.package_identification:_identify(src/Universal_Robots_ROS2_Gazebo_Simulation) by extensions ['cmake', 'python']
[7.694s] Level 1:colcon.colcon_core.package_identification:_identify(src/Universal_Robots_ROS2_Gazebo_Simulation) by extension 'cmake'
[7.695s] Level 1:colcon.colcon_core.package_identification:_identify(src/Universal_Robots_ROS2_Gazebo_Simulation) by extension 'python'
[7.695s] Level 1:colcon.colcon_core.package_identification:_identify(src/Universal_Robots_ROS2_Gazebo_Simulation) by extensions ['python_setup_py']
[7.696s] Level 1:colcon.colcon_core.package_identification:_identify(src/Universal_Robots_ROS2_Gazebo_Simulation) by extension 'python_setup_py'
[7.697s] Level 1:colcon.colcon_core.package_identification:_identify(src/Universal_Robots_ROS2_Gazebo_Simulation/ur_simulation_gazebo) by extensions ['ignore', 'ignore_ament_install']
[7.698s] Level 1:colcon.colcon_core.package_identification:_identify(src/Universal_Robots_ROS2_Gazebo_Simulation/ur_simulation_gazebo) by extension 'ignore'
[7.698s] Level 1:colcon.colcon_core.package_identification:_identify(src/Universal_Robots_ROS2_Gazebo_Simulation/ur_simulation_gazebo) by extension 'ignore_ament_install'
[7.699s] Level 1:colcon.colcon_core.package_identification:_identify(src/Universal_Robots_ROS2_Gazebo_Simulation/ur_simulation_gazebo) by extensions ['colcon_pkg']
[7.699s] Level 1:colcon.colcon_core.package_identification:_identify(src/Universal_Robots_ROS2_Gazebo_Simulation/ur_simulation_gazebo) by extension 'colcon_pkg'
[7.700s] Level 1:colcon.colcon_core.package_identification:_identify(src/Universal_Robots_ROS2_Gazebo_Simulation/ur_simulation_gazebo) by extensions ['colcon_meta']
[7.701s] Level 1:colcon.colcon_core.package_identification:_identify(src/Universal_Robots_ROS2_Gazebo_Simulation/ur_simulation_gazebo) by extension 'colcon_meta'
[7.702s] Level 1:colcon.colcon_core.package_identification:_identify(src/Universal_Robots_ROS2_Gazebo_Simulation/ur_simulation_gazebo) by extensions ['ros']
[7.702s] Level 1:colcon.colcon_core.package_identification:_identify(src/Universal_Robots_ROS2_Gazebo_Simulation/ur_simulation_gazebo) by extension 'ros'
[7.709s] DEBUG:colcon.colcon_core.package_identification:Package 'src/Universal_Robots_ROS2_Gazebo_Simulation/ur_simulation_gazebo' with type 'ros.ament_cmake' and name 'ur_simulation_gazebo'
[7.711s] Level 1:colcon.colcon_core.package_identification:_identify(src/Universal_Robots_ROS2_Gazebo_Simulation/worlds) by extensions ['ignore', 'ignore_ament_install']
[7.712s] Level 1:colcon.colcon_core.package_identification:_identify(src/Universal_Robots_ROS2_Gazebo_Simulation/worlds) by extension 'ignore'
[7.715s] Level 1:colcon.colcon_core.package_identification:_identify(src/Universal_Robots_ROS2_Gazebo_Simulation/worlds) by extension 'ignore_ament_install'
[7.715s] Level 1:colcon.colcon_core.package_identification:_identify(src/Universal_Robots_ROS2_Gazebo_Simulation/worlds) by extensions ['colcon_pkg']
[7.716s] Level 1:colcon.colcon_core.package_identification:_identify(src/Universal_Robots_ROS2_Gazebo_Simulation/worlds) by extension 'colcon_pkg'
[7.718s] Level 1:colcon.colcon_core.package_identification:_identify(src/Universal_Robots_ROS2_Gazebo_Simulation/worlds) by extensions ['colcon_meta']
[7.719s] Level 1:colcon.colcon_core.package_identification:_identify(src/Universal_Robots_ROS2_Gazebo_Simulation/worlds) by extension 'colcon_meta'
[7.720s] Level 1:colcon.colcon_core.package_identification:_identify(src/Universal_Robots_ROS2_Gazebo_Simulation/worlds) by extensions ['ros']
[7.721s] Level 1:colcon.colcon_core.package_identification:_identify(src/Universal_Robots_ROS2_Gazebo_Simulation/worlds) by extension 'ros'
[7.722s] Level 1:colcon.colcon_core.package_identification:_identify(src/Universal_Robots_ROS2_Gazebo_Simulation/worlds) by extensions ['cmake', 'python']
[7.723s] Level 1:colcon.colcon_core.package_identification:_identify(src/Universal_Robots_ROS2_Gazebo_Simulation/worlds) by extension 'cmake'
[7.723s] Level 1:colcon.colcon_core.package_identification:_identify(src/Universal_Robots_ROS2_Gazebo_Simulation/worlds) by extension 'python'
[7.724s] Level 1:colcon.colcon_core.package_identification:_identify(src/Universal_Robots_ROS2_Gazebo_Simulation/worlds) by extensions ['python_setup_py']
[7.724s] Level 1:colcon.colcon_core.package_identification:_identify(src/Universal_Robots_ROS2_Gazebo_Simulation/worlds) by extension 'python_setup_py'
[7.726s] Level 1:colcon.colcon_core.package_identification:_identify(src/controller) by extensions ['ignore', 'ignore_ament_install']
[7.727s] Level 1:colcon.colcon_core.package_identification:_identify(src/controller) by extension 'ignore'
[7.727s] Level 1:colcon.colcon_core.package_identification:_identify(src/controller) by extension 'ignore_ament_install'
[7.727s] Level 1:colcon.colcon_core.package_identification:_identify(src/controller) by extensions ['colcon_pkg']
[7.728s] Level 1:colcon.colcon_core.package_identification:_identify(src/controller) by extension 'colcon_pkg'
[7.728s] Level 1:colcon.colcon_core.package_identification:_identify(src/controller) by extensions ['colcon_meta']
[7.728s] Level 1:colcon.colcon_core.package_identification:_identify(src/controller) by extension 'colcon_meta'
[7.729s] Level 1:colcon.colcon_core.package_identification:_identify(src/controller) by extensions ['ros']
[7.729s] Level 1:colcon.colcon_core.package_identification:_identify(src/controller) by extension 'ros'
[7.744s] DEBUG:colcon.colcon_core.package_identification:Package 'src/controller' with type 'ros.ament_python' and name 'my_controller'
[7.748s] Level 1:colcon.colcon_core.package_discovery:discover_packages(recursive) using defaults
[7.749s] Level 1:colcon.colcon_core.package_discovery:discover_packages(ignore) discover
[7.750s] Level 1:colcon.colcon_core.package_discovery:discover_packages(ignore) using defaults
[7.750s] Level 1:colcon.colcon_core.package_discovery:discover_packages(path) discover
[7.750s] Level 1:colcon.colcon_core.package_discovery:discover_packages(path) using defaults
[8.108s] Level 1:colcon.colcon_core.package_discovery:discover_packages(prefix_path) check parameters
[8.108s] Level 1:colcon.colcon_core.package_discovery:discover_packages(prefix_path) discover
[8.130s] Level 1:colcon.colcon_core.package_discovery:discover_packages(prefix_path) using defaults
[8.146s] Level 5:colcon.colcon_core.verb:set package 'my_controller' build argument 'cmake_args' from command line to 'None'
[8.147s] Level 5:colcon.colcon_core.verb:set package 'my_controller' build argument 'cmake_target' from command line to 'None'
[8.147s] Level 5:colcon.colcon_core.verb:set package 'my_controller' build argument 'cmake_target_skip_unavailable' from command line to 'False'
[8.147s] Level 5:colcon.colcon_core.verb:set package 'my_controller' build argument 'cmake_clean_cache' from command line to 'False'
[8.147s] Level 5:colcon.colcon_core.verb:set package 'my_controller' build argument 'cmake_clean_first' from command line to 'False'
[8.148s] Level 5:colcon.colcon_core.verb:set package 'my_controller' build argument 'cmake_force_configure' from command line to 'False'
[8.148s] Level 5:colcon.colcon_core.verb:set package 'my_controller' build argument 'ament_cmake_args' from command line to 'None'
[8.148s] Level 5:colcon.colcon_core.verb:set package 'my_controller' build argument 'catkin_cmake_args' from command line to 'None'
[8.148s] Level 5:colcon.colcon_core.verb:set package 'my_controller' build argument 'catkin_skip_building_tests' from command line to 'False'
[8.148s] DEBUG:colcon.colcon_core.verb:Building package 'my_controller' with the following arguments: {'ament_cmake_args': None, 'build_base': '/home/nta/workspaces/ur_gazebo/build/my_controller', 'catkin_cmake_args': None, 'catkin_skip_building_tests': False, 'cmake_args': None, 'cmake_clean_cache': False, 'cmake_clean_first': False, 'cmake_force_configure': False, 'cmake_target': None, 'cmake_target_skip_unavailable': False, 'install_base': '/home/nta/workspaces/ur_gazebo/install/my_controller', 'merge_install': False, 'path': '/home/nta/workspaces/ur_gazebo/src/controller', 'symlink_install': True, 'test_result_base': None}
[8.150s] Level 5:colcon.colcon_core.verb:set package 'ur_description' build argument 'cmake_args' from command line to 'None'
[8.151s] Level 5:colcon.colcon_core.verb:set package 'ur_description' build argument 'cmake_target' from command line to 'None'
[8.152s] Level 5:colcon.colcon_core.verb:set package 'ur_description' build argument 'cmake_target_skip_unavailable' from command line to 'False'
[8.152s] Level 5:colcon.colcon_core.verb:set package 'ur_description' build argument 'cmake_clean_cache' from command line to 'False'
[8.153s] Level 5:colcon.colcon_core.verb:set package 'ur_description' build argument 'cmake_clean_first' from command line to 'False'
[8.153s] Level 5:colcon.colcon_core.verb:set package 'ur_description' build argument 'cmake_force_configure' from command line to 'False'
[8.153s] Level 5:colcon.colcon_core.verb:set package 'ur_description' build argument 'ament_cmake_args' from command line to 'None'
[8.153s] Level 5:colcon.colcon_core.verb:set package 'ur_description' build argument 'catkin_cmake_args' from command line to 'None'
[8.153s] Level 5:colcon.colcon_core.verb:set package 'ur_description' build argument 'catkin_skip_building_tests' from command line to 'False'
[8.154s] DEBUG:colcon.colcon_core.verb:Building package 'ur_description' with the following arguments: {'ament_cmake_args': None, 'build_base': '/home/nta/workspaces/ur_gazebo/build/ur_description', 'catkin_cmake_args': None, 'catkin_skip_building_tests': False, 'cmake_args': None, 'cmake_clean_cache': False, 'cmake_clean_first': False, 'cmake_force_configure': False, 'cmake_target': None, 'cmake_target_skip_unavailable': False, 'install_base': '/home/nta/workspaces/ur_gazebo/install/ur_description', 'merge_install': False, 'path': '/home/nta/workspaces/ur_gazebo/src/Universal_Robots_ROS2_Description', 'symlink_install': True, 'test_result_base': None}
[8.155s] Level 5:colcon.colcon_core.verb:set package 'ur_simulation_gazebo' build argument 'cmake_args' from command line to 'None'
[8.156s] Level 5:colcon.colcon_core.verb:set package 'ur_simulation_gazebo' build argument 'cmake_target' from command line to 'None'
[8.156s] Level 5:colcon.colcon_core.verb:set package 'ur_simulation_gazebo' build argument 'cmake_target_skip_unavailable' from command line to 'False'
[8.156s] Level 5:colcon.colcon_core.verb:set package 'ur_simulation_gazebo' build argument 'cmake_clean_cache' from command line to 'False'
[8.156s] Level 5:colcon.colcon_core.verb:set package 'ur_simulation_gazebo' build argument 'cmake_clean_first' from command line to 'False'
[8.156s] Level 5:colcon.colcon_core.verb:set package 'ur_simulation_gazebo' build argument 'cmake_force_configure' from command line to 'False'
[8.156s] Level 5:colcon.colcon_core.verb:set package 'ur_simulation_gazebo' build argument 'ament_cmake_args' from command line to 'None'
[8.157s] Level 5:colcon.colcon_core.verb:set package 'ur_simulation_gazebo' build argument 'catkin_cmake_args' from command line to 'None'
[8.157s] Level 5:colcon.colcon_core.verb:set package 'ur_simulation_gazebo' build argument 'catkin_skip_building_tests' from command line to 'False'
[8.157s] DEBUG:colcon.colcon_core.verb:Building package 'ur_simulation_gazebo' with the following arguments: {'ament_cmake_args': None, 'build_base': '/home/nta/workspaces/ur_gazebo/build/ur_simulation_gazebo', 'catkin_cmake_args': None, 'catkin_skip_building_tests': False, 'cmake_args': None, 'cmake_clean_cache': False, 'cmake_clean_first': False, 'cmake_force_configure': False, 'cmake_target': None, 'cmake_target_skip_unavailable': False, 'install_base': '/home/nta/workspaces/ur_gazebo/install/ur_simulation_gazebo', 'merge_install': False, 'path': '/home/nta/workspaces/ur_gazebo/src/Universal_Robots_ROS2_Gazebo_Simulation/ur_simulation_gazebo', 'symlink_install': True, 'test_result_base': None}
[8.158s] INFO:colcon.colcon_core.executor:Executing jobs using 'parallel' executor
[8.165s] DEBUG:colcon.colcon_parallel_executor.executor.parallel:run_until_complete
[8.170s] INFO:colcon.colcon_ros.task.ament_cmake.build:Building ROS package in '/home/nta/workspaces/ur_gazebo/src/Universal_Robots_ROS2_Description' with build type 'ament_cmake'
[8.172s] INFO:colcon.colcon_cmake.task.cmake.build:Building CMake package in '/home/nta/workspaces/ur_gazebo/src/Universal_Robots_ROS2_Description'
[8.882s] INFO:colcon.colcon_core.plugin_system:Skipping extension 'colcon_core.shell.bat': Not used on non-Windows systems
[8.884s] INFO:colcon.colcon_core.shell:Skip shell extension 'powershell' for command environment: Not usable outside of PowerShell
[8.884s] DEBUG:colcon.colcon_core.shell:Skip shell extension 'dsv' for command environment
[8.925s] INFO:colcon.colcon_ros.task.ament_python.build:Building ROS package in '/home/nta/workspaces/ur_gazebo/src/controller' with build type 'ament_python'
[8.926s] Level 1:colcon.colcon_core.shell:create_environment_hook('my_controller', 'ament_prefix_path')
[8.930s] INFO:colcon.colcon_core.shell:Creating environment hook '/home/nta/workspaces/ur_gazebo/install/my_controller/share/my_controller/hook/ament_prefix_path.ps1'
[8.943s] INFO:colcon.colcon_core.shell:Creating environment descriptor '/home/nta/workspaces/ur_gazebo/install/my_controller/share/my_controller/hook/ament_prefix_path.dsv'
[8.961s] INFO:colcon.colcon_core.shell:Creating environment hook '/home/nta/workspaces/ur_gazebo/install/my_controller/share/my_controller/hook/ament_prefix_path.sh'
[8.975s] INFO:colcon.colcon_core.shell:Skip shell extension 'powershell' for command environment: Not usable outside of PowerShell
[8.976s] DEBUG:colcon.colcon_core.shell:Skip shell extension 'dsv' for command environment
[9.049s] DEBUG:colcon.colcon_core.event_handler.log_command:Invoking command in '/home/nta/workspaces/ur_gazebo/build/ur_description': /usr/bin/cmake --build /home/nta/workspaces/ur_gazebo/build/ur_description -- -j4 -l4
[10.760s] WARNING:colcon.colcon_ros.task.ament_python.build:Package 'my_controller' doesn't explicitly install a marker in the package index (colcon-ros currently does it implicitly but that fallback will be removed in the future)
[10.762s] WARNING:colcon.colcon_ros.task.ament_python.build:Package 'my_controller' doesn't explicitly install the 'package.xml' file (colcon-ros currently does it implicitly but that fallback will be removed in the future)
[10.764s] INFO:colcon.colcon_core.task.python.build:Building Python package in '/home/nta/workspaces/ur_gazebo/src/controller'
[10.765s] INFO:colcon.colcon_core.shell:Skip shell extension 'powershell' for command environment: Not usable outside of PowerShell
[10.765s] DEBUG:colcon.colcon_core.shell:Skip shell extension 'dsv' for command environment
[10.805s] DEBUG:colcon.colcon_core.event_handler.log_command:Invoked command in '/home/nta/workspaces/ur_gazebo/build/ur_description' returned '0': /usr/bin/cmake --build /home/nta/workspaces/ur_gazebo/build/ur_description -- -j4 -l4
[10.901s] DEBUG:colcon.colcon_core.event_handler.log_command:Invoking command in '/home/nta/workspaces/ur_gazebo/build/ur_description': /usr/bin/cmake --install /home/nta/workspaces/ur_gazebo/build/ur_description
[12.237s] Level 1:colcon.colcon_core.environment:create_environment_scripts_only(ur_description)
[12.239s] DEBUG:colcon.colcon_core.event_handler.log_command:Invoked command in '/home/nta/workspaces/ur_gazebo/build/ur_description' returned '0': /usr/bin/cmake --install /home/nta/workspaces/ur_gazebo/build/ur_description
[12.303s] Level 1:colcon.colcon_core.environment:checking '/home/nta/workspaces/ur_gazebo/install/ur_description' for CMake module files
[12.307s] Level 1:colcon.colcon_core.environment:checking '/home/nta/workspaces/ur_gazebo/install/ur_description' for CMake config files
[12.319s] Level 1:colcon.colcon_core.shell:create_environment_hook('ur_description', 'cmake_prefix_path')
[12.320s] INFO:colcon.colcon_core.shell:Creating environment hook '/home/nta/workspaces/ur_gazebo/install/ur_description/share/ur_description/hook/cmake_prefix_path.ps1'
[12.323s] INFO:colcon.colcon_core.shell:Creating environment descriptor '/home/nta/workspaces/ur_gazebo/install/ur_description/share/ur_description/hook/cmake_prefix_path.dsv'
[12.325s] INFO:colcon.colcon_core.shell:Creating environment hook '/home/nta/workspaces/ur_gazebo/install/ur_description/share/ur_description/hook/cmake_prefix_path.sh'
[12.328s] Level 1:colcon.colcon_core.environment:checking '/home/nta/workspaces/ur_gazebo/install/ur_description/bin'
[12.329s] Level 1:colcon.colcon_core.environment:checking '/home/nta/workspaces/ur_gazebo/install/ur_description/lib/pkgconfig/ur_description.pc'
[12.330s] Level 1:colcon.colcon_core.environment:checking '/home/nta/workspaces/ur_gazebo/install/ur_description/lib/python3.10/site-packages'
[12.331s] Level 1:colcon.colcon_core.environment:checking '/home/nta/workspaces/ur_gazebo/install/ur_description/bin'
[12.332s] INFO:colcon.colcon_core.shell:Creating package script '/home/nta/workspaces/ur_gazebo/install/ur_description/share/ur_description/package.ps1'
[12.336s] INFO:colcon.colcon_core.shell:Creating package descriptor '/home/nta/workspaces/ur_gazebo/install/ur_description/share/ur_description/package.dsv'
[12.340s] INFO:colcon.colcon_core.shell:Creating package script '/home/nta/workspaces/ur_gazebo/install/ur_description/share/ur_description/package.sh'
[12.344s] INFO:colcon.colcon_core.shell:Creating package script '/home/nta/workspaces/ur_gazebo/install/ur_description/share/ur_description/package.bash'
[12.351s] INFO:colcon.colcon_core.shell:Creating package script '/home/nta/workspaces/ur_gazebo/install/ur_description/share/ur_description/package.zsh'
[12.367s] Level 1:colcon.colcon_core.environment:create_file_with_runtime_dependencies(/home/nta/workspaces/ur_gazebo/install/ur_description/share/colcon-core/packages/ur_description)
[12.370s] Level 1:colcon.colcon_core.environment:create_environment_scripts_only(ur_description)
[12.371s] Level 1:colcon.colcon_core.environment:checking '/home/nta/workspaces/ur_gazebo/install/ur_description' for CMake module files
[12.374s] Level 1:colcon.colcon_core.environment:checking '/home/nta/workspaces/ur_gazebo/install/ur_description' for CMake config files
[12.388s] Level 1:colcon.colcon_core.shell:create_environment_hook('ur_description', 'cmake_prefix_path')
[12.389s] INFO:colcon.colcon_core.shell:Creating environment hook '/home/nta/workspaces/ur_gazebo/install/ur_description/share/ur_description/hook/cmake_prefix_path.ps1'
[12.390s] INFO:colcon.colcon_core.shell:Creating environment descriptor '/home/nta/workspaces/ur_gazebo/install/ur_description/share/ur_description/hook/cmake_prefix_path.dsv'
[12.393s] INFO:colcon.colcon_core.shell:Creating environment hook '/home/nta/workspaces/ur_gazebo/install/ur_description/share/ur_description/hook/cmake_prefix_path.sh'
[12.396s] Level 1:colcon.colcon_core.environment:checking '/home/nta/workspaces/ur_gazebo/install/ur_description/bin'
[12.396s] Level 1:colcon.colcon_core.environment:checking '/home/nta/workspaces/ur_gazebo/install/ur_description/lib/pkgconfig/ur_description.pc'
[12.397s] Level 1:colcon.colcon_core.environment:checking '/home/nta/workspaces/ur_gazebo/install/ur_description/lib/python3.10/site-packages'
[12.398s] Level 1:colcon.colcon_core.environment:checking '/home/nta/workspaces/ur_gazebo/install/ur_description/bin'
[12.398s] INFO:colcon.colcon_core.shell:Creating package script '/home/nta/workspaces/ur_gazebo/install/ur_description/share/ur_description/package.ps1'
[12.401s] INFO:colcon.colcon_core.shell:Creating package descriptor '/home/nta/workspaces/ur_gazebo/install/ur_description/share/ur_description/package.dsv'
[12.403s] INFO:colcon.colcon_core.shell:Creating package script '/home/nta/workspaces/ur_gazebo/install/ur_description/share/ur_description/package.sh'
[12.405s] INFO:colcon.colcon_core.shell:Creating package script '/home/nta/workspaces/ur_gazebo/install/ur_description/share/ur_description/package.bash'
[12.407s] INFO:colcon.colcon_core.shell:Creating package script '/home/nta/workspaces/ur_gazebo/install/ur_description/share/ur_description/package.zsh'
[12.409s] Level 1:colcon.colcon_core.environment:create_file_with_runtime_dependencies(/home/nta/workspaces/ur_gazebo/install/ur_description/share/colcon-core/packages/ur_description)
[12.411s] INFO:colcon.colcon_ros.task.ament_cmake.build:Building ROS package in '/home/nta/workspaces/ur_gazebo/src/Universal_Robots_ROS2_Gazebo_Simulation/ur_simulation_gazebo' with build type 'ament_cmake'
[12.411s] INFO:colcon.colcon_cmake.task.cmake.build:Building CMake package in '/home/nta/workspaces/ur_gazebo/src/Universal_Robots_ROS2_Gazebo_Simulation/ur_simulation_gazebo'
[12.412s] INFO:colcon.colcon_core.shell:Skip shell extension 'powershell' for command environment: Not usable outside of PowerShell
[12.412s] DEBUG:colcon.colcon_core.shell:Skip shell extension 'dsv' for command environment
[12.495s] DEBUG:colcon.colcon_core.event_handler.log_command:Invoking command in '/home/nta/workspaces/ur_gazebo/build/ur_simulation_gazebo': AMENT_PREFIX_PATH=/home/nta/workspaces/ur_gazebo/install/ur_description CMAKE_PREFIX_PATH=/home/nta/workspaces/ur_gazebo/install/ur_description /usr/bin/cmake --build /home/nta/workspaces/ur_gazebo/build/ur_simulation_gazebo -- -j4 -l4
[13.059s] DEBUG:colcon.colcon_core.event_handler.log_command:Invoked command in '/home/nta/workspaces/ur_gazebo/build/ur_simulation_gazebo' returned '0': AMENT_PREFIX_PATH=/home/nta/workspaces/ur_gazebo/install/ur_description CMAKE_PREFIX_PATH=/home/nta/workspaces/ur_gazebo/install/ur_description /usr/bin/cmake --build /home/nta/workspaces/ur_gazebo/build/ur_simulation_gazebo -- -j4 -l4
[13.073s] DEBUG:colcon.colcon_core.event_handler.log_command:Invoking command in '/home/nta/workspaces/ur_gazebo/build/ur_simulation_gazebo': AMENT_PREFIX_PATH=/home/nta/workspaces/ur_gazebo/install/ur_description CMAKE_PREFIX_PATH=/home/nta/workspaces/ur_gazebo/install/ur_description /usr/bin/cmake --install /home/nta/workspaces/ur_gazebo/build/ur_simulation_gazebo
[13.365s] Level 1:colcon.colcon_core.environment:create_environment_scripts_only(ur_simulation_gazebo)
[13.366s] Level 1:colcon.colcon_core.environment:checking '/home/nta/workspaces/ur_gazebo/install/ur_simulation_gazebo' for CMake module files
[13.370s] DEBUG:colcon.colcon_core.event_handler.log_command:Invoked command in '/home/nta/workspaces/ur_gazebo/build/ur_simulation_gazebo' returned '0': AMENT_PREFIX_PATH=/home/nta/workspaces/ur_gazebo/install/ur_description CMAKE_PREFIX_PATH=/home/nta/workspaces/ur_gazebo/install/ur_description /usr/bin/cmake --install /home/nta/workspaces/ur_gazebo/build/ur_simulation_gazebo
[13.376s] Level 1:colcon.colcon_core.environment:checking '/home/nta/workspaces/ur_gazebo/install/ur_simulation_gazebo' for CMake config files
[13.379s] Level 1:colcon.colcon_core.shell:create_environment_hook('ur_simulation_gazebo', 'cmake_prefix_path')
[13.379s] INFO:colcon.colcon_core.shell:Creating environment hook '/home/nta/workspaces/ur_gazebo/install/ur_simulation_gazebo/share/ur_simulation_gazebo/hook/cmake_prefix_path.ps1'
[13.382s] INFO:colcon.colcon_core.shell:Creating environment descriptor '/home/nta/workspaces/ur_gazebo/install/ur_simulation_gazebo/share/ur_simulation_gazebo/hook/cmake_prefix_path.dsv'
[13.384s] INFO:colcon.colcon_core.shell:Creating environment hook '/home/nta/workspaces/ur_gazebo/install/ur_simulation_gazebo/share/ur_simulation_gazebo/hook/cmake_prefix_path.sh'
[13.387s] Level 1:colcon.colcon_core.environment:checking '/home/nta/workspaces/ur_gazebo/install/ur_simulation_gazebo/bin'
[13.388s] Level 1:colcon.colcon_core.environment:checking '/home/nta/workspaces/ur_gazebo/install/ur_simulation_gazebo/lib/pkgconfig/ur_simulation_gazebo.pc'
[13.388s] Level 1:colcon.colcon_core.environment:checking '/home/nta/workspaces/ur_gazebo/install/ur_simulation_gazebo/lib/python3.10/site-packages'
[13.390s] Level 1:colcon.colcon_core.environment:checking '/home/nta/workspaces/ur_gazebo/install/ur_simulation_gazebo/bin'
[13.394s] INFO:colcon.colcon_core.shell:Creating package script '/home/nta/workspaces/ur_gazebo/install/ur_simulation_gazebo/share/ur_simulation_gazebo/package.ps1'
[13.397s] INFO:colcon.colcon_core.shell:Creating package descriptor '/home/nta/workspaces/ur_gazebo/install/ur_simulation_gazebo/share/ur_simulation_gazebo/package.dsv'
[13.399s] INFO:colcon.colcon_core.shell:Creating package script '/home/nta/workspaces/ur_gazebo/install/ur_simulation_gazebo/share/ur_simulation_gazebo/package.sh'
[13.403s] INFO:colcon.colcon_core.shell:Creating package script '/home/nta/workspaces/ur_gazebo/install/ur_simulation_gazebo/share/ur_simulation_gazebo/package.bash'
[13.410s] INFO:colcon.colcon_core.shell:Creating package script '/home/nta/workspaces/ur_gazebo/install/ur_simulation_gazebo/share/ur_simulation_gazebo/package.zsh'
[13.413s] Level 1:colcon.colcon_core.environment:create_file_with_runtime_dependencies(/home/nta/workspaces/ur_gazebo/install/ur_simulation_gazebo/share/colcon-core/packages/ur_simulation_gazebo)
[13.417s] Level 1:colcon.colcon_core.environment:create_environment_scripts_only(ur_simulation_gazebo)
[13.419s] Level 1:colcon.colcon_core.environment:checking '/home/nta/workspaces/ur_gazebo/install/ur_simulation_gazebo' for CMake module files
[13.422s] Level 1:colcon.colcon_core.environment:checking '/home/nta/workspaces/ur_gazebo/install/ur_simulation_gazebo' for CMake config files
[13.426s] Level 1:colcon.colcon_core.shell:create_environment_hook('ur_simulation_gazebo', 'cmake_prefix_path')
[13.428s] INFO:colcon.colcon_core.shell:Creating environment hook '/home/nta/workspaces/ur_gazebo/install/ur_simulation_gazebo/share/ur_simulation_gazebo/hook/cmake_prefix_path.ps1'
[13.431s] INFO:colcon.colcon_core.shell:Creating environment descriptor '/home/nta/workspaces/ur_gazebo/install/ur_simulation_gazebo/share/ur_simulation_gazebo/hook/cmake_prefix_path.dsv'
[13.435s] INFO:colcon.colcon_core.shell:Creating environment hook '/home/nta/workspaces/ur_gazebo/install/ur_simulation_gazebo/share/ur_simulation_gazebo/hook/cmake_prefix_path.sh'
[13.441s] Level 1:colcon.colcon_core.environment:checking '/home/nta/workspaces/ur_gazebo/install/ur_simulation_gazebo/bin'
[13.443s] Level 1:colcon.colcon_core.environment:checking '/home/nta/workspaces/ur_gazebo/install/ur_simulation_gazebo/lib/pkgconfig/ur_simulation_gazebo.pc'
[13.444s] Level 1:colcon.colcon_core.environment:checking '/home/nta/workspaces/ur_gazebo/install/ur_simulation_gazebo/lib/python3.10/site-packages'
[13.446s] Level 1:colcon.colcon_core.environment:checking '/home/nta/workspaces/ur_gazebo/install/ur_simulation_gazebo/bin'
[13.447s] INFO:colcon.colcon_core.shell:Creating package script '/home/nta/workspaces/ur_gazebo/install/ur_simulation_gazebo/share/ur_simulation_gazebo/package.ps1'
[13.450s] INFO:colcon.colcon_core.shell:Creating package descriptor '/home/nta/workspaces/ur_gazebo/install/ur_simulation_gazebo/share/ur_simulation_gazebo/package.dsv'
[13.454s] INFO:colcon.colcon_core.shell:Creating package script '/home/nta/workspaces/ur_gazebo/install/ur_simulation_gazebo/share/ur_simulation_gazebo/package.sh'
[13.457s] INFO:colcon.colcon_core.shell:Creating package script '/home/nta/workspaces/ur_gazebo/install/ur_simulation_gazebo/share/ur_simulation_gazebo/package.bash'
[13.459s] INFO:colcon.colcon_core.shell:Creating package script '/home/nta/workspaces/ur_gazebo/install/ur_simulation_gazebo/share/ur_simulation_gazebo/package.zsh'
[13.462s] Level 1:colcon.colcon_core.environment:create_file_with_runtime_dependencies(/home/nta/workspaces/ur_gazebo/install/ur_simulation_gazebo/share/colcon-core/packages/ur_simulation_gazebo)
[13.650s] DEBUG:colcon.colcon_core.event_handler.log_command:Invoking command in '/home/nta/workspaces/ur_gazebo/build/my_controller': PYTHONPATH=/home/nta/workspaces/ur_gazebo/build/my_controller/prefix_override:/usr/lib/python3/dist-packages/colcon_core/task/python/colcon_distutils_commands:/home/nta/workspaces/ur_gazebo/install/my_controller/lib/python3.10/site-packages: /usr/bin/python3 -W ignore:setup.py install is deprecated -W ignore:easy_install command is deprecated setup.py develop --editable --build-directory /home/nta/workspaces/ur_gazebo/build/my_controller/build --no-deps symlink_data
[15.909s] Level 1:colcon.colcon_core.shell:create_environment_hook('my_controller', 'pythonpath_develop')
[15.910s] INFO:colcon.colcon_core.shell:Creating environment hook '/home/nta/workspaces/ur_gazebo/build/my_controller/share/my_controller/hook/pythonpath_develop.ps1'
[15.911s] DEBUG:colcon.colcon_core.event_handler.log_command:Invoked command in '/home/nta/workspaces/ur_gazebo/build/my_controller' returned '0': PYTHONPATH=/home/nta/workspaces/ur_gazebo/build/my_controller/prefix_override:/usr/lib/python3/dist-packages/colcon_core/task/python/colcon_distutils_commands:/home/nta/workspaces/ur_gazebo/install/my_controller/lib/python3.10/site-packages: /usr/bin/python3 -W ignore:setup.py install is deprecated -W ignore:easy_install command is deprecated setup.py develop --editable --build-directory /home/nta/workspaces/ur_gazebo/build/my_controller/build --no-deps symlink_data
[15.916s] INFO:colcon.colcon_core.shell:Creating environment descriptor '/home/nta/workspaces/ur_gazebo/build/my_controller/share/my_controller/hook/pythonpath_develop.dsv'
[15.920s] INFO:colcon.colcon_core.shell:Creating environment hook '/home/nta/workspaces/ur_gazebo/build/my_controller/share/my_controller/hook/pythonpath_develop.sh'
[15.923s] Level 1:colcon.colcon_core.environment:checking '/home/nta/workspaces/ur_gazebo/install/my_controller' for CMake module files
[15.925s] Level 1:colcon.colcon_core.environment:checking '/home/nta/workspaces/ur_gazebo/install/my_controller' for CMake config files
[15.928s] Level 1:colcon.colcon_core.environment:checking '/home/nta/workspaces/ur_gazebo/install/my_controller/lib'
[15.929s] Level 1:colcon.colcon_core.environment:checking '/home/nta/workspaces/ur_gazebo/install/my_controller/bin'
[15.929s] Level 1:colcon.colcon_core.environment:checking '/home/nta/workspaces/ur_gazebo/install/my_controller/lib/pkgconfig/my_controller.pc'
[15.929s] Level 1:colcon.colcon_core.environment:checking '/home/nta/workspaces/ur_gazebo/install/my_controller/lib/python3.10/site-packages'
[15.930s] Level 1:colcon.colcon_core.shell:create_environment_hook('my_controller', 'pythonpath')
[15.930s] INFO:colcon.colcon_core.shell:Creating environment hook '/home/nta/workspaces/ur_gazebo/install/my_controller/share/my_controller/hook/pythonpath.ps1'
[15.932s] INFO:colcon.colcon_core.shell:Creating environment descriptor '/home/nta/workspaces/ur_gazebo/install/my_controller/share/my_controller/hook/pythonpath.dsv'
[15.936s] INFO:colcon.colcon_core.shell:Creating environment hook '/home/nta/workspaces/ur_gazebo/install/my_controller/share/my_controller/hook/pythonpath.sh'
[15.939s] Level 1:colcon.colcon_core.environment:checking '/home/nta/workspaces/ur_gazebo/install/my_controller/bin'
[15.939s] Level 1:colcon.colcon_core.environment:create_environment_scripts_only(my_controller)
[15.940s] INFO:colcon.colcon_core.shell:Creating package script '/home/nta/workspaces/ur_gazebo/install/my_controller/share/my_controller/package.ps1'
[15.942s] INFO:colcon.colcon_core.shell:Creating package descriptor '/home/nta/workspaces/ur_gazebo/install/my_controller/share/my_controller/package.dsv'
[15.944s] INFO:colcon.colcon_core.shell:Creating package script '/home/nta/workspaces/ur_gazebo/install/my_controller/share/my_controller/package.sh'
[15.946s] INFO:colcon.colcon_core.shell:Creating package script '/home/nta/workspaces/ur_gazebo/install/my_controller/share/my_controller/package.bash'
[15.949s] INFO:colcon.colcon_core.shell:Creating package script '/home/nta/workspaces/ur_gazebo/install/my_controller/share/my_controller/package.zsh'
[15.951s] Level 1:colcon.colcon_core.environment:create_file_with_runtime_dependencies(/home/nta/workspaces/ur_gazebo/install/my_controller/share/colcon-core/packages/my_controller)
[15.954s] DEBUG:colcon.colcon_parallel_executor.executor.parallel:closing loop
[15.955s] DEBUG:colcon.colcon_parallel_executor.executor.parallel:loop closed
[15.956s] DEBUG:colcon.colcon_parallel_executor.executor.parallel:run_until_complete finished with '0'
[15.959s] DEBUG:colcon.colcon_core.event_reactor:joining thread
[16.004s] INFO:colcon.colcon_core.plugin_system:Skipping extension 'colcon_notification.desktop_notification.terminal_notifier': Not used on non-Darwin systems
[16.004s] INFO:colcon.colcon_core.plugin_system:Skipping extension 'colcon_notification.desktop_notification.win32': Not used on non-Windows systems
[16.005s] INFO:colcon.colcon_notification.desktop_notification:Sending desktop notification using 'notify2'
[16.157s] DEBUG:colcon.colcon_core.event_reactor:joined thread
[16.159s] INFO:colcon.colcon_core.shell:Creating prefix script '/home/nta/workspaces/ur_gazebo/install/local_setup.ps1'
[16.166s] INFO:colcon.colcon_core.shell:Creating prefix util module '/home/nta/workspaces/ur_gazebo/install/_local_setup_util_ps1.py'
[16.173s] INFO:colcon.colcon_core.shell:Creating prefix chain script '/home/nta/workspaces/ur_gazebo/install/setup.ps1'
[16.179s] INFO:colcon.colcon_core.shell:Creating prefix script '/home/nta/workspaces/ur_gazebo/install/local_setup.sh'
[16.186s] INFO:colcon.colcon_core.shell:Creating prefix util module '/home/nta/workspaces/ur_gazebo/install/_local_setup_util_sh.py'
[16.189s] INFO:colcon.colcon_core.shell:Creating prefix chain script '/home/nta/workspaces/ur_gazebo/install/setup.sh'
[16.198s] INFO:colcon.colcon_core.shell:Creating prefix script '/home/nta/workspaces/ur_gazebo/install/local_setup.bash'
[16.202s] INFO:colcon.colcon_core.shell:Creating prefix chain script '/home/nta/workspaces/ur_gazebo/install/setup.bash'
[16.213s] INFO:colcon.colcon_core.shell:Creating prefix script '/home/nta/workspaces/ur_gazebo/install/local_setup.zsh'
[16.218s] INFO:colcon.colcon_core.shell:Creating prefix chain script '/home/nta/workspaces/ur_gazebo/install/setup.zsh'
