[0.113s] Invoking command in '/home/nta/workspaces/ur_gazebo/build/ur_description': CMAKE_PREFIX_PATH=${CMAKE_PREFIX_PATH}:/home/nta/workspaces/ur_gazebo/install/my_controller:/opt/ros/humble /usr/bin/cmake --build /home/nta/workspaces/ur_gazebo/build/ur_description -- -j4 -l4
[1.155s] Invoked command in '/home/nta/workspaces/ur_gazebo/build/ur_description' returned '0': CMAKE_PREFIX_PATH=${CMAKE_PREFIX_PATH}:/home/nta/workspaces/ur_gazebo/install/my_controller:/opt/ros/humble /usr/bin/cmake --build /home/nta/workspaces/ur_gazebo/build/ur_description -- -j4 -l4
[1.213s] Invoking command in '/home/nta/workspaces/ur_gazebo/build/ur_description': CMAKE_PREFIX_PATH=${CMAKE_PREFIX_PATH}:/home/nta/workspaces/ur_gazebo/install/my_controller:/opt/ros/humble /usr/bin/cmake --install /home/nta/workspaces/ur_gazebo/build/ur_description
[1.257s] -- Install configuration: ""
[1.261s] -- Execute custom install script
[1.291s] -- Up-to-date symlink: /home/nta/workspaces/ur_gazebo/install/ur_description/share/ur_description/config/initial_positions.yaml
[1.293s] -- Up-to-date symlink: /home/nta/workspaces/ur_gazebo/install/ur_description/share/ur_description/config/ur10/default_kinematics.yaml
[1.299s] -- Up-to-date symlink: /home/nta/workspaces/ur_gazebo/install/ur_description/share/ur_description/config/ur10/joint_limits.yaml
[1.299s] -- Up-to-date symlink: /home/nta/workspaces/ur_gazebo/install/ur_description/share/ur_description/config/ur10/physical_parameters.yaml
[1.303s] -- Up-to-date symlink: /home/nta/workspaces/ur_gazebo/install/ur_description/share/ur_description/config/ur10/visual_parameters.yaml
[1.303s] -- Up-to-date symlink: /home/nta/workspaces/ur_gazebo/install/ur_description/share/ur_description/config/ur10e/default_kinematics.yaml
[1.305s] -- Up-to-date symlink: /home/nta/workspaces/ur_gazebo/install/ur_description/share/ur_description/config/ur10e/joint_limits.yaml
[1.306s] -- Up-to-date symlink: /home/nta/workspaces/ur_gazebo/install/ur_description/share/ur_description/config/ur10e/physical_parameters.yaml
[1.306s] -- Up-to-date symlink: /home/nta/workspaces/ur_gazebo/install/ur_description/share/ur_description/config/ur10e/visual_parameters.yaml
[1.307s] -- Up-to-date symlink: /home/nta/workspaces/ur_gazebo/install/ur_description/share/ur_description/config/ur12e/default_kinematics.yaml
[1.307s] -- Up-to-date symlink: /home/nta/workspaces/ur_gazebo/install/ur_description/share/ur_description/config/ur12e/joint_limits.yaml
[1.307s] -- Up-to-date symlink: /home/nta/workspaces/ur_gazebo/install/ur_description/share/ur_description/config/ur12e/physical_parameters.yaml
[1.308s] -- Up-to-date symlink: /home/nta/workspaces/ur_gazebo/install/ur_description/share/ur_description/config/ur12e/visual_parameters.yaml
[1.311s] -- Up-to-date symlink: /home/nta/workspaces/ur_gazebo/install/ur_description/share/ur_description/config/ur15/default_kinematics.yaml
[1.312s] -- Up-to-date symlink: /home/nta/workspaces/ur_gazebo/install/ur_description/share/ur_description/config/ur15/joint_limits.yaml
[1.312s] -- Up-to-date symlink: /home/nta/workspaces/ur_gazebo/install/ur_description/share/ur_description/config/ur15/physical_parameters.yaml
[1.313s] -- Up-to-date symlink: /home/nta/workspaces/ur_gazebo/install/ur_description/share/ur_description/config/ur15/visual_parameters.yaml
[1.313s] -- Up-to-date symlink: /home/nta/workspaces/ur_gazebo/install/ur_description/share/ur_description/config/ur16e/default_kinematics.yaml
[1.315s] -- Up-to-date symlink: /home/nta/workspaces/ur_gazebo/install/ur_description/share/ur_description/config/ur16e/joint_limits.yaml
[1.316s] -- Up-to-date symlink: /home/nta/workspaces/ur_gazebo/install/ur_description/share/ur_description/config/ur16e/physical_parameters.yaml
[1.320s] -- Up-to-date symlink: /home/nta/workspaces/ur_gazebo/install/ur_description/share/ur_description/config/ur16e/visual_parameters.yaml
[1.321s] -- Up-to-date symlink: /home/nta/workspaces/ur_gazebo/install/ur_description/share/ur_description/config/ur18/default_kinematics.yaml
[1.321s] -- Up-to-date symlink: /home/nta/workspaces/ur_gazebo/install/ur_description/share/ur_description/config/ur18/joint_limits.yaml
[1.325s] -- Up-to-date symlink: /home/nta/workspaces/ur_gazebo/install/ur_description/share/ur_description/config/ur18/physical_parameters.yaml
[1.327s] -- Up-to-date symlink: /home/nta/workspaces/ur_gazebo/install/ur_description/share/ur_description/config/ur18/visual_parameters.yaml
[1.330s] -- Up-to-date symlink: /home/nta/workspaces/ur_gazebo/install/ur_description/share/ur_description/config/ur20/default_kinematics.yaml
[1.333s] -- Up-to-date symlink: /home/nta/workspaces/ur_gazebo/install/ur_description/share/ur_description/config/ur20/joint_limits.yaml
[1.334s] -- Up-to-date symlink: /home/nta/workspaces/ur_gazebo/install/ur_description/share/ur_description/config/ur20/physical_parameters.yaml
[1.339s] -- Up-to-date symlink: /home/nta/workspaces/ur_gazebo/install/ur_description/share/ur_description/config/ur20/visual_parameters.yaml
[1.341s] -- Up-to-date symlink: /home/nta/workspaces/ur_gazebo/install/ur_description/share/ur_description/config/ur3/default_kinematics.yaml
[1.346s] -- Up-to-date symlink: /home/nta/workspaces/ur_gazebo/install/ur_description/share/ur_description/config/ur3/joint_limits.yaml
[1.349s] -- Up-to-date symlink: /home/nta/workspaces/ur_gazebo/install/ur_description/share/ur_description/config/ur3/physical_parameters.yaml
[1.351s] -- Up-to-date symlink: /home/nta/workspaces/ur_gazebo/install/ur_description/share/ur_description/config/ur3/visual_parameters.yaml
[1.352s] -- Up-to-date symlink: /home/nta/workspaces/ur_gazebo/install/ur_description/share/ur_description/config/ur30/default_kinematics.yaml
[1.358s] -- Up-to-date symlink: /home/nta/workspaces/ur_gazebo/install/ur_description/share/ur_description/config/ur30/joint_limits.yaml
[1.360s] -- Up-to-date symlink: /home/nta/workspaces/ur_gazebo/install/ur_description/share/ur_description/config/ur30/physical_parameters.yaml
[1.362s] -- Up-to-date symlink: /home/nta/workspaces/ur_gazebo/install/ur_description/share/ur_description/config/ur30/visual_parameters.yaml
[1.367s] -- Up-to-date symlink: /home/nta/workspaces/ur_gazebo/install/ur_description/share/ur_description/config/ur3e/default_kinematics.yaml
[1.372s] -- Up-to-date symlink: /home/nta/workspaces/ur_gazebo/install/ur_description/share/ur_description/config/ur3e/joint_limits.yaml
[1.372s] -- Up-to-date symlink: /home/nta/workspaces/ur_gazebo/install/ur_description/share/ur_description/config/ur3e/physical_parameters.yaml
[1.377s] -- Up-to-date symlink: /home/nta/workspaces/ur_gazebo/install/ur_description/share/ur_description/config/ur3e/visual_parameters.yaml
[1.377s] -- Up-to-date symlink: /home/nta/workspaces/ur_gazebo/install/ur_description/share/ur_description/config/ur5/default_kinematics.yaml
[1.378s] -- Up-to-date symlink: /home/nta/workspaces/ur_gazebo/install/ur_description/share/ur_description/config/ur5/joint_limits.yaml
[1.378s] -- Up-to-date symlink: /home/nta/workspaces/ur_gazebo/install/ur_description/share/ur_description/config/ur5/physical_parameters.yaml
[1.381s] -- Up-to-date symlink: /home/nta/workspaces/ur_gazebo/install/ur_description/share/ur_description/config/ur5/visual_parameters.yaml
[1.384s] -- Up-to-date symlink: /home/nta/workspaces/ur_gazebo/install/ur_description/share/ur_description/config/ur5e/default_kinematics.yaml
[1.384s] -- Up-to-date symlink: /home/nta/workspaces/ur_gazebo/install/ur_description/share/ur_description/config/ur5e/joint_limits.yaml
[1.385s] -- Up-to-date symlink: /home/nta/workspaces/ur_gazebo/install/ur_description/share/ur_description/config/ur5e/physical_parameters.yaml
[1.386s] -- Up-to-date symlink: /home/nta/workspaces/ur_gazebo/install/ur_description/share/ur_description/config/ur5e/visual_parameters.yaml
[1.391s] -- Up-to-date symlink: /home/nta/workspaces/ur_gazebo/install/ur_description/share/ur_description/config/ur7e/default_kinematics.yaml
[1.394s] -- Up-to-date symlink: /home/nta/workspaces/ur_gazebo/install/ur_description/share/ur_description/config/ur7e/joint_limits.yaml
[1.398s] -- Up-to-date symlink: /home/nta/workspaces/ur_gazebo/install/ur_description/share/ur_description/config/ur7e/physical_parameters.yaml
[1.402s] -- Up-to-date symlink: /home/nta/workspaces/ur_gazebo/install/ur_description/share/ur_description/config/ur7e/visual_parameters.yaml
[1.403s] -- Up-to-date symlink: /home/nta/workspaces/ur_gazebo/install/ur_description/share/ur_description/config/ur8long/default_kinematics.yaml
[1.406s] -- Up-to-date symlink: /home/nta/workspaces/ur_gazebo/install/ur_description/share/ur_description/config/ur8long/joint_limits.yaml
[1.407s] -- Up-to-date symlink: /home/nta/workspaces/ur_gazebo/install/ur_description/share/ur_description/config/ur8long/physical_parameters.yaml
[1.411s] -- Up-to-date symlink: /home/nta/workspaces/ur_gazebo/install/ur_description/share/ur_description/config/ur8long/visual_parameters.yaml
[1.416s] -- Up-to-date symlink: /home/nta/workspaces/ur_gazebo/install/ur_description/share/ur_description/launch/view_ur.launch.py
[1.490s] -- Up-to-date symlink: /home/nta/workspaces/ur_gazebo/install/ur_description/share/ur_description/meshes/ur10/collision/base.stl
[1.493s] -- Up-to-date symlink: /home/nta/workspaces/ur_gazebo/install/ur_description/share/ur_description/meshes/ur10/collision/forearm.stl
[1.496s] -- Up-to-date symlink: /home/nta/workspaces/ur_gazebo/install/ur_description/share/ur_description/meshes/ur10/collision/shoulder.stl
[1.497s] -- Up-to-date symlink: /home/nta/workspaces/ur_gazebo/install/ur_description/share/ur_description/meshes/ur10/collision/upperarm.stl
[1.501s] -- Up-to-date symlink: /home/nta/workspaces/ur_gazebo/install/ur_description/share/ur_description/meshes/ur10/collision/wrist1.stl
[1.504s] -- Up-to-date symlink: /home/nta/workspaces/ur_gazebo/install/ur_description/share/ur_description/meshes/ur10/collision/wrist2.stl
[1.505s] -- Up-to-date symlink: /home/nta/workspaces/ur_gazebo/install/ur_description/share/ur_description/meshes/ur10/collision/wrist3.stl
[1.508s] -- Up-to-date symlink: /home/nta/workspaces/ur_gazebo/install/ur_description/share/ur_description/meshes/ur10/visual/base.dae
[1.511s] -- Up-to-date symlink: /home/nta/workspaces/ur_gazebo/install/ur_description/share/ur_description/meshes/ur10/visual/forearm.dae
[1.513s] -- Up-to-date symlink: /home/nta/workspaces/ur_gazebo/install/ur_description/share/ur_description/meshes/ur10/visual/shoulder.dae
[1.515s] -- Up-to-date symlink: /home/nta/workspaces/ur_gazebo/install/ur_description/share/ur_description/meshes/ur10/visual/upperarm.dae
[1.519s] -- Up-to-date symlink: /home/nta/workspaces/ur_gazebo/install/ur_description/share/ur_description/meshes/ur10/visual/wrist1.dae
[1.521s] -- Up-to-date symlink: /home/nta/workspaces/ur_gazebo/install/ur_description/share/ur_description/meshes/ur10/visual/wrist2.dae
[1.525s] -- Up-to-date symlink: /home/nta/workspaces/ur_gazebo/install/ur_description/share/ur_description/meshes/ur10/visual/wrist3.dae
[1.527s] -- Up-to-date symlink: /home/nta/workspaces/ur_gazebo/install/ur_description/share/ur_description/meshes/ur10e/collision/base.stl
[1.530s] -- Up-to-date symlink: /home/nta/workspaces/ur_gazebo/install/ur_description/share/ur_description/meshes/ur10e/collision/forearm.stl
[1.533s] -- Up-to-date symlink: /home/nta/workspaces/ur_gazebo/install/ur_description/share/ur_description/meshes/ur10e/collision/shoulder.stl
[1.537s] -- Up-to-date symlink: /home/nta/workspaces/ur_gazebo/install/ur_description/share/ur_description/meshes/ur10e/collision/upperarm.stl
[1.541s] -- Up-to-date symlink: /home/nta/workspaces/ur_gazebo/install/ur_description/share/ur_description/meshes/ur10e/collision/wrist1.stl
[1.542s] -- Up-to-date symlink: /home/nta/workspaces/ur_gazebo/install/ur_description/share/ur_description/meshes/ur10e/collision/wrist2.stl
[1.545s] -- Up-to-date symlink: /home/nta/workspaces/ur_gazebo/install/ur_description/share/ur_description/meshes/ur10e/collision/wrist3.stl
[1.550s] -- Up-to-date symlink: /home/nta/workspaces/ur_gazebo/install/ur_description/share/ur_description/meshes/ur10e/visual/base.dae
[1.560s] -- Up-to-date symlink: /home/nta/workspaces/ur_gazebo/install/ur_description/share/ur_description/meshes/ur10e/visual/forearm.dae
[1.567s] -- Up-to-date symlink: /home/nta/workspaces/ur_gazebo/install/ur_description/share/ur_description/meshes/ur10e/visual/shoulder.dae
[1.573s] -- Up-to-date symlink: /home/nta/workspaces/ur_gazebo/install/ur_description/share/ur_description/meshes/ur10e/visual/upperarm.dae
[1.574s] -- Up-to-date symlink: /home/nta/workspaces/ur_gazebo/install/ur_description/share/ur_description/meshes/ur10e/visual/wrist1.dae
[1.575s] -- Up-to-date symlink: /home/nta/workspaces/ur_gazebo/install/ur_description/share/ur_description/meshes/ur10e/visual/wrist2.dae
[1.580s] -- Up-to-date symlink: /home/nta/workspaces/ur_gazebo/install/ur_description/share/ur_description/meshes/ur10e/visual/wrist3.dae
[1.581s] -- Up-to-date symlink: /home/nta/workspaces/ur_gazebo/install/ur_description/share/ur_description/meshes/ur15/LICENSE.txt
[1.585s] -- Up-to-date symlink: /home/nta/workspaces/ur_gazebo/install/ur_description/share/ur_description/meshes/ur15/collision/base.stl
[1.595s] -- Up-to-date symlink: /home/nta/workspaces/ur_gazebo/install/ur_description/share/ur_description/meshes/ur15/collision/forearm.stl
[1.595s] -- Up-to-date symlink: /home/nta/workspaces/ur_gazebo/install/ur_description/share/ur_description/meshes/ur15/collision/shoulder.stl
[1.595s] -- Up-to-date symlink: /home/nta/workspaces/ur_gazebo/install/ur_description/share/ur_description/meshes/ur15/collision/upperarm.stl
[1.597s] -- Up-to-date symlink: /home/nta/workspaces/ur_gazebo/install/ur_description/share/ur_description/meshes/ur15/collision/wrist1.stl
[1.601s] -- Up-to-date symlink: /home/nta/workspaces/ur_gazebo/install/ur_description/share/ur_description/meshes/ur15/collision/wrist2.stl
[1.608s] -- Up-to-date symlink: /home/nta/workspaces/ur_gazebo/install/ur_description/share/ur_description/meshes/ur15/collision/wrist3.stl
[1.612s] -- Up-to-date symlink: /home/nta/workspaces/ur_gazebo/install/ur_description/share/ur_description/meshes/ur15/visual/UR15_DIFF_8bit_2K.jpg
[1.619s] -- Up-to-date symlink: /home/nta/workspaces/ur_gazebo/install/ur_description/share/ur_description/meshes/ur15/visual/base.dae
[1.626s] -- Up-to-date symlink: /home/nta/workspaces/ur_gazebo/install/ur_description/share/ur_description/meshes/ur15/visual/forearm.dae
[1.631s] -- Up-to-date symlink: /home/nta/workspaces/ur_gazebo/install/ur_description/share/ur_description/meshes/ur15/visual/shoulder.dae
[1.635s] -- Up-to-date symlink: /home/nta/workspaces/ur_gazebo/install/ur_description/share/ur_description/meshes/ur15/visual/upperarm.dae
[1.635s] -- Up-to-date symlink: /home/nta/workspaces/ur_gazebo/install/ur_description/share/ur_description/meshes/ur15/visual/wrist1.dae
[1.641s] -- Up-to-date symlink: /home/nta/workspaces/ur_gazebo/install/ur_description/share/ur_description/meshes/ur15/visual/wrist2.dae
[1.645s] -- Up-to-date symlink: /home/nta/workspaces/ur_gazebo/install/ur_description/share/ur_description/meshes/ur15/visual/wrist3.dae
[1.647s] -- Up-to-date symlink: /home/nta/workspaces/ur_gazebo/install/ur_description/share/ur_description/meshes/ur16e/collision/forearm.stl
[1.649s] -- Up-to-date symlink: /home/nta/workspaces/ur_gazebo/install/ur_description/share/ur_description/meshes/ur16e/collision/upperarm.stl
[1.657s] -- Up-to-date symlink: /home/nta/workspaces/ur_gazebo/install/ur_description/share/ur_description/meshes/ur16e/visual/forearm.dae
[1.659s] -- Up-to-date symlink: /home/nta/workspaces/ur_gazebo/install/ur_description/share/ur_description/meshes/ur16e/visual/upperarm.dae
[1.659s] -- Up-to-date symlink: /home/nta/workspaces/ur_gazebo/install/ur_description/share/ur_description/meshes/ur18/LICENSE.txt
[1.661s] -- Up-to-date symlink: /home/nta/workspaces/ur_gazebo/install/ur_description/share/ur_description/meshes/ur18/collision/forearm.stl
[1.665s] -- Up-to-date symlink: /home/nta/workspaces/ur_gazebo/install/ur_description/share/ur_description/meshes/ur18/collision/upperarm.stl
[1.668s] -- Up-to-date symlink: /home/nta/workspaces/ur_gazebo/install/ur_description/share/ur_description/meshes/ur18/visual/UR18_DIFF_8bit_2K.jpg
[1.673s] -- Up-to-date symlink: /home/nta/workspaces/ur_gazebo/install/ur_description/share/ur_description/meshes/ur18/visual/forearm.dae
[1.676s] -- Up-to-date symlink: /home/nta/workspaces/ur_gazebo/install/ur_description/share/ur_description/meshes/ur18/visual/upperarm.dae
[1.679s] -- Up-to-date symlink: /home/nta/workspaces/ur_gazebo/install/ur_description/share/ur_description/meshes/ur20/LICENSE.txt
[1.681s] -- Up-to-date symlink: /home/nta/workspaces/ur_gazebo/install/ur_description/share/ur_description/meshes/ur20/collision/base.stl
[1.686s] -- Up-to-date symlink: /home/nta/workspaces/ur_gazebo/install/ur_description/share/ur_description/meshes/ur20/collision/forearm.stl
[1.691s] -- Up-to-date symlink: /home/nta/workspaces/ur_gazebo/install/ur_description/share/ur_description/meshes/ur20/collision/shoulder.stl
[1.691s] -- Up-to-date symlink: /home/nta/workspaces/ur_gazebo/install/ur_description/share/ur_description/meshes/ur20/collision/upperarm.stl
[1.693s] -- Up-to-date symlink: /home/nta/workspaces/ur_gazebo/install/ur_description/share/ur_description/meshes/ur20/collision/wrist1.stl
[1.698s] -- Up-to-date symlink: /home/nta/workspaces/ur_gazebo/install/ur_description/share/ur_description/meshes/ur20/collision/wrist2.stl
[1.701s] -- Up-to-date symlink: /home/nta/workspaces/ur_gazebo/install/ur_description/share/ur_description/meshes/ur20/collision/wrist3.stl
[1.704s] -- Up-to-date symlink: /home/nta/workspaces/ur_gazebo/install/ur_description/share/ur_description/meshes/ur20/visual/UR20_DIFF_8bit_2K.png
[1.708s] -- Up-to-date symlink: /home/nta/workspaces/ur_gazebo/install/ur_description/share/ur_description/meshes/ur20/visual/base.dae
[1.710s] -- Up-to-date symlink: /home/nta/workspaces/ur_gazebo/install/ur_description/share/ur_description/meshes/ur20/visual/forearm.dae
[1.714s] -- Up-to-date symlink: /home/nta/workspaces/ur_gazebo/install/ur_description/share/ur_description/meshes/ur20/visual/shoulder.dae
[1.717s] -- Up-to-date symlink: /home/nta/workspaces/ur_gazebo/install/ur_description/share/ur_description/meshes/ur20/visual/upperarm.dae
[1.720s] -- Up-to-date symlink: /home/nta/workspaces/ur_gazebo/install/ur_description/share/ur_description/meshes/ur20/visual/wrist1.dae
[1.722s] -- Up-to-date symlink: /home/nta/workspaces/ur_gazebo/install/ur_description/share/ur_description/meshes/ur20/visual/wrist2.dae
[1.726s] -- Up-to-date symlink: /home/nta/workspaces/ur_gazebo/install/ur_description/share/ur_description/meshes/ur20/visual/wrist3.dae
[1.728s] -- Up-to-date symlink: /home/nta/workspaces/ur_gazebo/install/ur_description/share/ur_description/meshes/ur3/collision/base.stl
[1.731s] -- Up-to-date symlink: /home/nta/workspaces/ur_gazebo/install/ur_description/share/ur_description/meshes/ur3/collision/forearm.stl
[1.734s] -- Up-to-date symlink: /home/nta/workspaces/ur_gazebo/install/ur_description/share/ur_description/meshes/ur3/collision/shoulder.stl
[1.737s] -- Up-to-date symlink: /home/nta/workspaces/ur_gazebo/install/ur_description/share/ur_description/meshes/ur3/collision/upperarm.stl
[1.740s] -- Up-to-date symlink: /home/nta/workspaces/ur_gazebo/install/ur_description/share/ur_description/meshes/ur3/collision/wrist1.stl
[1.744s] -- Up-to-date symlink: /home/nta/workspaces/ur_gazebo/install/ur_description/share/ur_description/meshes/ur3/collision/wrist2.stl
[1.745s] -- Up-to-date symlink: /home/nta/workspaces/ur_gazebo/install/ur_description/share/ur_description/meshes/ur3/collision/wrist3.stl
[1.749s] -- Up-to-date symlink: /home/nta/workspaces/ur_gazebo/install/ur_description/share/ur_description/meshes/ur3/visual/base.dae
[1.751s] -- Up-to-date symlink: /home/nta/workspaces/ur_gazebo/install/ur_description/share/ur_description/meshes/ur3/visual/forearm.dae
[1.756s] -- Up-to-date symlink: /home/nta/workspaces/ur_gazebo/install/ur_description/share/ur_description/meshes/ur3/visual/shoulder.dae
[1.762s] -- Up-to-date symlink: /home/nta/workspaces/ur_gazebo/install/ur_description/share/ur_description/meshes/ur3/visual/upperarm.dae
[1.763s] -- Up-to-date symlink: /home/nta/workspaces/ur_gazebo/install/ur_description/share/ur_description/meshes/ur3/visual/wrist1.dae
[1.769s] -- Up-to-date symlink: /home/nta/workspaces/ur_gazebo/install/ur_description/share/ur_description/meshes/ur3/visual/wrist2.dae
[1.769s] -- Up-to-date symlink: /home/nta/workspaces/ur_gazebo/install/ur_description/share/ur_description/meshes/ur3/visual/wrist3.dae
[1.774s] -- Up-to-date symlink: /home/nta/workspaces/ur_gazebo/install/ur_description/share/ur_description/meshes/ur30/LICENSE.txt
[1.778s] -- Up-to-date symlink: /home/nta/workspaces/ur_gazebo/install/ur_description/share/ur_description/meshes/ur30/collision/forearm.stl
[1.784s] -- Up-to-date symlink: /home/nta/workspaces/ur_gazebo/install/ur_description/share/ur_description/meshes/ur30/collision/upperarm.stl
[1.784s] -- Up-to-date symlink: /home/nta/workspaces/ur_gazebo/install/ur_description/share/ur_description/meshes/ur30/visual/UR30_DIFF_8bit_2K.png
[1.788s] -- Up-to-date symlink: /home/nta/workspaces/ur_gazebo/install/ur_description/share/ur_description/meshes/ur30/visual/forearm.dae
[1.790s] -- Up-to-date symlink: /home/nta/workspaces/ur_gazebo/install/ur_description/share/ur_description/meshes/ur30/visual/upperarm.dae
[1.794s] -- Up-to-date symlink: /home/nta/workspaces/ur_gazebo/install/ur_description/share/ur_description/meshes/ur3e/collision/base.stl
[1.801s] -- Up-to-date symlink: /home/nta/workspaces/ur_gazebo/install/ur_description/share/ur_description/meshes/ur3e/collision/forearm.stl
[1.802s] -- Up-to-date symlink: /home/nta/workspaces/ur_gazebo/install/ur_description/share/ur_description/meshes/ur3e/collision/shoulder.stl
[1.809s] -- Up-to-date symlink: /home/nta/workspaces/ur_gazebo/install/ur_description/share/ur_description/meshes/ur3e/collision/upperarm.stl
[1.810s] -- Up-to-date symlink: /home/nta/workspaces/ur_gazebo/install/ur_description/share/ur_description/meshes/ur3e/collision/wrist1.stl
[1.813s] -- Up-to-date symlink: /home/nta/workspaces/ur_gazebo/install/ur_description/share/ur_description/meshes/ur3e/collision/wrist2.stl
[1.819s] -- Up-to-date symlink: /home/nta/workspaces/ur_gazebo/install/ur_description/share/ur_description/meshes/ur3e/collision/wrist3.stl
[1.823s] -- Up-to-date symlink: /home/nta/workspaces/ur_gazebo/install/ur_description/share/ur_description/meshes/ur3e/visual/base.dae
[1.828s] -- Up-to-date symlink: /home/nta/workspaces/ur_gazebo/install/ur_description/share/ur_description/meshes/ur3e/visual/forearm.dae
[1.831s] -- Up-to-date symlink: /home/nta/workspaces/ur_gazebo/install/ur_description/share/ur_description/meshes/ur3e/visual/shoulder.dae
[1.832s] -- Up-to-date symlink: /home/nta/workspaces/ur_gazebo/install/ur_description/share/ur_description/meshes/ur3e/visual/upperarm.dae
[1.842s] -- Up-to-date symlink: /home/nta/workspaces/ur_gazebo/install/ur_description/share/ur_description/meshes/ur3e/visual/wrist1.dae
[1.844s] -- Up-to-date symlink: /home/nta/workspaces/ur_gazebo/install/ur_description/share/ur_description/meshes/ur3e/visual/wrist2.dae
[1.849s] -- Up-to-date symlink: /home/nta/workspaces/ur_gazebo/install/ur_description/share/ur_description/meshes/ur3e/visual/wrist3.dae
[1.850s] -- Up-to-date symlink: /home/nta/workspaces/ur_gazebo/install/ur_description/share/ur_description/meshes/ur5/collision/base.stl
[1.850s] -- Up-to-date symlink: /home/nta/workspaces/ur_gazebo/install/ur_description/share/ur_description/meshes/ur5/collision/forearm.stl
[1.850s] -- Up-to-date symlink: /home/nta/workspaces/ur_gazebo/install/ur_description/share/ur_description/meshes/ur5/collision/shoulder.stl
[1.853s] -- Up-to-date symlink: /home/nta/workspaces/ur_gazebo/install/ur_description/share/ur_description/meshes/ur5/collision/upperarm.stl
[1.855s] -- Up-to-date symlink: /home/nta/workspaces/ur_gazebo/install/ur_description/share/ur_description/meshes/ur5/collision/wrist1.stl
[1.855s] -- Up-to-date symlink: /home/nta/workspaces/ur_gazebo/install/ur_description/share/ur_description/meshes/ur5/collision/wrist2.stl
[1.856s] -- Up-to-date symlink: /home/nta/workspaces/ur_gazebo/install/ur_description/share/ur_description/meshes/ur5/collision/wrist3.stl
[1.856s] -- Up-to-date symlink: /home/nta/workspaces/ur_gazebo/install/ur_description/share/ur_description/meshes/ur5/visual/base.dae
[1.872s] -- Up-to-date symlink: /home/nta/workspaces/ur_gazebo/install/ur_description/share/ur_description/meshes/ur5/visual/forearm.dae
[1.883s] -- Up-to-date symlink: /home/nta/workspaces/ur_gazebo/install/ur_description/share/ur_description/meshes/ur5/visual/shoulder.dae
[1.887s] -- Up-to-date symlink: /home/nta/workspaces/ur_gazebo/install/ur_description/share/ur_description/meshes/ur5/visual/upperarm.dae
[1.888s] -- Up-to-date symlink: /home/nta/workspaces/ur_gazebo/install/ur_description/share/ur_description/meshes/ur5/visual/wrist1.dae
[1.895s] -- Up-to-date symlink: /home/nta/workspaces/ur_gazebo/install/ur_description/share/ur_description/meshes/ur5/visual/wrist2.dae
[1.895s] -- Up-to-date symlink: /home/nta/workspaces/ur_gazebo/install/ur_description/share/ur_description/meshes/ur5/visual/wrist3.dae
[1.895s] -- Up-to-date symlink: /home/nta/workspaces/ur_gazebo/install/ur_description/share/ur_description/meshes/ur5e/collision/base.stl
[1.899s] -- Up-to-date symlink: /home/nta/workspaces/ur_gazebo/install/ur_description/share/ur_description/meshes/ur5e/collision/forearm.stl
[1.900s] -- Up-to-date symlink: /home/nta/workspaces/ur_gazebo/install/ur_description/share/ur_description/meshes/ur5e/collision/shoulder.stl
[1.905s] -- Up-to-date symlink: /home/nta/workspaces/ur_gazebo/install/ur_description/share/ur_description/meshes/ur5e/collision/upperarm.stl
[1.907s] -- Up-to-date symlink: /home/nta/workspaces/ur_gazebo/install/ur_description/share/ur_description/meshes/ur5e/collision/wrist1.stl
[1.916s] -- Up-to-date symlink: /home/nta/workspaces/ur_gazebo/install/ur_description/share/ur_description/meshes/ur5e/collision/wrist2.stl
[1.916s] -- Up-to-date symlink: /home/nta/workspaces/ur_gazebo/install/ur_description/share/ur_description/meshes/ur5e/collision/wrist3.stl
[1.921s] -- Up-to-date symlink: /home/nta/workspaces/ur_gazebo/install/ur_description/share/ur_description/meshes/ur5e/visual/base.dae
[1.921s] -- Up-to-date symlink: /home/nta/workspaces/ur_gazebo/install/ur_description/share/ur_description/meshes/ur5e/visual/forearm.dae
[1.922s] -- Up-to-date symlink: /home/nta/workspaces/ur_gazebo/install/ur_description/share/ur_description/meshes/ur5e/visual/shoulder.dae
[1.926s] -- Up-to-date symlink: /home/nta/workspaces/ur_gazebo/install/ur_description/share/ur_description/meshes/ur5e/visual/upperarm.dae
[1.927s] -- Up-to-date symlink: /home/nta/workspaces/ur_gazebo/install/ur_description/share/ur_description/meshes/ur5e/visual/wrist1.dae
[1.930s] -- Up-to-date symlink: /home/nta/workspaces/ur_gazebo/install/ur_description/share/ur_description/meshes/ur5e/visual/wrist2.dae
[1.948s] -- Up-to-date symlink: /home/nta/workspaces/ur_gazebo/install/ur_description/share/ur_description/meshes/ur5e/visual/wrist3.dae
[1.968s] -- Up-to-date symlink: /home/nta/workspaces/ur_gazebo/install/ur_description/share/ur_description/meshes/ur8long/LICENSE.txt
[1.968s] -- Up-to-date symlink: /home/nta/workspaces/ur_gazebo/install/ur_description/share/ur_description/meshes/ur8long/collision/forearm.stl
[1.969s] -- Up-to-date symlink: /home/nta/workspaces/ur_gazebo/install/ur_description/share/ur_description/meshes/ur8long/collision/upperarm.stl
[1.974s] -- Up-to-date symlink: /home/nta/workspaces/ur_gazebo/install/ur_description/share/ur_description/meshes/ur8long/visual/UR8Long_DIFF_8bit_2K.jpg
[1.974s] -- Up-to-date symlink: /home/nta/workspaces/ur_gazebo/install/ur_description/share/ur_description/meshes/ur8long/visual/forearm.dae
[1.979s] -- Up-to-date symlink: /home/nta/workspaces/ur_gazebo/install/ur_description/share/ur_description/meshes/ur8long/visual/upperarm.dae
[1.983s] -- Up-to-date symlink: /home/nta/workspaces/ur_gazebo/install/ur_description/share/ur_description/rviz/view_robot.rviz
[1.996s] -- Up-to-date symlink: /home/nta/workspaces/ur_gazebo/install/ur_description/share/ur_description/urdf/inc/ur_common.xacro
[2.000s] -- Up-to-date symlink: /home/nta/workspaces/ur_gazebo/install/ur_description/share/ur_description/urdf/inc/ur_transmissions.xacro
[2.001s] -- Up-to-date symlink: /home/nta/workspaces/ur_gazebo/install/ur_description/share/ur_description/urdf/ur.ros2_control.xacro
[2.001s] -- Up-to-date symlink: /home/nta/workspaces/ur_gazebo/install/ur_description/share/ur_description/urdf/ur.urdf.xacro
[2.004s] -- Up-to-date symlink: /home/nta/workspaces/ur_gazebo/install/ur_description/share/ur_description/urdf/ur_macro.xacro
[2.006s] -- Up-to-date symlink: /home/nta/workspaces/ur_gazebo/install/ur_description/share/ur_description/test/test_ur_urdf_xacro.py
[2.013s] -- Up-to-date symlink: /home/nta/workspaces/ur_gazebo/install/ur_description/share/ur_description/test/test_view_ur_launch.py
[2.014s] -- Up-to-date symlink: /home/nta/workspaces/ur_gazebo/install/ur_description/share/ament_index/resource_index/package_run_dependencies/ur_description
[2.017s] -- Up-to-date symlink: /home/nta/workspaces/ur_gazebo/install/ur_description/share/ament_index/resource_index/parent_prefix_path/ur_description
[2.021s] -- Up-to-date symlink: /home/nta/workspaces/ur_gazebo/install/ur_description/share/ur_description/environment/ament_prefix_path.sh
[2.025s] -- Up-to-date symlink: /home/nta/workspaces/ur_gazebo/install/ur_description/share/ur_description/environment/ament_prefix_path.dsv
[2.029s] -- Up-to-date symlink: /home/nta/workspaces/ur_gazebo/install/ur_description/share/ur_description/environment/path.sh
[2.034s] -- Up-to-date symlink: /home/nta/workspaces/ur_gazebo/install/ur_description/share/ur_description/environment/path.dsv
[2.038s] -- Up-to-date symlink: /home/nta/workspaces/ur_gazebo/install/ur_description/share/ur_description/local_setup.bash
[2.041s] -- Up-to-date symlink: /home/nta/workspaces/ur_gazebo/install/ur_description/share/ur_description/local_setup.sh
[2.042s] -- Up-to-date symlink: /home/nta/workspaces/ur_gazebo/install/ur_description/share/ur_description/local_setup.zsh
[2.045s] -- Up-to-date symlink: /home/nta/workspaces/ur_gazebo/install/ur_description/share/ur_description/local_setup.dsv
[2.046s] -- Symlinking: /home/nta/workspaces/ur_gazebo/install/ur_description/share/ur_description/package.dsv
[2.110s] -- Up-to-date symlink: /home/nta/workspaces/ur_gazebo/install/ur_description/share/ament_index/resource_index/packages/ur_description
[2.114s] -- Up-to-date symlink: /home/nta/workspaces/ur_gazebo/install/ur_description/share/ur_description/cmake/ur_descriptionConfig.cmake
[2.117s] -- Up-to-date symlink: /home/nta/workspaces/ur_gazebo/install/ur_description/share/ur_description/cmake/ur_descriptionConfig-version.cmake
[2.125s] -- Up-to-date symlink: /home/nta/workspaces/ur_gazebo/install/ur_description/share/ur_description/package.xml
[2.135s] Invoked command in '/home/nta/workspaces/ur_gazebo/build/ur_description' returned '0': CMAKE_PREFIX_PATH=${CMAKE_PREFIX_PATH}:/home/nta/workspaces/ur_gazebo/install/my_controller:/opt/ros/humble /usr/bin/cmake --install /home/nta/workspaces/ur_gazebo/build/ur_description
