[0.117s] Invoking command in '/home/nta/workspaces/ur_gazebo/build/ur_simulation_gazebo': CMAKE_PREFIX_PATH=/home/nta/workspaces/ur_gazebo/install/ur_description:/home/nta/workspaces/ur_gazebo/install/ur_simulation_gazebo:/home/nta/workspaces/ur_gazebo/install/my_controller:/opt/ros/humble /usr/bin/cmake --build /home/nta/workspaces/ur_gazebo/build/ur_simulation_gazebo -- -j4 -l4
[0.454s] Invoked command in '/home/nta/workspaces/ur_gazebo/build/ur_simulation_gazebo' returned '0': CMAKE_PREFIX_PATH=/home/nta/workspaces/ur_gazebo/install/ur_description:/home/nta/workspaces/ur_gazebo/install/ur_simulation_gazebo:/home/nta/workspaces/ur_gazebo/install/my_controller:/opt/ros/humble /usr/bin/cmake --build /home/nta/workspaces/ur_gazebo/build/ur_simulation_gazebo -- -j4 -l4
[0.470s] Invoking command in '/home/nta/workspaces/ur_gazebo/build/ur_simulation_gazebo': CMAKE_PREFIX_PATH=/home/nta/workspaces/ur_gazebo/install/ur_description:/home/nta/workspaces/ur_gazebo/install/ur_simulation_gazebo:/home/nta/workspaces/ur_gazebo/install/my_controller:/opt/ros/humble /usr/bin/cmake --install /home/nta/workspaces/ur_gazebo/build/ur_simulation_gazebo
[0.554s] -- Install configuration: ""
[0.559s] -- Execute custom install script
[0.565s] -- Up-to-date symlink: /home/nta/workspaces/ur_gazebo/install/ur_simulation_gazebo/share/ur_simulation_gazebo/config/ur_controllers.yaml
[0.574s] -- Up-to-date symlink: /home/nta/workspaces/ur_gazebo/install/ur_simulation_gazebo/share/ur_simulation_gazebo/launch/ur_sim_control.launch.py
[0.582s] -- Up-to-date symlink: /home/nta/workspaces/ur_gazebo/install/ur_simulation_gazebo/share/ur_simulation_gazebo/launch/ur_sim_moveit.launch.py
[0.587s] -- Up-to-date symlink: /home/nta/workspaces/ur_gazebo/install/ur_simulation_gazebo/share/ament_index/resource_index/package_run_dependencies/ur_simulation_gazebo
[0.595s] -- Up-to-date symlink: /home/nta/workspaces/ur_gazebo/install/ur_simulation_gazebo/share/ament_index/resource_index/parent_prefix_path/ur_simulation_gazebo
[0.596s] -- Up-to-date symlink: /home/nta/workspaces/ur_gazebo/install/ur_simulation_gazebo/share/ur_simulation_gazebo/environment/ament_prefix_path.sh
[0.596s] -- Up-to-date symlink: /home/nta/workspaces/ur_gazebo/install/ur_simulation_gazebo/share/ur_simulation_gazebo/environment/ament_prefix_path.dsv
[0.598s] -- Up-to-date symlink: /home/nta/workspaces/ur_gazebo/install/ur_simulation_gazebo/share/ur_simulation_gazebo/environment/path.sh
[0.601s] -- Up-to-date symlink: /home/nta/workspaces/ur_gazebo/install/ur_simulation_gazebo/share/ur_simulation_gazebo/environment/path.dsv
[0.601s] -- Up-to-date symlink: /home/nta/workspaces/ur_gazebo/install/ur_simulation_gazebo/share/ur_simulation_gazebo/local_setup.bash
[0.602s] -- Up-to-date symlink: /home/nta/workspaces/ur_gazebo/install/ur_simulation_gazebo/share/ur_simulation_gazebo/local_setup.sh
[0.602s] -- Up-to-date symlink: /home/nta/workspaces/ur_gazebo/install/ur_simulation_gazebo/share/ur_simulation_gazebo/local_setup.zsh
[0.602s] -- Up-to-date symlink: /home/nta/workspaces/ur_gazebo/install/ur_simulation_gazebo/share/ur_simulation_gazebo/local_setup.dsv
[0.603s] -- Symlinking: /home/nta/workspaces/ur_gazebo/install/ur_simulation_gazebo/share/ur_simulation_gazebo/package.dsv
[0.664s] -- Up-to-date symlink: /home/nta/workspaces/ur_gazebo/install/ur_simulation_gazebo/share/ament_index/resource_index/packages/ur_simulation_gazebo
[0.667s] -- Up-to-date symlink: /home/nta/workspaces/ur_gazebo/install/ur_simulation_gazebo/share/ur_simulation_gazebo/cmake/ur_simulation_gazeboConfig.cmake
[0.668s] -- Up-to-date symlink: /home/nta/workspaces/ur_gazebo/install/ur_simulation_gazebo/share/ur_simulation_gazebo/cmake/ur_simulation_gazeboConfig-version.cmake
[0.673s] -- Up-to-date symlink: /home/nta/workspaces/ur_gazebo/install/ur_simulation_gazebo/share/ur_simulation_gazebo/package.xml
[0.684s] Invoked command in '/home/nta/workspaces/ur_gazebo/build/ur_simulation_gazebo' returned '0': CMAKE_PREFIX_PATH=/home/nta/workspaces/ur_gazebo/install/ur_description:/home/nta/workspaces/ur_gazebo/install/ur_simulation_gazebo:/home/nta/workspaces/ur_gazebo/install/my_controller:/opt/ros/humble /usr/bin/cmake --install /home/nta/workspaces/ur_gazebo/build/ur_simulation_gazebo
