running develop
running egg_info
creating my_controller.egg-info
writing my_controller.egg-info/PKG-INFO
writing dependency_links to my_controller.egg-info/dependency_links.txt
writing entry points to my_controller.egg-info/entry_points.txt
writing requirements to my_controller.egg-info/requires.txt
writing top-level names to my_controller.egg-info/top_level.txt
writing manifest file 'my_controller.egg-info/SOURCES.txt'
reading manifest file 'my_controller.egg-info/SOURCES.txt'
writing manifest file 'my_controller.egg-info/SOURCES.txt'
running build_ext
Creating /home/nta/workspaces/ur_gazebo/install/my_controller/lib/python3.10/site-packages/my-controller.egg-link (link to .)
Installing controller script to /home/nta/workspaces/ur_gazebo/install/my_controller/lib/controller

Installed /home/nta/workspaces/ur_gazebo/build/my_controller
running symlink_data
creating /home/nta/workspaces/ur_gazebo/install/my_controller/share/ament_index
creating /home/nta/workspaces/ur_gazebo/install/my_controller/share/ament_index/resource_index
creating /home/nta/workspaces/ur_gazebo/install/my_controller/share/ament_index/resource_index/packages
error: can't copy '/home/nta/workspaces/ur_gazebo/build/my_controller/resource/my_controller': doesn't exist or not a regular file
