[0.145s] DEBUG:colcon:Command line arguments: ['/usr/bin/colcon', 'build', '--symlink-install']
[0.146s] DEBUG:colcon:Parsed command line arguments: Namespace(log_base=None, log_level=None, verb_name='build', build_base='build', install_base='install', merge_install=False, symlink_install=True, test_result_base=None, continue_on_error=False, executor='parallel', parallel_workers=4, event_handlers=None, ignore_user_meta=False, metas=['./colcon.meta'], base_paths=['.'], packages_ignore=None, packages_ignore_regex=None, paths=None, packages_up_to=None, packages_up_to_regex=None, packages_above=None, packages_above_and_dependencies=None, packages_above_depth=None, packages_select_by_dep=None, packages_skip_by_dep=None, packages_skip_up_to=None, packages_select_build_failed=False, packages_skip_build_finished=False, packages_select_test_failures=False, packages_skip_test_passed=False, packages_select=None, packages_skip=None, packages_select_regex=None, packages_skip_regex=None, packages_start=None, packages_end=None, allow_overriding=[], cmake_args=None, cmake_target=None, cmake_target_skip_unavailable=False, cmake_clean_cache=False, cmake_clean_first=False, cmake_force_configure=False, ament_cmake_args=None, catkin_cmake_args=None, catkin_skip_building_tests=False, mixin_files=None, mixin=None, verb_parser=<colcon_mixin.mixin.mixin_argument.MixinArgumentDecorator object at 0x73a4e7a5a020>, verb_extension=<colcon_core.verb.build.BuildVerb object at 0x73a4e7bd3580>, main=<bound method BuildVerb.main of <colcon_core.verb.build.BuildVerb object at 0x73a4e7bd3580>>, mixin_verb=('build',))
[0.344s] Level 1:colcon.colcon_core.package_discovery:discover_packages(colcon_meta) check parameters
[0.345s] Level 1:colcon.colcon_core.package_discovery:discover_packages(recursive) check parameters
[0.345s] Level 1:colcon.colcon_core.package_discovery:discover_packages(ignore) check parameters
[0.345s] Level 1:colcon.colcon_core.package_discovery:discover_packages(path) check parameters
[0.345s] Level 1:colcon.colcon_core.package_discovery:discover_packages(colcon_meta) discover
[0.345s] Level 1:colcon.colcon_core.package_discovery:discover_packages(recursive) discover
[0.345s] INFO:colcon.colcon_core.package_discovery:Crawling recursively for packages in '/home/nta/workspaces/ur_gazebo'
[0.345s] Level 1:colcon.colcon_core.package_identification:_identify(.) by extensions ['ignore', 'ignore_ament_install']
[0.345s] Level 1:colcon.colcon_core.package_identification:_identify(.) by extension 'ignore'
[0.345s] Level 1:colcon.colcon_core.package_identification:_identify(.) by extension 'ignore_ament_install'
[0.345s] Level 1:colcon.colcon_core.package_identification:_identify(.) by extensions ['colcon_pkg']
[0.345s] Level 1:colcon.colcon_core.package_identification:_identify(.) by extension 'colcon_pkg'
[0.345s] Level 1:colcon.colcon_core.package_identification:_identify(.) by extensions ['colcon_meta']
[0.345s] Level 1:colcon.colcon_core.package_identification:_identify(.) by extension 'colcon_meta'
[0.346s] Level 1:colcon.colcon_core.package_identification:_identify(.) by extensions ['ros']
[0.346s] Level 1:colcon.colcon_core.package_identification:_identify(.) by extension 'ros'
[0.397s] Level 1:colcon.colcon_core.package_identification:_identify(.) by extensions ['cmake', 'python']
[0.397s] Level 1:colcon.colcon_core.package_identification:_identify(.) by extension 'cmake'
[0.397s] Level 1:colcon.colcon_core.package_identification:_identify(.) by extension 'python'
[0.397s] Level 1:colcon.colcon_core.package_identification:_identify(.) by extensions ['python_setup_py']
[0.397s] Level 1:colcon.colcon_core.package_identification:_identify(.) by extension 'python_setup_py'
[0.397s] Level 1:colcon.colcon_core.package_identification:_identify(build) by extensions ['ignore', 'ignore_ament_install']
[0.397s] Level 1:colcon.colcon_core.package_identification:_identify(build) by extension 'ignore'
[0.397s] Level 1:colcon.colcon_core.package_identification:_identify(build) ignored
[0.398s] Level 1:colcon.colcon_core.package_identification:_identify(install) by extensions ['ignore', 'ignore_ament_install']
[0.398s] Level 1:colcon.colcon_core.package_identification:_identify(install) by extension 'ignore'
[0.398s] Level 1:colcon.colcon_core.package_identification:_identify(install) ignored
[0.398s] Level 1:colcon.colcon_core.package_identification:_identify(log) by extensions ['ignore', 'ignore_ament_install']
[0.399s] Level 1:colcon.colcon_core.package_identification:_identify(log) by extension 'ignore'
[0.399s] Level 1:colcon.colcon_core.package_identification:_identify(log) ignored
[0.399s] Level 1:colcon.colcon_core.package_identification:_identify(src) by extensions ['ignore', 'ignore_ament_install']
[0.399s] Level 1:colcon.colcon_core.package_identification:_identify(src) by extension 'ignore'
[0.399s] Level 1:colcon.colcon_core.package_identification:_identify(src) by extension 'ignore_ament_install'
[0.399s] Level 1:colcon.colcon_core.package_identification:_identify(src) by extensions ['colcon_pkg']
[0.399s] Level 1:colcon.colcon_core.package_identification:_identify(src) by extension 'colcon_pkg'
[0.399s] Level 1:colcon.colcon_core.package_identification:_identify(src) by extensions ['colcon_meta']
[0.399s] Level 1:colcon.colcon_core.package_identification:_identify(src) by extension 'colcon_meta'
[0.399s] Level 1:colcon.colcon_core.package_identification:_identify(src) by extensions ['ros']
[0.399s] Level 1:colcon.colcon_core.package_identification:_identify(src) by extension 'ros'
[0.400s] Level 1:colcon.colcon_core.package_identification:_identify(src) by extensions ['cmake', 'python']
[0.400s] Level 1:colcon.colcon_core.package_identification:_identify(src) by extension 'cmake'
[0.400s] Level 1:colcon.colcon_core.package_identification:_identify(src) by extension 'python'
[0.400s] Level 1:colcon.colcon_core.package_identification:_identify(src) by extensions ['python_setup_py']
[0.400s] Level 1:colcon.colcon_core.package_identification:_identify(src) by extension 'python_setup_py'
[0.400s] Level 1:colcon.colcon_core.package_identification:_identify(src/Universal_Robots_ROS2_Description) by extensions ['ignore', 'ignore_ament_install']
[0.400s] Level 1:colcon.colcon_core.package_identification:_identify(src/Universal_Robots_ROS2_Description) by extension 'ignore'
[0.400s] Level 1:colcon.colcon_core.package_identification:_identify(src/Universal_Robots_ROS2_Description) by extension 'ignore_ament_install'
[0.400s] Level 1:colcon.colcon_core.package_identification:_identify(src/Universal_Robots_ROS2_Description) by extensions ['colcon_pkg']
[0.401s] Level 1:colcon.colcon_core.package_identification:_identify(src/Universal_Robots_ROS2_Description) by extension 'colcon_pkg'
[0.401s] Level 1:colcon.colcon_core.package_identification:_identify(src/Universal_Robots_ROS2_Description) by extensions ['colcon_meta']
[0.401s] Level 1:colcon.colcon_core.package_identification:_identify(src/Universal_Robots_ROS2_Description) by extension 'colcon_meta'
[0.401s] Level 1:colcon.colcon_core.package_identification:_identify(src/Universal_Robots_ROS2_Description) by extensions ['ros']
[0.401s] Level 1:colcon.colcon_core.package_identification:_identify(src/Universal_Robots_ROS2_Description) by extension 'ros'
[0.405s] DEBUG:colcon.colcon_core.package_identification:Package 'src/Universal_Robots_ROS2_Description' with type 'ros.ament_cmake' and name 'ur_description'
[0.406s] Level 1:colcon.colcon_core.package_identification:_identify(src/Universal_Robots_ROS2_Gazebo_Simulation) by extensions ['ignore', 'ignore_ament_install']
[0.406s] Level 1:colcon.colcon_core.package_identification:_identify(src/Universal_Robots_ROS2_Gazebo_Simulation) by extension 'ignore'
[0.406s] Level 1:colcon.colcon_core.package_identification:_identify(src/Universal_Robots_ROS2_Gazebo_Simulation) by extension 'ignore_ament_install'
[0.406s] Level 1:colcon.colcon_core.package_identification:_identify(src/Universal_Robots_ROS2_Gazebo_Simulation) by extensions ['colcon_pkg']
[0.406s] Level 1:colcon.colcon_core.package_identification:_identify(src/Universal_Robots_ROS2_Gazebo_Simulation) by extension 'colcon_pkg'
[0.406s] Level 1:colcon.colcon_core.package_identification:_identify(src/Universal_Robots_ROS2_Gazebo_Simulation) by extensions ['colcon_meta']
[0.406s] Level 1:colcon.colcon_core.package_identification:_identify(src/Universal_Robots_ROS2_Gazebo_Simulation) by extension 'colcon_meta'
[0.407s] Level 1:colcon.colcon_core.package_identification:_identify(src/Universal_Robots_ROS2_Gazebo_Simulation) by extensions ['ros']
[0.407s] Level 1:colcon.colcon_core.package_identification:_identify(src/Universal_Robots_ROS2_Gazebo_Simulation) by extension 'ros'
[0.407s] Level 1:colcon.colcon_core.package_identification:_identify(src/Universal_Robots_ROS2_Gazebo_Simulation) by extensions ['cmake', 'python']
[0.407s] Level 1:colcon.colcon_core.package_identification:_identify(src/Universal_Robots_ROS2_Gazebo_Simulation) by extension 'cmake'
[0.407s] Level 1:colcon.colcon_core.package_identification:_identify(src/Universal_Robots_ROS2_Gazebo_Simulation) by extension 'python'
[0.407s] Level 1:colcon.colcon_core.package_identification:_identify(src/Universal_Robots_ROS2_Gazebo_Simulation) by extensions ['python_setup_py']
[0.407s] Level 1:colcon.colcon_core.package_identification:_identify(src/Universal_Robots_ROS2_Gazebo_Simulation) by extension 'python_setup_py'
[0.407s] Level 1:colcon.colcon_core.package_identification:_identify(src/Universal_Robots_ROS2_Gazebo_Simulation/ur_simulation_gazebo) by extensions ['ignore', 'ignore_ament_install']
[0.407s] Level 1:colcon.colcon_core.package_identification:_identify(src/Universal_Robots_ROS2_Gazebo_Simulation/ur_simulation_gazebo) by extension 'ignore'
[0.408s] Level 1:colcon.colcon_core.package_identification:_identify(src/Universal_Robots_ROS2_Gazebo_Simulation/ur_simulation_gazebo) by extension 'ignore_ament_install'
[0.408s] Level 1:colcon.colcon_core.package_identification:_identify(src/Universal_Robots_ROS2_Gazebo_Simulation/ur_simulation_gazebo) by extensions ['colcon_pkg']
[0.408s] Level 1:colcon.colcon_core.package_identification:_identify(src/Universal_Robots_ROS2_Gazebo_Simulation/ur_simulation_gazebo) by extension 'colcon_pkg'
[0.408s] Level 1:colcon.colcon_core.package_identification:_identify(src/Universal_Robots_ROS2_Gazebo_Simulation/ur_simulation_gazebo) by extensions ['colcon_meta']
[0.408s] Level 1:colcon.colcon_core.package_identification:_identify(src/Universal_Robots_ROS2_Gazebo_Simulation/ur_simulation_gazebo) by extension 'colcon_meta'
[0.408s] Level 1:colcon.colcon_core.package_identification:_identify(src/Universal_Robots_ROS2_Gazebo_Simulation/ur_simulation_gazebo) by extensions ['ros']
[0.408s] Level 1:colcon.colcon_core.package_identification:_identify(src/Universal_Robots_ROS2_Gazebo_Simulation/ur_simulation_gazebo) by extension 'ros'
[0.409s] DEBUG:colcon.colcon_core.package_identification:Package 'src/Universal_Robots_ROS2_Gazebo_Simulation/ur_simulation_gazebo' with type 'ros.ament_cmake' and name 'ur_simulation_gazebo'
[0.409s] Level 1:colcon.colcon_core.package_identification:_identify(src/controller) by extensions ['ignore', 'ignore_ament_install']
[0.410s] Level 1:colcon.colcon_core.package_identification:_identify(src/controller) by extension 'ignore'
[0.410s] Level 1:colcon.colcon_core.package_identification:_identify(src/controller) by extension 'ignore_ament_install'
[0.410s] Level 1:colcon.colcon_core.package_identification:_identify(src/controller) by extensions ['colcon_pkg']
[0.410s] Level 1:colcon.colcon_core.package_identification:_identify(src/controller) by extension 'colcon_pkg'
[0.410s] Level 1:colcon.colcon_core.package_identification:_identify(src/controller) by extensions ['colcon_meta']
[0.410s] Level 1:colcon.colcon_core.package_identification:_identify(src/controller) by extension 'colcon_meta'
[0.410s] Level 1:colcon.colcon_core.package_identification:_identify(src/controller) by extensions ['ros']
[0.410s] Level 1:colcon.colcon_core.package_identification:_identify(src/controller) by extension 'ros'
[0.411s] DEBUG:colcon.colcon_core.package_identification:Package 'src/controller' with type 'ros.ament_python' and name 'my_controller'
[0.412s] Level 1:colcon.colcon_core.package_discovery:discover_packages(recursive) using defaults
[0.412s] Level 1:colcon.colcon_core.package_discovery:discover_packages(ignore) discover
[0.412s] Level 1:colcon.colcon_core.package_discovery:discover_packages(ignore) using defaults
[0.412s] Level 1:colcon.colcon_core.package_discovery:discover_packages(path) discover
[0.412s] Level 1:colcon.colcon_core.package_discovery:discover_packages(path) using defaults
[0.443s] Level 1:colcon.colcon_core.package_discovery:discover_packages(prefix_path) check parameters
[0.444s] Level 1:colcon.colcon_core.package_discovery:discover_packages(prefix_path) discover
[0.450s] DEBUG:colcon.colcon_installed_package_information.package_discovery:Found 271 installed packages in /opt/ros/humble
[0.452s] Level 1:colcon.colcon_core.package_discovery:discover_packages(prefix_path) using defaults
[0.496s] Level 5:colcon.colcon_core.verb:set package 'my_controller' build argument 'cmake_args' from command line to 'None'
[0.496s] Level 5:colcon.colcon_core.verb:set package 'my_controller' build argument 'cmake_target' from command line to 'None'
[0.497s] Level 5:colcon.colcon_core.verb:set package 'my_controller' build argument 'cmake_target_skip_unavailable' from command line to 'False'
[0.497s] Level 5:colcon.colcon_core.verb:set package 'my_controller' build argument 'cmake_clean_cache' from command line to 'False'
[0.497s] Level 5:colcon.colcon_core.verb:set package 'my_controller' build argument 'cmake_clean_first' from command line to 'False'
[0.497s] Level 5:colcon.colcon_core.verb:set package 'my_controller' build argument 'cmake_force_configure' from command line to 'False'
[0.497s] Level 5:colcon.colcon_core.verb:set package 'my_controller' build argument 'ament_cmake_args' from command line to 'None'
[0.497s] Level 5:colcon.colcon_core.verb:set package 'my_controller' build argument 'catkin_cmake_args' from command line to 'None'
[0.497s] Level 5:colcon.colcon_core.verb:set package 'my_controller' build argument 'catkin_skip_building_tests' from command line to 'False'
[0.497s] DEBUG:colcon.colcon_core.verb:Building package 'my_controller' with the following arguments: {'ament_cmake_args': None, 'build_base': '/home/nta/workspaces/ur_gazebo/build/my_controller', 'catkin_cmake_args': None, 'catkin_skip_building_tests': False, 'cmake_args': None, 'cmake_clean_cache': False, 'cmake_clean_first': False, 'cmake_force_configure': False, 'cmake_target': None, 'cmake_target_skip_unavailable': False, 'install_base': '/home/nta/workspaces/ur_gazebo/install/my_controller', 'merge_install': False, 'path': '/home/nta/workspaces/ur_gazebo/src/controller', 'symlink_install': True, 'test_result_base': None}
[0.497s] Level 5:colcon.colcon_core.verb:set package 'ur_description' build argument 'cmake_args' from command line to 'None'
[0.498s] Level 5:colcon.colcon_core.verb:set package 'ur_description' build argument 'cmake_target' from command line to 'None'
[0.498s] Level 5:colcon.colcon_core.verb:set package 'ur_description' build argument 'cmake_target_skip_unavailable' from command line to 'False'
[0.498s] Level 5:colcon.colcon_core.verb:set package 'ur_description' build argument 'cmake_clean_cache' from command line to 'False'
[0.498s] Level 5:colcon.colcon_core.verb:set package 'ur_description' build argument 'cmake_clean_first' from command line to 'False'
[0.498s] Level 5:colcon.colcon_core.verb:set package 'ur_description' build argument 'cmake_force_configure' from command line to 'False'
[0.498s] Level 5:colcon.colcon_core.verb:set package 'ur_description' build argument 'ament_cmake_args' from command line to 'None'
[0.498s] Level 5:colcon.colcon_core.verb:set package 'ur_description' build argument 'catkin_cmake_args' from command line to 'None'
[0.498s] Level 5:colcon.colcon_core.verb:set package 'ur_description' build argument 'catkin_skip_building_tests' from command line to 'False'
[0.498s] DEBUG:colcon.colcon_core.verb:Building package 'ur_description' with the following arguments: {'ament_cmake_args': None, 'build_base': '/home/nta/workspaces/ur_gazebo/build/ur_description', 'catkin_cmake_args': None, 'catkin_skip_building_tests': False, 'cmake_args': None, 'cmake_clean_cache': False, 'cmake_clean_first': False, 'cmake_force_configure': False, 'cmake_target': None, 'cmake_target_skip_unavailable': False, 'install_base': '/home/nta/workspaces/ur_gazebo/install/ur_description', 'merge_install': False, 'path': '/home/nta/workspaces/ur_gazebo/src/Universal_Robots_ROS2_Description', 'symlink_install': True, 'test_result_base': None}
[0.498s] Level 5:colcon.colcon_core.verb:set package 'ur_simulation_gazebo' build argument 'cmake_args' from command line to 'None'
[0.498s] Level 5:colcon.colcon_core.verb:set package 'ur_simulation_gazebo' build argument 'cmake_target' from command line to 'None'
[0.499s] Level 5:colcon.colcon_core.verb:set package 'ur_simulation_gazebo' build argument 'cmake_target_skip_unavailable' from command line to 'False'
[0.499s] Level 5:colcon.colcon_core.verb:set package 'ur_simulation_gazebo' build argument 'cmake_clean_cache' from command line to 'False'
[0.499s] Level 5:colcon.colcon_core.verb:set package 'ur_simulation_gazebo' build argument 'cmake_clean_first' from command line to 'False'
[0.499s] Level 5:colcon.colcon_core.verb:set package 'ur_simulation_gazebo' build argument 'cmake_force_configure' from command line to 'False'
[0.499s] Level 5:colcon.colcon_core.verb:set package 'ur_simulation_gazebo' build argument 'ament_cmake_args' from command line to 'None'
[0.499s] Level 5:colcon.colcon_core.verb:set package 'ur_simulation_gazebo' build argument 'catkin_cmake_args' from command line to 'None'
[0.499s] Level 5:colcon.colcon_core.verb:set package 'ur_simulation_gazebo' build argument 'catkin_skip_building_tests' from command line to 'False'
[0.499s] DEBUG:colcon.colcon_core.verb:Building package 'ur_simulation_gazebo' with the following arguments: {'ament_cmake_args': None, 'build_base': '/home/nta/workspaces/ur_gazebo/build/ur_simulation_gazebo', 'catkin_cmake_args': None, 'catkin_skip_building_tests': False, 'cmake_args': None, 'cmake_clean_cache': False, 'cmake_clean_first': False, 'cmake_force_configure': False, 'cmake_target': None, 'cmake_target_skip_unavailable': False, 'install_base': '/home/nta/workspaces/ur_gazebo/install/ur_simulation_gazebo', 'merge_install': False, 'path': '/home/nta/workspaces/ur_gazebo/src/Universal_Robots_ROS2_Gazebo_Simulation/ur_simulation_gazebo', 'symlink_install': True, 'test_result_base': None}
[0.499s] INFO:colcon.colcon_core.executor:Executing jobs using 'parallel' executor
[0.502s] DEBUG:colcon.colcon_parallel_executor.executor.parallel:run_until_complete
[0.502s] INFO:colcon.colcon_ros.task.ament_cmake.build:Building ROS package in '/home/nta/workspaces/ur_gazebo/src/Universal_Robots_ROS2_Description' with build type 'ament_cmake'
[0.503s] INFO:colcon.colcon_cmake.task.cmake.build:Building CMake package in '/home/nta/workspaces/ur_gazebo/src/Universal_Robots_ROS2_Description'
[0.506s] INFO:colcon.colcon_core.plugin_system:Skipping extension 'colcon_core.shell.bat': Not used on non-Windows systems
[0.506s] INFO:colcon.colcon_core.shell:Skip shell extension 'powershell' for command environment: Not usable outside of PowerShell
[0.506s] DEBUG:colcon.colcon_core.shell:Skip shell extension 'dsv' for command environment
[0.512s] INFO:colcon.colcon_ros.task.ament_python.build:Building ROS package in '/home/nta/workspaces/ur_gazebo/src/controller' with build type 'ament_python'
[0.512s] Level 1:colcon.colcon_core.shell:create_environment_hook('my_controller', 'ament_prefix_path')
[0.513s] INFO:colcon.colcon_core.shell:Creating environment hook '/home/nta/workspaces/ur_gazebo/install/my_controller/share/my_controller/hook/ament_prefix_path.ps1'
[0.515s] INFO:colcon.colcon_core.shell:Creating environment descriptor '/home/nta/workspaces/ur_gazebo/install/my_controller/share/my_controller/hook/ament_prefix_path.dsv'
[0.516s] INFO:colcon.colcon_core.shell:Creating environment hook '/home/nta/workspaces/ur_gazebo/install/my_controller/share/my_controller/hook/ament_prefix_path.sh'
[0.519s] INFO:colcon.colcon_core.shell:Skip shell extension 'powershell' for command environment: Not usable outside of PowerShell
[0.519s] DEBUG:colcon.colcon_core.shell:Skip shell extension 'dsv' for command environment
[0.535s] DEBUG:colcon.colcon_core.event_handler.log_command:Invoking command in '/home/nta/workspaces/ur_gazebo/build/ur_description': CMAKE_PREFIX_PATH=/opt/ros/humble /usr/bin/cmake --build /home/nta/workspaces/ur_gazebo/build/ur_description -- -j4 -l4
[0.947s] WARNING:colcon.colcon_ros.task.ament_python.build:Package 'my_controller' doesn't explicitly install a marker in the package index (colcon-ros currently does it implicitly but that fallback will be removed in the future)
[0.948s] WARNING:colcon.colcon_ros.task.ament_python.build:Package 'my_controller' doesn't explicitly install the 'package.xml' file (colcon-ros currently does it implicitly but that fallback will be removed in the future)
[0.948s] INFO:colcon.colcon_core.task.python.build:Building Python package in '/home/nta/workspaces/ur_gazebo/src/controller'
[0.948s] INFO:colcon.colcon_core.shell:Skip shell extension 'powershell' for command environment: Not usable outside of PowerShell
[0.949s] DEBUG:colcon.colcon_core.shell:Skip shell extension 'dsv' for command environment
[0.956s] DEBUG:colcon.colcon_core.event_handler.log_command:Invoked command in '/home/nta/workspaces/ur_gazebo/build/ur_description' returned '0': CMAKE_PREFIX_PATH=/opt/ros/humble /usr/bin/cmake --build /home/nta/workspaces/ur_gazebo/build/ur_description -- -j4 -l4
[0.978s] DEBUG:colcon.colcon_core.event_handler.log_command:Invoking command in '/home/nta/workspaces/ur_gazebo/build/ur_description': CMAKE_PREFIX_PATH=/opt/ros/humble /usr/bin/cmake --install /home/nta/workspaces/ur_gazebo/build/ur_description
[1.062s] Level 1:colcon.colcon_core.environment:create_environment_scripts_only(ur_description)
[1.064s] DEBUG:colcon.colcon_core.event_handler.log_command:Invoked command in '/home/nta/workspaces/ur_gazebo/build/ur_description' returned '0': CMAKE_PREFIX_PATH=/opt/ros/humble /usr/bin/cmake --install /home/nta/workspaces/ur_gazebo/build/ur_description
[1.067s] Level 1:colcon.colcon_core.environment:checking '/home/nta/workspaces/ur_gazebo/install/ur_description' for CMake module files
[1.068s] Level 1:colcon.colcon_core.environment:checking '/home/nta/workspaces/ur_gazebo/install/ur_description' for CMake config files
[1.070s] Level 1:colcon.colcon_core.shell:create_environment_hook('ur_description', 'cmake_prefix_path')
[1.071s] INFO:colcon.colcon_core.shell:Creating environment hook '/home/nta/workspaces/ur_gazebo/install/ur_description/share/ur_description/hook/cmake_prefix_path.ps1'
[1.071s] INFO:colcon.colcon_core.shell:Creating environment descriptor '/home/nta/workspaces/ur_gazebo/install/ur_description/share/ur_description/hook/cmake_prefix_path.dsv'
[1.072s] INFO:colcon.colcon_core.shell:Creating environment hook '/home/nta/workspaces/ur_gazebo/install/ur_description/share/ur_description/hook/cmake_prefix_path.sh'
[1.073s] Level 1:colcon.colcon_core.environment:checking '/home/nta/workspaces/ur_gazebo/install/ur_description/bin'
[1.073s] Level 1:colcon.colcon_core.environment:checking '/home/nta/workspaces/ur_gazebo/install/ur_description/lib/pkgconfig/ur_description.pc'
[1.073s] Level 1:colcon.colcon_core.environment:checking '/home/nta/workspaces/ur_gazebo/install/ur_description/lib/python3.10/site-packages'
[1.073s] Level 1:colcon.colcon_core.environment:checking '/home/nta/workspaces/ur_gazebo/install/ur_description/bin'
[1.074s] INFO:colcon.colcon_core.shell:Creating package script '/home/nta/workspaces/ur_gazebo/install/ur_description/share/ur_description/package.ps1'
[1.075s] INFO:colcon.colcon_core.shell:Creating package descriptor '/home/nta/workspaces/ur_gazebo/install/ur_description/share/ur_description/package.dsv'
[1.076s] INFO:colcon.colcon_core.shell:Creating package script '/home/nta/workspaces/ur_gazebo/install/ur_description/share/ur_description/package.sh'
[1.077s] INFO:colcon.colcon_core.shell:Creating package script '/home/nta/workspaces/ur_gazebo/install/ur_description/share/ur_description/package.bash'
[1.079s] INFO:colcon.colcon_core.shell:Creating package script '/home/nta/workspaces/ur_gazebo/install/ur_description/share/ur_description/package.zsh'
[1.080s] Level 1:colcon.colcon_core.environment:create_file_with_runtime_dependencies(/home/nta/workspaces/ur_gazebo/install/ur_description/share/colcon-core/packages/ur_description)
[1.081s] Level 1:colcon.colcon_core.environment:create_environment_scripts_only(ur_description)
[1.082s] Level 1:colcon.colcon_core.environment:checking '/home/nta/workspaces/ur_gazebo/install/ur_description' for CMake module files
[1.082s] Level 1:colcon.colcon_core.environment:checking '/home/nta/workspaces/ur_gazebo/install/ur_description' for CMake config files
[1.085s] Level 1:colcon.colcon_core.shell:create_environment_hook('ur_description', 'cmake_prefix_path')
[1.085s] INFO:colcon.colcon_core.shell:Creating environment hook '/home/nta/workspaces/ur_gazebo/install/ur_description/share/ur_description/hook/cmake_prefix_path.ps1'
[1.086s] INFO:colcon.colcon_core.shell:Creating environment descriptor '/home/nta/workspaces/ur_gazebo/install/ur_description/share/ur_description/hook/cmake_prefix_path.dsv'
[1.087s] INFO:colcon.colcon_core.shell:Creating environment hook '/home/nta/workspaces/ur_gazebo/install/ur_description/share/ur_description/hook/cmake_prefix_path.sh'
[1.088s] Level 1:colcon.colcon_core.environment:checking '/home/nta/workspaces/ur_gazebo/install/ur_description/bin'
[1.088s] Level 1:colcon.colcon_core.environment:checking '/home/nta/workspaces/ur_gazebo/install/ur_description/lib/pkgconfig/ur_description.pc'
[1.089s] Level 1:colcon.colcon_core.environment:checking '/home/nta/workspaces/ur_gazebo/install/ur_description/lib/python3.10/site-packages'
[1.089s] Level 1:colcon.colcon_core.environment:checking '/home/nta/workspaces/ur_gazebo/install/ur_description/bin'
[1.090s] INFO:colcon.colcon_core.shell:Creating package script '/home/nta/workspaces/ur_gazebo/install/ur_description/share/ur_description/package.ps1'
[1.091s] INFO:colcon.colcon_core.shell:Creating package descriptor '/home/nta/workspaces/ur_gazebo/install/ur_description/share/ur_description/package.dsv'
[1.092s] INFO:colcon.colcon_core.shell:Creating package script '/home/nta/workspaces/ur_gazebo/install/ur_description/share/ur_description/package.sh'
[1.093s] INFO:colcon.colcon_core.shell:Creating package script '/home/nta/workspaces/ur_gazebo/install/ur_description/share/ur_description/package.bash'
[1.095s] INFO:colcon.colcon_core.shell:Creating package script '/home/nta/workspaces/ur_gazebo/install/ur_description/share/ur_description/package.zsh'
[1.096s] Level 1:colcon.colcon_core.environment:create_file_with_runtime_dependencies(/home/nta/workspaces/ur_gazebo/install/ur_description/share/colcon-core/packages/ur_description)
[1.098s] INFO:colcon.colcon_ros.task.ament_cmake.build:Building ROS package in '/home/nta/workspaces/ur_gazebo/src/Universal_Robots_ROS2_Gazebo_Simulation/ur_simulation_gazebo' with build type 'ament_cmake'
[1.098s] INFO:colcon.colcon_cmake.task.cmake.build:Building CMake package in '/home/nta/workspaces/ur_gazebo/src/Universal_Robots_ROS2_Gazebo_Simulation/ur_simulation_gazebo'
[1.098s] INFO:colcon.colcon_core.shell:Skip shell extension 'powershell' for command environment: Not usable outside of PowerShell
[1.099s] DEBUG:colcon.colcon_core.shell:Skip shell extension 'dsv' for command environment
[1.124s] DEBUG:colcon.colcon_core.event_handler.log_command:Invoking command in '/home/nta/workspaces/ur_gazebo/build/ur_simulation_gazebo': AMENT_PREFIX_PATH=/home/nta/workspaces/ur_gazebo/install/ur_description:${AMENT_PREFIX_PATH} CMAKE_PREFIX_PATH=/home/nta/workspaces/ur_gazebo/install/ur_description:/opt/ros/humble /usr/bin/cmake /home/nta/workspaces/ur_gazebo/src/Universal_Robots_ROS2_Gazebo_Simulation/ur_simulation_gazebo -DAMENT_CMAKE_SYMLINK_INSTALL=1 -DCMAKE_INSTALL_PREFIX=/home/nta/workspaces/ur_gazebo/install/ur_simulation_gazebo
[1.530s] DEBUG:colcon.colcon_core.event_handler.log_command:Invoking command in '/home/nta/workspaces/ur_gazebo/build/my_controller': PYTHONPATH=/home/nta/workspaces/ur_gazebo/build/my_controller/prefix_override:/usr/lib/python3/dist-packages/colcon_core/task/python/colcon_distutils_commands:/home/nta/workspaces/ur_gazebo/install/my_controller/lib/python3.10/site-packages:${PYTHONPATH} /usr/bin/python3 -W ignore:setup.py install is deprecated -W ignore:easy_install command is deprecated setup.py develop --editable --build-directory /home/nta/workspaces/ur_gazebo/build/my_controller/build --no-deps symlink_data
[2.330s] Level 1:colcon.colcon_core.shell:create_environment_hook('my_controller', 'pythonpath_develop')
[2.332s] INFO:colcon.colcon_core.shell:Creating environment hook '/home/nta/workspaces/ur_gazebo/build/my_controller/share/my_controller/hook/pythonpath_develop.ps1'
[2.335s] DEBUG:colcon.colcon_core.event_handler.log_command:Invoked command in '/home/nta/workspaces/ur_gazebo/build/my_controller' returned '0': PYTHONPATH=/home/nta/workspaces/ur_gazebo/build/my_controller/prefix_override:/usr/lib/python3/dist-packages/colcon_core/task/python/colcon_distutils_commands:/home/nta/workspaces/ur_gazebo/install/my_controller/lib/python3.10/site-packages:${PYTHONPATH} /usr/bin/python3 -W ignore:setup.py install is deprecated -W ignore:easy_install command is deprecated setup.py develop --editable --build-directory /home/nta/workspaces/ur_gazebo/build/my_controller/build --no-deps symlink_data
[2.337s] INFO:colcon.colcon_core.shell:Creating environment descriptor '/home/nta/workspaces/ur_gazebo/build/my_controller/share/my_controller/hook/pythonpath_develop.dsv'
[2.338s] INFO:colcon.colcon_core.shell:Creating environment hook '/home/nta/workspaces/ur_gazebo/build/my_controller/share/my_controller/hook/pythonpath_develop.sh'
[2.340s] Level 1:colcon.colcon_core.environment:checking '/home/nta/workspaces/ur_gazebo/install/my_controller' for CMake module files
[2.343s] Level 1:colcon.colcon_core.environment:checking '/home/nta/workspaces/ur_gazebo/install/my_controller' for CMake config files
[2.344s] Level 1:colcon.colcon_core.environment:checking '/home/nta/workspaces/ur_gazebo/install/my_controller/lib'
[2.344s] Level 1:colcon.colcon_core.environment:checking '/home/nta/workspaces/ur_gazebo/install/my_controller/bin'
[2.344s] Level 1:colcon.colcon_core.environment:checking '/home/nta/workspaces/ur_gazebo/install/my_controller/lib/pkgconfig/my_controller.pc'
[2.344s] Level 1:colcon.colcon_core.environment:checking '/home/nta/workspaces/ur_gazebo/install/my_controller/lib/python3.10/site-packages'
[2.345s] Level 1:colcon.colcon_core.shell:create_environment_hook('my_controller', 'pythonpath')
[2.345s] INFO:colcon.colcon_core.shell:Creating environment hook '/home/nta/workspaces/ur_gazebo/install/my_controller/share/my_controller/hook/pythonpath.ps1'
[2.346s] INFO:colcon.colcon_core.shell:Creating environment descriptor '/home/nta/workspaces/ur_gazebo/install/my_controller/share/my_controller/hook/pythonpath.dsv'
[2.347s] INFO:colcon.colcon_core.shell:Creating environment hook '/home/nta/workspaces/ur_gazebo/install/my_controller/share/my_controller/hook/pythonpath.sh'
[2.348s] Level 1:colcon.colcon_core.environment:checking '/home/nta/workspaces/ur_gazebo/install/my_controller/bin'
[2.350s] Level 1:colcon.colcon_core.environment:create_environment_scripts_only(my_controller)
[2.352s] INFO:colcon.colcon_core.shell:Creating package script '/home/nta/workspaces/ur_gazebo/install/my_controller/share/my_controller/package.ps1'
[2.361s] INFO:colcon.colcon_core.shell:Creating package descriptor '/home/nta/workspaces/ur_gazebo/install/my_controller/share/my_controller/package.dsv'
[2.363s] INFO:colcon.colcon_core.shell:Creating package script '/home/nta/workspaces/ur_gazebo/install/my_controller/share/my_controller/package.sh'
[2.365s] INFO:colcon.colcon_core.shell:Creating package script '/home/nta/workspaces/ur_gazebo/install/my_controller/share/my_controller/package.bash'
[2.366s] INFO:colcon.colcon_core.shell:Creating package script '/home/nta/workspaces/ur_gazebo/install/my_controller/share/my_controller/package.zsh'
[2.369s] Level 1:colcon.colcon_core.environment:create_file_with_runtime_dependencies(/home/nta/workspaces/ur_gazebo/install/my_controller/share/colcon-core/packages/my_controller)
[2.491s] DEBUG:colcon.colcon_core.event_handler.log_command:Invoked command in '/home/nta/workspaces/ur_gazebo/build/ur_simulation_gazebo' returned '0': AMENT_PREFIX_PATH=/home/nta/workspaces/ur_gazebo/install/ur_description:${AMENT_PREFIX_PATH} CMAKE_PREFIX_PATH=/home/nta/workspaces/ur_gazebo/install/ur_description:/opt/ros/humble /usr/bin/cmake /home/nta/workspaces/ur_gazebo/src/Universal_Robots_ROS2_Gazebo_Simulation/ur_simulation_gazebo -DAMENT_CMAKE_SYMLINK_INSTALL=1 -DCMAKE_INSTALL_PREFIX=/home/nta/workspaces/ur_gazebo/install/ur_simulation_gazebo
[2.492s] DEBUG:colcon.colcon_core.event_handler.log_command:Invoking command in '/home/nta/workspaces/ur_gazebo/build/ur_simulation_gazebo': AMENT_PREFIX_PATH=/home/nta/workspaces/ur_gazebo/install/ur_description:${AMENT_PREFIX_PATH} CMAKE_PREFIX_PATH=/home/nta/workspaces/ur_gazebo/install/ur_description:/opt/ros/humble /usr/bin/cmake --build /home/nta/workspaces/ur_gazebo/build/ur_simulation_gazebo -- -j4 -l4
[2.559s] DEBUG:colcon.colcon_core.event_handler.log_command:Invoked command in '/home/nta/workspaces/ur_gazebo/build/ur_simulation_gazebo' returned '0': AMENT_PREFIX_PATH=/home/nta/workspaces/ur_gazebo/install/ur_description:${AMENT_PREFIX_PATH} CMAKE_PREFIX_PATH=/home/nta/workspaces/ur_gazebo/install/ur_description:/opt/ros/humble /usr/bin/cmake --build /home/nta/workspaces/ur_gazebo/build/ur_simulation_gazebo -- -j4 -l4
[2.565s] DEBUG:colcon.colcon_core.event_handler.log_command:Invoking command in '/home/nta/workspaces/ur_gazebo/build/ur_simulation_gazebo': AMENT_PREFIX_PATH=/home/nta/workspaces/ur_gazebo/install/ur_description:${AMENT_PREFIX_PATH} CMAKE_PREFIX_PATH=/home/nta/workspaces/ur_gazebo/install/ur_description:/opt/ros/humble /usr/bin/cmake --install /home/nta/workspaces/ur_gazebo/build/ur_simulation_gazebo
[2.892s] Level 1:colcon.colcon_core.environment:create_environment_scripts_only(ur_simulation_gazebo)
[2.892s] Level 1:colcon.colcon_core.environment:checking '/home/nta/workspaces/ur_gazebo/install/ur_simulation_gazebo' for CMake module files
[2.894s] DEBUG:colcon.colcon_core.event_handler.log_command:Invoked command in '/home/nta/workspaces/ur_gazebo/build/ur_simulation_gazebo' returned '0': AMENT_PREFIX_PATH=/home/nta/workspaces/ur_gazebo/install/ur_description:${AMENT_PREFIX_PATH} CMAKE_PREFIX_PATH=/home/nta/workspaces/ur_gazebo/install/ur_description:/opt/ros/humble /usr/bin/cmake --install /home/nta/workspaces/ur_gazebo/build/ur_simulation_gazebo
[2.894s] Level 1:colcon.colcon_core.environment:checking '/home/nta/workspaces/ur_gazebo/install/ur_simulation_gazebo' for CMake config files
[2.895s] Level 1:colcon.colcon_core.shell:create_environment_hook('ur_simulation_gazebo', 'cmake_prefix_path')
[2.896s] INFO:colcon.colcon_core.shell:Creating environment hook '/home/nta/workspaces/ur_gazebo/install/ur_simulation_gazebo/share/ur_simulation_gazebo/hook/cmake_prefix_path.ps1'
[2.897s] INFO:colcon.colcon_core.shell:Creating environment descriptor '/home/nta/workspaces/ur_gazebo/install/ur_simulation_gazebo/share/ur_simulation_gazebo/hook/cmake_prefix_path.dsv'
[2.898s] INFO:colcon.colcon_core.shell:Creating environment hook '/home/nta/workspaces/ur_gazebo/install/ur_simulation_gazebo/share/ur_simulation_gazebo/hook/cmake_prefix_path.sh'
[2.900s] Level 1:colcon.colcon_core.environment:checking '/home/nta/workspaces/ur_gazebo/install/ur_simulation_gazebo/bin'
[2.900s] Level 1:colcon.colcon_core.environment:checking '/home/nta/workspaces/ur_gazebo/install/ur_simulation_gazebo/lib/pkgconfig/ur_simulation_gazebo.pc'
[2.900s] Level 1:colcon.colcon_core.environment:checking '/home/nta/workspaces/ur_gazebo/install/ur_simulation_gazebo/lib/python3.10/site-packages'
[2.901s] Level 1:colcon.colcon_core.environment:checking '/home/nta/workspaces/ur_gazebo/install/ur_simulation_gazebo/bin'
[2.901s] INFO:colcon.colcon_core.shell:Creating package script '/home/nta/workspaces/ur_gazebo/install/ur_simulation_gazebo/share/ur_simulation_gazebo/package.ps1'
[2.902s] INFO:colcon.colcon_core.shell:Creating package descriptor '/home/nta/workspaces/ur_gazebo/install/ur_simulation_gazebo/share/ur_simulation_gazebo/package.dsv'
[2.903s] INFO:colcon.colcon_core.shell:Creating package script '/home/nta/workspaces/ur_gazebo/install/ur_simulation_gazebo/share/ur_simulation_gazebo/package.sh'
[2.903s] INFO:colcon.colcon_core.shell:Creating package script '/home/nta/workspaces/ur_gazebo/install/ur_simulation_gazebo/share/ur_simulation_gazebo/package.bash'
[2.904s] INFO:colcon.colcon_core.shell:Creating package script '/home/nta/workspaces/ur_gazebo/install/ur_simulation_gazebo/share/ur_simulation_gazebo/package.zsh'
[2.905s] Level 1:colcon.colcon_core.environment:create_file_with_runtime_dependencies(/home/nta/workspaces/ur_gazebo/install/ur_simulation_gazebo/share/colcon-core/packages/ur_simulation_gazebo)
[2.905s] Level 1:colcon.colcon_core.environment:create_environment_scripts_only(ur_simulation_gazebo)
[2.906s] Level 1:colcon.colcon_core.environment:checking '/home/nta/workspaces/ur_gazebo/install/ur_simulation_gazebo' for CMake module files
[2.906s] Level 1:colcon.colcon_core.environment:checking '/home/nta/workspaces/ur_gazebo/install/ur_simulation_gazebo' for CMake config files
[2.907s] Level 1:colcon.colcon_core.shell:create_environment_hook('ur_simulation_gazebo', 'cmake_prefix_path')
[2.907s] INFO:colcon.colcon_core.shell:Creating environment hook '/home/nta/workspaces/ur_gazebo/install/ur_simulation_gazebo/share/ur_simulation_gazebo/hook/cmake_prefix_path.ps1'
[2.909s] INFO:colcon.colcon_core.shell:Creating environment descriptor '/home/nta/workspaces/ur_gazebo/install/ur_simulation_gazebo/share/ur_simulation_gazebo/hook/cmake_prefix_path.dsv'
[2.909s] INFO:colcon.colcon_core.shell:Creating environment hook '/home/nta/workspaces/ur_gazebo/install/ur_simulation_gazebo/share/ur_simulation_gazebo/hook/cmake_prefix_path.sh'
[2.911s] Level 1:colcon.colcon_core.environment:checking '/home/nta/workspaces/ur_gazebo/install/ur_simulation_gazebo/bin'
[2.911s] Level 1:colcon.colcon_core.environment:checking '/home/nta/workspaces/ur_gazebo/install/ur_simulation_gazebo/lib/pkgconfig/ur_simulation_gazebo.pc'
[2.912s] Level 1:colcon.colcon_core.environment:checking '/home/nta/workspaces/ur_gazebo/install/ur_simulation_gazebo/lib/python3.10/site-packages'
[2.912s] Level 1:colcon.colcon_core.environment:checking '/home/nta/workspaces/ur_gazebo/install/ur_simulation_gazebo/bin'
[2.913s] INFO:colcon.colcon_core.shell:Creating package script '/home/nta/workspaces/ur_gazebo/install/ur_simulation_gazebo/share/ur_simulation_gazebo/package.ps1'
[2.915s] INFO:colcon.colcon_core.shell:Creating package descriptor '/home/nta/workspaces/ur_gazebo/install/ur_simulation_gazebo/share/ur_simulation_gazebo/package.dsv'
[2.917s] INFO:colcon.colcon_core.shell:Creating package script '/home/nta/workspaces/ur_gazebo/install/ur_simulation_gazebo/share/ur_simulation_gazebo/package.sh'
[2.918s] INFO:colcon.colcon_core.shell:Creating package script '/home/nta/workspaces/ur_gazebo/install/ur_simulation_gazebo/share/ur_simulation_gazebo/package.bash'
[2.919s] INFO:colcon.colcon_core.shell:Creating package script '/home/nta/workspaces/ur_gazebo/install/ur_simulation_gazebo/share/ur_simulation_gazebo/package.zsh'
[2.921s] Level 1:colcon.colcon_core.environment:create_file_with_runtime_dependencies(/home/nta/workspaces/ur_gazebo/install/ur_simulation_gazebo/share/colcon-core/packages/ur_simulation_gazebo)
[2.922s] DEBUG:colcon.colcon_parallel_executor.executor.parallel:closing loop
[2.922s] DEBUG:colcon.colcon_parallel_executor.executor.parallel:loop closed
[2.924s] DEBUG:colcon.colcon_parallel_executor.executor.parallel:run_until_complete finished with '0'
[2.925s] DEBUG:colcon.colcon_core.event_reactor:joining thread
[2.934s] INFO:colcon.colcon_core.plugin_system:Skipping extension 'colcon_notification.desktop_notification.terminal_notifier': Not used on non-Darwin systems
[2.934s] INFO:colcon.colcon_core.plugin_system:Skipping extension 'colcon_notification.desktop_notification.win32': Not used on non-Windows systems
[2.934s] INFO:colcon.colcon_notification.desktop_notification:Sending desktop notification using 'notify2'
[2.961s] DEBUG:colcon.colcon_core.event_reactor:joined thread
[2.962s] INFO:colcon.colcon_core.shell:Creating prefix script '/home/nta/workspaces/ur_gazebo/install/local_setup.ps1'
[2.965s] INFO:colcon.colcon_core.shell:Creating prefix util module '/home/nta/workspaces/ur_gazebo/install/_local_setup_util_ps1.py'
[2.967s] INFO:colcon.colcon_core.shell:Creating prefix chain script '/home/nta/workspaces/ur_gazebo/install/setup.ps1'
[2.970s] INFO:colcon.colcon_core.shell:Creating prefix script '/home/nta/workspaces/ur_gazebo/install/local_setup.sh'
[2.972s] INFO:colcon.colcon_core.shell:Creating prefix util module '/home/nta/workspaces/ur_gazebo/install/_local_setup_util_sh.py'
[2.973s] INFO:colcon.colcon_core.shell:Creating prefix chain script '/home/nta/workspaces/ur_gazebo/install/setup.sh'
[2.976s] INFO:colcon.colcon_core.shell:Creating prefix script '/home/nta/workspaces/ur_gazebo/install/local_setup.bash'
[2.978s] INFO:colcon.colcon_core.shell:Creating prefix chain script '/home/nta/workspaces/ur_gazebo/install/setup.bash'
[2.982s] INFO:colcon.colcon_core.shell:Creating prefix script '/home/nta/workspaces/ur_gazebo/install/local_setup.zsh'
[2.983s] INFO:colcon.colcon_core.shell:Creating prefix chain script '/home/nta/workspaces/ur_gazebo/install/setup.zsh'
