[0.093s] Invoking command in '/home/nta/workspaces/ur_gazebo/build/ur_simulation_gazebo': AMENT_PREFIX_PATH=/home/nta/workspaces/ur_gazebo/install/ur_description CMAKE_PREFIX_PATH=/home/nta/workspaces/ur_gazebo/install/ur_description /usr/bin/cmake --build /home/nta/workspaces/ur_gazebo/build/ur_simulation_gazebo -- -j4 -l4
[0.598s] Invoked command in '/home/nta/workspaces/ur_gazebo/build/ur_simulation_gazebo' returned '0': AMENT_PREFIX_PATH=/home/nta/workspaces/ur_gazebo/install/ur_description CMAKE_PREFIX_PATH=/home/nta/workspaces/ur_gazebo/install/ur_description /usr/bin/cmake --build /home/nta/workspaces/ur_gazebo/build/ur_simulation_gazebo -- -j4 -l4
[0.607s] Invoking command in '/home/nta/workspaces/ur_gazebo/build/ur_simulation_gazebo': AMENT_PREFIX_PATH=/home/nta/workspaces/ur_gazebo/install/ur_description CMAKE_PREFIX_PATH=/home/nta/workspaces/ur_gazebo/install/ur_description /usr/bin/cmake --install /home/nta/workspaces/ur_gazebo/build/ur_simulation_gazebo
[0.692s] -- Install configuration: ""
[0.699s] -- Execute custom install script
[0.704s] -- Up-to-date symlink: /home/nta/workspaces/ur_gazebo/install/ur_simulation_gazebo/share/ur_simulation_gazebo/config/ur_controllers.yaml
[0.711s] -- Up-to-date symlink: /home/nta/workspaces/ur_gazebo/install/ur_simulation_gazebo/share/ur_simulation_gazebo/launch/ur_sim_control.launch.py
[0.713s] -- Up-to-date symlink: /home/nta/workspaces/ur_gazebo/install/ur_simulation_gazebo/share/ur_simulation_gazebo/launch/ur_sim_moveit.launch.py
[0.722s] -- Up-to-date symlink: /home/nta/workspaces/ur_gazebo/install/ur_simulation_gazebo/share/ament_index/resource_index/package_run_dependencies/ur_simulation_gazebo
[0.730s] -- Up-to-date symlink: /home/nta/workspaces/ur_gazebo/install/ur_simulation_gazebo/share/ament_index/resource_index/parent_prefix_path/ur_simulation_gazebo
[0.731s] -- Up-to-date symlink: /home/nta/workspaces/ur_gazebo/install/ur_simulation_gazebo/share/ur_simulation_gazebo/environment/ament_prefix_path.sh
[0.731s] -- Up-to-date symlink: /home/nta/workspaces/ur_gazebo/install/ur_simulation_gazebo/share/ur_simulation_gazebo/environment/ament_prefix_path.dsv
[0.732s] -- Up-to-date symlink: /home/nta/workspaces/ur_gazebo/install/ur_simulation_gazebo/share/ur_simulation_gazebo/environment/path.sh
[0.736s] -- Up-to-date symlink: /home/nta/workspaces/ur_gazebo/install/ur_simulation_gazebo/share/ur_simulation_gazebo/environment/path.dsv
[0.738s] -- Up-to-date symlink: /home/nta/workspaces/ur_gazebo/install/ur_simulation_gazebo/share/ur_simulation_gazebo/local_setup.bash
[0.742s] -- Up-to-date symlink: /home/nta/workspaces/ur_gazebo/install/ur_simulation_gazebo/share/ur_simulation_gazebo/local_setup.sh
[0.746s] -- Up-to-date symlink: /home/nta/workspaces/ur_gazebo/install/ur_simulation_gazebo/share/ur_simulation_gazebo/local_setup.zsh
[0.750s] -- Up-to-date symlink: /home/nta/workspaces/ur_gazebo/install/ur_simulation_gazebo/share/ur_simulation_gazebo/local_setup.dsv
[0.751s] -- Symlinking: /home/nta/workspaces/ur_gazebo/install/ur_simulation_gazebo/share/ur_simulation_gazebo/package.dsv
[0.816s] -- Up-to-date symlink: /home/nta/workspaces/ur_gazebo/install/ur_simulation_gazebo/share/ament_index/resource_index/packages/ur_simulation_gazebo
[0.818s] -- Up-to-date symlink: /home/nta/workspaces/ur_gazebo/install/ur_simulation_gazebo/share/ur_simulation_gazebo/cmake/ur_simulation_gazeboConfig.cmake
[0.824s] -- Up-to-date symlink: /home/nta/workspaces/ur_gazebo/install/ur_simulation_gazebo/share/ur_simulation_gazebo/cmake/ur_simulation_gazeboConfig-version.cmake
[0.825s] -- Up-to-date symlink: /home/nta/workspaces/ur_gazebo/install/ur_simulation_gazebo/share/ur_simulation_gazebo/package.xml
[0.838s] Invoked command in '/home/nta/workspaces/ur_gazebo/build/ur_simulation_gazebo' returned '0': AMENT_PREFIX_PATH=/home/nta/workspaces/ur_gazebo/install/ur_description CMAKE_PREFIX_PATH=/home/nta/workspaces/ur_gazebo/install/ur_description /usr/bin/cmake --install /home/nta/workspaces/ur_gazebo/build/ur_simulation_gazebo
