[0.141s] Invoking command in '/home/nta/workspaces/ur_gazebo/build/ur_description': CMAKE_PREFIX_PATH=/opt/ros/humble /usr/bin/cmake --build /home/nta/workspaces/ur_gazebo/build/ur_description -- -j4 -l4
[1.216s] Invoked command in '/home/nta/workspaces/ur_gazebo/build/ur_description' returned '0': CMAKE_PREFIX_PATH=/opt/ros/humble /usr/bin/cmake --build /home/nta/workspaces/ur_gazebo/build/ur_description -- -j4 -l4
[1.308s] Invoking command in '/home/nta/workspaces/ur_gazebo/build/ur_description': CMAKE_PREFIX_PATH=/opt/ros/humble /usr/bin/cmake --install /home/nta/workspaces/ur_gazebo/build/ur_description
[1.366s] -- Install configuration: ""
[1.375s] -- Execute custom install script
[1.396s] -- Up-to-date symlink: /home/nta/workspaces/ur_gazebo/install/ur_description/share/ur_description/config/initial_positions.yaml
[1.397s] -- Up-to-date symlink: /home/nta/workspaces/ur_gazebo/install/ur_description/share/ur_description/config/ur10/default_kinematics.yaml
[1.408s] -- Up-to-date symlink: /home/nta/workspaces/ur_gazebo/install/ur_description/share/ur_description/config/ur10/joint_limits.yaml
[1.409s] -- Up-to-date symlink: /home/nta/workspaces/ur_gazebo/install/ur_description/share/ur_description/config/ur10/physical_parameters.yaml
[1.411s] -- Up-to-date symlink: /home/nta/workspaces/ur_gazebo/install/ur_description/share/ur_description/config/ur10/visual_parameters.yaml
[1.412s] -- Up-to-date symlink: /home/nta/workspaces/ur_gazebo/install/ur_description/share/ur_description/config/ur10e/default_kinematics.yaml
[1.417s] -- Up-to-date symlink: /home/nta/workspaces/ur_gazebo/install/ur_description/share/ur_description/config/ur10e/joint_limits.yaml
[1.418s] -- Up-to-date symlink: /home/nta/workspaces/ur_gazebo/install/ur_description/share/ur_description/config/ur10e/physical_parameters.yaml
[1.418s] -- Up-to-date symlink: /home/nta/workspaces/ur_gazebo/install/ur_description/share/ur_description/config/ur10e/visual_parameters.yaml
[1.424s] -- Up-to-date symlink: /home/nta/workspaces/ur_gazebo/install/ur_description/share/ur_description/config/ur12e/default_kinematics.yaml
[1.430s] -- Up-to-date symlink: /home/nta/workspaces/ur_gazebo/install/ur_description/share/ur_description/config/ur12e/joint_limits.yaml
[1.432s] -- Up-to-date symlink: /home/nta/workspaces/ur_gazebo/install/ur_description/share/ur_description/config/ur12e/physical_parameters.yaml
[1.433s] -- Up-to-date symlink: /home/nta/workspaces/ur_gazebo/install/ur_description/share/ur_description/config/ur12e/visual_parameters.yaml
[1.443s] -- Up-to-date symlink: /home/nta/workspaces/ur_gazebo/install/ur_description/share/ur_description/config/ur15/default_kinematics.yaml
[1.444s] -- Up-to-date symlink: /home/nta/workspaces/ur_gazebo/install/ur_description/share/ur_description/config/ur15/joint_limits.yaml
[1.448s] -- Up-to-date symlink: /home/nta/workspaces/ur_gazebo/install/ur_description/share/ur_description/config/ur15/physical_parameters.yaml
[1.448s] -- Up-to-date symlink: /home/nta/workspaces/ur_gazebo/install/ur_description/share/ur_description/config/ur15/visual_parameters.yaml
[1.449s] -- Up-to-date symlink: /home/nta/workspaces/ur_gazebo/install/ur_description/share/ur_description/config/ur16e/default_kinematics.yaml
[1.459s] -- Up-to-date symlink: /home/nta/workspaces/ur_gazebo/install/ur_description/share/ur_description/config/ur16e/joint_limits.yaml
[1.459s] -- Up-to-date symlink: /home/nta/workspaces/ur_gazebo/install/ur_description/share/ur_description/config/ur16e/physical_parameters.yaml
[1.467s] -- Up-to-date symlink: /home/nta/workspaces/ur_gazebo/install/ur_description/share/ur_description/config/ur16e/visual_parameters.yaml
[1.476s] -- Up-to-date symlink: /home/nta/workspaces/ur_gazebo/install/ur_description/share/ur_description/config/ur18/default_kinematics.yaml
[1.477s] -- Up-to-date symlink: /home/nta/workspaces/ur_gazebo/install/ur_description/share/ur_description/config/ur18/joint_limits.yaml
[1.477s] -- Up-to-date symlink: /home/nta/workspaces/ur_gazebo/install/ur_description/share/ur_description/config/ur18/physical_parameters.yaml
[1.485s] -- Up-to-date symlink: /home/nta/workspaces/ur_gazebo/install/ur_description/share/ur_description/config/ur18/visual_parameters.yaml
[1.489s] -- Up-to-date symlink: /home/nta/workspaces/ur_gazebo/install/ur_description/share/ur_description/config/ur20/default_kinematics.yaml
[1.491s] -- Up-to-date symlink: /home/nta/workspaces/ur_gazebo/install/ur_description/share/ur_description/config/ur20/joint_limits.yaml
[1.492s] -- Up-to-date symlink: /home/nta/workspaces/ur_gazebo/install/ur_description/share/ur_description/config/ur20/physical_parameters.yaml
[1.493s] -- Up-to-date symlink: /home/nta/workspaces/ur_gazebo/install/ur_description/share/ur_description/config/ur20/visual_parameters.yaml
[1.496s] -- Up-to-date symlink: /home/nta/workspaces/ur_gazebo/install/ur_description/share/ur_description/config/ur3/default_kinematics.yaml
[1.499s] -- Up-to-date symlink: /home/nta/workspaces/ur_gazebo/install/ur_description/share/ur_description/config/ur3/joint_limits.yaml
[1.499s] -- Up-to-date symlink: /home/nta/workspaces/ur_gazebo/install/ur_description/share/ur_description/config/ur3/physical_parameters.yaml
[1.506s] -- Up-to-date symlink: /home/nta/workspaces/ur_gazebo/install/ur_description/share/ur_description/config/ur3/visual_parameters.yaml
[1.511s] -- Up-to-date symlink: /home/nta/workspaces/ur_gazebo/install/ur_description/share/ur_description/config/ur30/default_kinematics.yaml
[1.512s] -- Up-to-date symlink: /home/nta/workspaces/ur_gazebo/install/ur_description/share/ur_description/config/ur30/joint_limits.yaml
[1.512s] -- Up-to-date symlink: /home/nta/workspaces/ur_gazebo/install/ur_description/share/ur_description/config/ur30/physical_parameters.yaml
[1.513s] -- Up-to-date symlink: /home/nta/workspaces/ur_gazebo/install/ur_description/share/ur_description/config/ur30/visual_parameters.yaml
[1.519s] -- Up-to-date symlink: /home/nta/workspaces/ur_gazebo/install/ur_description/share/ur_description/config/ur3e/default_kinematics.yaml
[1.528s] -- Up-to-date symlink: /home/nta/workspaces/ur_gazebo/install/ur_description/share/ur_description/config/ur3e/joint_limits.yaml
[1.529s] -- Up-to-date symlink: /home/nta/workspaces/ur_gazebo/install/ur_description/share/ur_description/config/ur3e/physical_parameters.yaml
[1.535s] -- Up-to-date symlink: /home/nta/workspaces/ur_gazebo/install/ur_description/share/ur_description/config/ur3e/visual_parameters.yaml
[1.547s] -- Up-to-date symlink: /home/nta/workspaces/ur_gazebo/install/ur_description/share/ur_description/config/ur5/default_kinematics.yaml
[1.553s] -- Up-to-date symlink: /home/nta/workspaces/ur_gazebo/install/ur_description/share/ur_description/config/ur5/joint_limits.yaml
[1.553s] -- Up-to-date symlink: /home/nta/workspaces/ur_gazebo/install/ur_description/share/ur_description/config/ur5/physical_parameters.yaml
[1.554s] -- Up-to-date symlink: /home/nta/workspaces/ur_gazebo/install/ur_description/share/ur_description/config/ur5/visual_parameters.yaml
[1.554s] -- Up-to-date symlink: /home/nta/workspaces/ur_gazebo/install/ur_description/share/ur_description/config/ur5e/default_kinematics.yaml
[1.554s] -- Up-to-date symlink: /home/nta/workspaces/ur_gazebo/install/ur_description/share/ur_description/config/ur5e/joint_limits.yaml
[1.559s] -- Up-to-date symlink: /home/nta/workspaces/ur_gazebo/install/ur_description/share/ur_description/config/ur5e/physical_parameters.yaml
[1.559s] -- Up-to-date symlink: /home/nta/workspaces/ur_gazebo/install/ur_description/share/ur_description/config/ur5e/visual_parameters.yaml
[1.560s] -- Up-to-date symlink: /home/nta/workspaces/ur_gazebo/install/ur_description/share/ur_description/config/ur7e/default_kinematics.yaml
[1.560s] -- Up-to-date symlink: /home/nta/workspaces/ur_gazebo/install/ur_description/share/ur_description/config/ur7e/joint_limits.yaml
[1.581s] -- Up-to-date symlink: /home/nta/workspaces/ur_gazebo/install/ur_description/share/ur_description/config/ur7e/physical_parameters.yaml
[1.581s] -- Up-to-date symlink: /home/nta/workspaces/ur_gazebo/install/ur_description/share/ur_description/config/ur7e/visual_parameters.yaml
[1.582s] -- Up-to-date symlink: /home/nta/workspaces/ur_gazebo/install/ur_description/share/ur_description/config/ur8long/default_kinematics.yaml
[1.582s] -- Up-to-date symlink: /home/nta/workspaces/ur_gazebo/install/ur_description/share/ur_description/config/ur8long/joint_limits.yaml
[1.586s] -- Up-to-date symlink: /home/nta/workspaces/ur_gazebo/install/ur_description/share/ur_description/config/ur8long/physical_parameters.yaml
[1.586s] -- Up-to-date symlink: /home/nta/workspaces/ur_gazebo/install/ur_description/share/ur_description/config/ur8long/visual_parameters.yaml
[1.589s] -- Up-to-date symlink: /home/nta/workspaces/ur_gazebo/install/ur_description/share/ur_description/launch/view_ur.launch.py
[1.615s] -- Up-to-date symlink: /home/nta/workspaces/ur_gazebo/install/ur_description/share/ur_description/meshes/ur10/collision/base.stl
[1.616s] -- Up-to-date symlink: /home/nta/workspaces/ur_gazebo/install/ur_description/share/ur_description/meshes/ur10/collision/forearm.stl
[1.616s] -- Up-to-date symlink: /home/nta/workspaces/ur_gazebo/install/ur_description/share/ur_description/meshes/ur10/collision/shoulder.stl
[1.616s] -- Up-to-date symlink: /home/nta/workspaces/ur_gazebo/install/ur_description/share/ur_description/meshes/ur10/collision/upperarm.stl
[1.621s] -- Up-to-date symlink: /home/nta/workspaces/ur_gazebo/install/ur_description/share/ur_description/meshes/ur10/collision/wrist1.stl
[1.621s] -- Up-to-date symlink: /home/nta/workspaces/ur_gazebo/install/ur_description/share/ur_description/meshes/ur10/collision/wrist2.stl
[1.628s] -- Up-to-date symlink: /home/nta/workspaces/ur_gazebo/install/ur_description/share/ur_description/meshes/ur10/collision/wrist3.stl
[1.632s] -- Up-to-date symlink: /home/nta/workspaces/ur_gazebo/install/ur_description/share/ur_description/meshes/ur10/visual/base.dae
[1.633s] -- Up-to-date symlink: /home/nta/workspaces/ur_gazebo/install/ur_description/share/ur_description/meshes/ur10/visual/forearm.dae
[1.634s] -- Up-to-date symlink: /home/nta/workspaces/ur_gazebo/install/ur_description/share/ur_description/meshes/ur10/visual/shoulder.dae
[1.634s] -- Up-to-date symlink: /home/nta/workspaces/ur_gazebo/install/ur_description/share/ur_description/meshes/ur10/visual/upperarm.dae
[1.637s] -- Up-to-date symlink: /home/nta/workspaces/ur_gazebo/install/ur_description/share/ur_description/meshes/ur10/visual/wrist1.dae
[1.637s] -- Up-to-date symlink: /home/nta/workspaces/ur_gazebo/install/ur_description/share/ur_description/meshes/ur10/visual/wrist2.dae
[1.643s] -- Up-to-date symlink: /home/nta/workspaces/ur_gazebo/install/ur_description/share/ur_description/meshes/ur10/visual/wrist3.dae
[1.645s] -- Up-to-date symlink: /home/nta/workspaces/ur_gazebo/install/ur_description/share/ur_description/meshes/ur10e/collision/base.stl
[1.648s] -- Up-to-date symlink: /home/nta/workspaces/ur_gazebo/install/ur_description/share/ur_description/meshes/ur10e/collision/forearm.stl
[1.653s] -- Up-to-date symlink: /home/nta/workspaces/ur_gazebo/install/ur_description/share/ur_description/meshes/ur10e/collision/shoulder.stl
[1.653s] -- Up-to-date symlink: /home/nta/workspaces/ur_gazebo/install/ur_description/share/ur_description/meshes/ur10e/collision/upperarm.stl
[1.664s] -- Up-to-date symlink: /home/nta/workspaces/ur_gazebo/install/ur_description/share/ur_description/meshes/ur10e/collision/wrist1.stl
[1.668s] -- Up-to-date symlink: /home/nta/workspaces/ur_gazebo/install/ur_description/share/ur_description/meshes/ur10e/collision/wrist2.stl
[1.670s] -- Up-to-date symlink: /home/nta/workspaces/ur_gazebo/install/ur_description/share/ur_description/meshes/ur10e/collision/wrist3.stl
[1.674s] -- Up-to-date symlink: /home/nta/workspaces/ur_gazebo/install/ur_description/share/ur_description/meshes/ur10e/visual/base.dae
[1.676s] -- Up-to-date symlink: /home/nta/workspaces/ur_gazebo/install/ur_description/share/ur_description/meshes/ur10e/visual/forearm.dae
[1.679s] -- Up-to-date symlink: /home/nta/workspaces/ur_gazebo/install/ur_description/share/ur_description/meshes/ur10e/visual/shoulder.dae
[1.682s] -- Up-to-date symlink: /home/nta/workspaces/ur_gazebo/install/ur_description/share/ur_description/meshes/ur10e/visual/upperarm.dae
[1.682s] -- Up-to-date symlink: /home/nta/workspaces/ur_gazebo/install/ur_description/share/ur_description/meshes/ur10e/visual/wrist1.dae
[1.687s] -- Up-to-date symlink: /home/nta/workspaces/ur_gazebo/install/ur_description/share/ur_description/meshes/ur10e/visual/wrist2.dae
[1.688s] -- Up-to-date symlink: /home/nta/workspaces/ur_gazebo/install/ur_description/share/ur_description/meshes/ur10e/visual/wrist3.dae
[1.695s] -- Up-to-date symlink: /home/nta/workspaces/ur_gazebo/install/ur_description/share/ur_description/meshes/ur15/LICENSE.txt
[1.696s] -- Up-to-date symlink: /home/nta/workspaces/ur_gazebo/install/ur_description/share/ur_description/meshes/ur15/collision/base.stl
[1.696s] -- Up-to-date symlink: /home/nta/workspaces/ur_gazebo/install/ur_description/share/ur_description/meshes/ur15/collision/forearm.stl
[1.698s] -- Up-to-date symlink: /home/nta/workspaces/ur_gazebo/install/ur_description/share/ur_description/meshes/ur15/collision/shoulder.stl
[1.702s] -- Up-to-date symlink: /home/nta/workspaces/ur_gazebo/install/ur_description/share/ur_description/meshes/ur15/collision/upperarm.stl
[1.707s] -- Up-to-date symlink: /home/nta/workspaces/ur_gazebo/install/ur_description/share/ur_description/meshes/ur15/collision/wrist1.stl
[1.713s] -- Up-to-date symlink: /home/nta/workspaces/ur_gazebo/install/ur_description/share/ur_description/meshes/ur15/collision/wrist2.stl
[1.713s] -- Up-to-date symlink: /home/nta/workspaces/ur_gazebo/install/ur_description/share/ur_description/meshes/ur15/collision/wrist3.stl
[1.714s] -- Up-to-date symlink: /home/nta/workspaces/ur_gazebo/install/ur_description/share/ur_description/meshes/ur15/visual/UR15_DIFF_8bit_2K.jpg
[1.722s] -- Up-to-date symlink: /home/nta/workspaces/ur_gazebo/install/ur_description/share/ur_description/meshes/ur15/visual/base.dae
[1.723s] -- Up-to-date symlink: /home/nta/workspaces/ur_gazebo/install/ur_description/share/ur_description/meshes/ur15/visual/forearm.dae
[1.724s] -- Up-to-date symlink: /home/nta/workspaces/ur_gazebo/install/ur_description/share/ur_description/meshes/ur15/visual/shoulder.dae
[1.725s] -- Up-to-date symlink: /home/nta/workspaces/ur_gazebo/install/ur_description/share/ur_description/meshes/ur15/visual/upperarm.dae
[1.727s] -- Up-to-date symlink: /home/nta/workspaces/ur_gazebo/install/ur_description/share/ur_description/meshes/ur15/visual/wrist1.dae
[1.729s] -- Up-to-date symlink: /home/nta/workspaces/ur_gazebo/install/ur_description/share/ur_description/meshes/ur15/visual/wrist2.dae
[1.733s] -- Up-to-date symlink: /home/nta/workspaces/ur_gazebo/install/ur_description/share/ur_description/meshes/ur15/visual/wrist3.dae
[1.736s] -- Up-to-date symlink: /home/nta/workspaces/ur_gazebo/install/ur_description/share/ur_description/meshes/ur16e/collision/forearm.stl
[1.737s] -- Up-to-date symlink: /home/nta/workspaces/ur_gazebo/install/ur_description/share/ur_description/meshes/ur16e/collision/upperarm.stl
[1.742s] -- Up-to-date symlink: /home/nta/workspaces/ur_gazebo/install/ur_description/share/ur_description/meshes/ur16e/visual/forearm.dae
[1.743s] -- Up-to-date symlink: /home/nta/workspaces/ur_gazebo/install/ur_description/share/ur_description/meshes/ur16e/visual/upperarm.dae
[1.750s] -- Up-to-date symlink: /home/nta/workspaces/ur_gazebo/install/ur_description/share/ur_description/meshes/ur18/LICENSE.txt
[1.750s] -- Up-to-date symlink: /home/nta/workspaces/ur_gazebo/install/ur_description/share/ur_description/meshes/ur18/collision/forearm.stl
[1.750s] -- Up-to-date symlink: /home/nta/workspaces/ur_gazebo/install/ur_description/share/ur_description/meshes/ur18/collision/upperarm.stl
[1.765s] -- Up-to-date symlink: /home/nta/workspaces/ur_gazebo/install/ur_description/share/ur_description/meshes/ur18/visual/UR18_DIFF_8bit_2K.jpg
[1.783s] -- Up-to-date symlink: /home/nta/workspaces/ur_gazebo/install/ur_description/share/ur_description/meshes/ur18/visual/forearm.dae
[1.786s] -- Up-to-date symlink: /home/nta/workspaces/ur_gazebo/install/ur_description/share/ur_description/meshes/ur18/visual/upperarm.dae
[1.797s] -- Up-to-date symlink: /home/nta/workspaces/ur_gazebo/install/ur_description/share/ur_description/meshes/ur20/LICENSE.txt
[1.798s] -- Up-to-date symlink: /home/nta/workspaces/ur_gazebo/install/ur_description/share/ur_description/meshes/ur20/collision/base.stl
[1.798s] -- Up-to-date symlink: /home/nta/workspaces/ur_gazebo/install/ur_description/share/ur_description/meshes/ur20/collision/forearm.stl
[1.798s] -- Up-to-date symlink: /home/nta/workspaces/ur_gazebo/install/ur_description/share/ur_description/meshes/ur20/collision/shoulder.stl
[1.804s] -- Up-to-date symlink: /home/nta/workspaces/ur_gazebo/install/ur_description/share/ur_description/meshes/ur20/collision/upperarm.stl
[1.808s] -- Up-to-date symlink: /home/nta/workspaces/ur_gazebo/install/ur_description/share/ur_description/meshes/ur20/collision/wrist1.stl
[1.808s] -- Up-to-date symlink: /home/nta/workspaces/ur_gazebo/install/ur_description/share/ur_description/meshes/ur20/collision/wrist2.stl
[1.809s] -- Up-to-date symlink: /home/nta/workspaces/ur_gazebo/install/ur_description/share/ur_description/meshes/ur20/collision/wrist3.stl
[1.809s] -- Up-to-date symlink: /home/nta/workspaces/ur_gazebo/install/ur_description/share/ur_description/meshes/ur20/visual/UR20_DIFF_8bit_2K.png
[1.832s] -- Up-to-date symlink: /home/nta/workspaces/ur_gazebo/install/ur_description/share/ur_description/meshes/ur20/visual/base.dae
[1.847s] -- Up-to-date symlink: /home/nta/workspaces/ur_gazebo/install/ur_description/share/ur_description/meshes/ur20/visual/forearm.dae
[1.848s] -- Up-to-date symlink: /home/nta/workspaces/ur_gazebo/install/ur_description/share/ur_description/meshes/ur20/visual/shoulder.dae
[1.855s] -- Up-to-date symlink: /home/nta/workspaces/ur_gazebo/install/ur_description/share/ur_description/meshes/ur20/visual/upperarm.dae
[1.857s] -- Up-to-date symlink: /home/nta/workspaces/ur_gazebo/install/ur_description/share/ur_description/meshes/ur20/visual/wrist1.dae
[1.858s] -- Up-to-date symlink: /home/nta/workspaces/ur_gazebo/install/ur_description/share/ur_description/meshes/ur20/visual/wrist2.dae
[1.858s] -- Up-to-date symlink: /home/nta/workspaces/ur_gazebo/install/ur_description/share/ur_description/meshes/ur20/visual/wrist3.dae
[1.863s] -- Up-to-date symlink: /home/nta/workspaces/ur_gazebo/install/ur_description/share/ur_description/meshes/ur3/collision/base.stl
[1.869s] -- Up-to-date symlink: /home/nta/workspaces/ur_gazebo/install/ur_description/share/ur_description/meshes/ur3/collision/forearm.stl
[1.870s] -- Up-to-date symlink: /home/nta/workspaces/ur_gazebo/install/ur_description/share/ur_description/meshes/ur3/collision/shoulder.stl
[1.881s] -- Up-to-date symlink: /home/nta/workspaces/ur_gazebo/install/ur_description/share/ur_description/meshes/ur3/collision/upperarm.stl
[1.888s] -- Up-to-date symlink: /home/nta/workspaces/ur_gazebo/install/ur_description/share/ur_description/meshes/ur3/collision/wrist1.stl
[1.891s] -- Up-to-date symlink: /home/nta/workspaces/ur_gazebo/install/ur_description/share/ur_description/meshes/ur3/collision/wrist2.stl
[1.891s] -- Up-to-date symlink: /home/nta/workspaces/ur_gazebo/install/ur_description/share/ur_description/meshes/ur3/collision/wrist3.stl
[1.892s] -- Up-to-date symlink: /home/nta/workspaces/ur_gazebo/install/ur_description/share/ur_description/meshes/ur3/visual/base.dae
[1.892s] -- Up-to-date symlink: /home/nta/workspaces/ur_gazebo/install/ur_description/share/ur_description/meshes/ur3/visual/forearm.dae
[1.901s] -- Up-to-date symlink: /home/nta/workspaces/ur_gazebo/install/ur_description/share/ur_description/meshes/ur3/visual/shoulder.dae
[1.906s] -- Up-to-date symlink: /home/nta/workspaces/ur_gazebo/install/ur_description/share/ur_description/meshes/ur3/visual/upperarm.dae
[1.907s] -- Up-to-date symlink: /home/nta/workspaces/ur_gazebo/install/ur_description/share/ur_description/meshes/ur3/visual/wrist1.dae
[1.917s] -- Up-to-date symlink: /home/nta/workspaces/ur_gazebo/install/ur_description/share/ur_description/meshes/ur3/visual/wrist2.dae
[1.923s] -- Up-to-date symlink: /home/nta/workspaces/ur_gazebo/install/ur_description/share/ur_description/meshes/ur3/visual/wrist3.dae
[1.923s] -- Up-to-date symlink: /home/nta/workspaces/ur_gazebo/install/ur_description/share/ur_description/meshes/ur30/LICENSE.txt
[1.932s] -- Up-to-date symlink: /home/nta/workspaces/ur_gazebo/install/ur_description/share/ur_description/meshes/ur30/collision/forearm.stl
[1.934s] -- Up-to-date symlink: /home/nta/workspaces/ur_gazebo/install/ur_description/share/ur_description/meshes/ur30/collision/upperarm.stl
[1.935s] -- Up-to-date symlink: /home/nta/workspaces/ur_gazebo/install/ur_description/share/ur_description/meshes/ur30/visual/UR30_DIFF_8bit_2K.png
[1.935s] -- Up-to-date symlink: /home/nta/workspaces/ur_gazebo/install/ur_description/share/ur_description/meshes/ur30/visual/forearm.dae
[1.936s] -- Up-to-date symlink: /home/nta/workspaces/ur_gazebo/install/ur_description/share/ur_description/meshes/ur30/visual/upperarm.dae
[1.936s] -- Up-to-date symlink: /home/nta/workspaces/ur_gazebo/install/ur_description/share/ur_description/meshes/ur3e/collision/base.stl
[1.938s] -- Up-to-date symlink: /home/nta/workspaces/ur_gazebo/install/ur_description/share/ur_description/meshes/ur3e/collision/forearm.stl
[1.938s] -- Up-to-date symlink: /home/nta/workspaces/ur_gazebo/install/ur_description/share/ur_description/meshes/ur3e/collision/shoulder.stl
[1.939s] -- Up-to-date symlink: /home/nta/workspaces/ur_gazebo/install/ur_description/share/ur_description/meshes/ur3e/collision/upperarm.stl
[1.939s] -- Up-to-date symlink: /home/nta/workspaces/ur_gazebo/install/ur_description/share/ur_description/meshes/ur3e/collision/wrist1.stl
[1.939s] -- Up-to-date symlink: /home/nta/workspaces/ur_gazebo/install/ur_description/share/ur_description/meshes/ur3e/collision/wrist2.stl
[1.940s] -- Up-to-date symlink: /home/nta/workspaces/ur_gazebo/install/ur_description/share/ur_description/meshes/ur3e/collision/wrist3.stl
[1.942s] -- Up-to-date symlink: /home/nta/workspaces/ur_gazebo/install/ur_description/share/ur_description/meshes/ur3e/visual/base.dae
[1.943s] -- Up-to-date symlink: /home/nta/workspaces/ur_gazebo/install/ur_description/share/ur_description/meshes/ur3e/visual/forearm.dae
[1.943s] -- Up-to-date symlink: /home/nta/workspaces/ur_gazebo/install/ur_description/share/ur_description/meshes/ur3e/visual/shoulder.dae
[1.945s] -- Up-to-date symlink: /home/nta/workspaces/ur_gazebo/install/ur_description/share/ur_description/meshes/ur3e/visual/upperarm.dae
[1.945s] -- Up-to-date symlink: /home/nta/workspaces/ur_gazebo/install/ur_description/share/ur_description/meshes/ur3e/visual/wrist1.dae
[1.947s] -- Up-to-date symlink: /home/nta/workspaces/ur_gazebo/install/ur_description/share/ur_description/meshes/ur3e/visual/wrist2.dae
[1.950s] -- Up-to-date symlink: /home/nta/workspaces/ur_gazebo/install/ur_description/share/ur_description/meshes/ur3e/visual/wrist3.dae
[1.950s] -- Up-to-date symlink: /home/nta/workspaces/ur_gazebo/install/ur_description/share/ur_description/meshes/ur5/collision/base.stl
[1.959s] -- Up-to-date symlink: /home/nta/workspaces/ur_gazebo/install/ur_description/share/ur_description/meshes/ur5/collision/forearm.stl
[1.959s] -- Up-to-date symlink: /home/nta/workspaces/ur_gazebo/install/ur_description/share/ur_description/meshes/ur5/collision/shoulder.stl
[1.962s] -- Up-to-date symlink: /home/nta/workspaces/ur_gazebo/install/ur_description/share/ur_description/meshes/ur5/collision/upperarm.stl
[1.963s] -- Up-to-date symlink: /home/nta/workspaces/ur_gazebo/install/ur_description/share/ur_description/meshes/ur5/collision/wrist1.stl
[1.968s] -- Up-to-date symlink: /home/nta/workspaces/ur_gazebo/install/ur_description/share/ur_description/meshes/ur5/collision/wrist2.stl
[1.969s] -- Up-to-date symlink: /home/nta/workspaces/ur_gazebo/install/ur_description/share/ur_description/meshes/ur5/collision/wrist3.stl
[1.974s] -- Up-to-date symlink: /home/nta/workspaces/ur_gazebo/install/ur_description/share/ur_description/meshes/ur5/visual/base.dae
[1.974s] -- Up-to-date symlink: /home/nta/workspaces/ur_gazebo/install/ur_description/share/ur_description/meshes/ur5/visual/forearm.dae
[1.980s] -- Up-to-date symlink: /home/nta/workspaces/ur_gazebo/install/ur_description/share/ur_description/meshes/ur5/visual/shoulder.dae
[1.983s] -- Up-to-date symlink: /home/nta/workspaces/ur_gazebo/install/ur_description/share/ur_description/meshes/ur5/visual/upperarm.dae
[1.983s] -- Up-to-date symlink: /home/nta/workspaces/ur_gazebo/install/ur_description/share/ur_description/meshes/ur5/visual/wrist1.dae
[1.987s] -- Up-to-date symlink: /home/nta/workspaces/ur_gazebo/install/ur_description/share/ur_description/meshes/ur5/visual/wrist2.dae
[1.988s] -- Up-to-date symlink: /home/nta/workspaces/ur_gazebo/install/ur_description/share/ur_description/meshes/ur5/visual/wrist3.dae
[1.991s] -- Up-to-date symlink: /home/nta/workspaces/ur_gazebo/install/ur_description/share/ur_description/meshes/ur5e/collision/base.stl
[1.991s] -- Up-to-date symlink: /home/nta/workspaces/ur_gazebo/install/ur_description/share/ur_description/meshes/ur5e/collision/forearm.stl
[1.992s] -- Up-to-date symlink: /home/nta/workspaces/ur_gazebo/install/ur_description/share/ur_description/meshes/ur5e/collision/shoulder.stl
[1.992s] -- Up-to-date symlink: /home/nta/workspaces/ur_gazebo/install/ur_description/share/ur_description/meshes/ur5e/collision/upperarm.stl
[1.998s] -- Up-to-date symlink: /home/nta/workspaces/ur_gazebo/install/ur_description/share/ur_description/meshes/ur5e/collision/wrist1.stl
[2.003s] -- Up-to-date symlink: /home/nta/workspaces/ur_gazebo/install/ur_description/share/ur_description/meshes/ur5e/collision/wrist2.stl
[2.008s] -- Up-to-date symlink: /home/nta/workspaces/ur_gazebo/install/ur_description/share/ur_description/meshes/ur5e/collision/wrist3.stl
[2.009s] -- Up-to-date symlink: /home/nta/workspaces/ur_gazebo/install/ur_description/share/ur_description/meshes/ur5e/visual/base.dae
[2.009s] -- Up-to-date symlink: /home/nta/workspaces/ur_gazebo/install/ur_description/share/ur_description/meshes/ur5e/visual/forearm.dae
[2.009s] -- Up-to-date symlink: /home/nta/workspaces/ur_gazebo/install/ur_description/share/ur_description/meshes/ur5e/visual/shoulder.dae
[2.018s] -- Up-to-date symlink: /home/nta/workspaces/ur_gazebo/install/ur_description/share/ur_description/meshes/ur5e/visual/upperarm.dae
[2.023s] -- Up-to-date symlink: /home/nta/workspaces/ur_gazebo/install/ur_description/share/ur_description/meshes/ur5e/visual/wrist1.dae
[2.027s] -- Up-to-date symlink: /home/nta/workspaces/ur_gazebo/install/ur_description/share/ur_description/meshes/ur5e/visual/wrist2.dae
[2.028s] -- Up-to-date symlink: /home/nta/workspaces/ur_gazebo/install/ur_description/share/ur_description/meshes/ur5e/visual/wrist3.dae
[2.029s] -- Up-to-date symlink: /home/nta/workspaces/ur_gazebo/install/ur_description/share/ur_description/meshes/ur8long/LICENSE.txt
[2.029s] -- Up-to-date symlink: /home/nta/workspaces/ur_gazebo/install/ur_description/share/ur_description/meshes/ur8long/collision/forearm.stl
[2.035s] -- Up-to-date symlink: /home/nta/workspaces/ur_gazebo/install/ur_description/share/ur_description/meshes/ur8long/collision/upperarm.stl
[2.037s] -- Up-to-date symlink: /home/nta/workspaces/ur_gazebo/install/ur_description/share/ur_description/meshes/ur8long/visual/UR8Long_DIFF_8bit_2K.jpg
[2.045s] -- Up-to-date symlink: /home/nta/workspaces/ur_gazebo/install/ur_description/share/ur_description/meshes/ur8long/visual/forearm.dae
[2.049s] -- Up-to-date symlink: /home/nta/workspaces/ur_gazebo/install/ur_description/share/ur_description/meshes/ur8long/visual/upperarm.dae
[2.049s] -- Up-to-date symlink: /home/nta/workspaces/ur_gazebo/install/ur_description/share/ur_description/rviz/view_robot.rviz
[2.050s] -- Up-to-date symlink: /home/nta/workspaces/ur_gazebo/install/ur_description/share/ur_description/urdf/inc/ur_common.xacro
[2.056s] -- Up-to-date symlink: /home/nta/workspaces/ur_gazebo/install/ur_description/share/ur_description/urdf/inc/ur_transmissions.xacro
[2.059s] -- Up-to-date symlink: /home/nta/workspaces/ur_gazebo/install/ur_description/share/ur_description/urdf/ur.ros2_control.xacro
[2.062s] -- Up-to-date symlink: /home/nta/workspaces/ur_gazebo/install/ur_description/share/ur_description/urdf/ur.urdf.xacro
[2.064s] -- Up-to-date symlink: /home/nta/workspaces/ur_gazebo/install/ur_description/share/ur_description/urdf/ur_macro.xacro
[2.066s] -- Up-to-date symlink: /home/nta/workspaces/ur_gazebo/install/ur_description/share/ur_description/test/test_ur_urdf_xacro.py
[2.066s] -- Up-to-date symlink: /home/nta/workspaces/ur_gazebo/install/ur_description/share/ur_description/test/test_view_ur_launch.py
[2.073s] -- Up-to-date symlink: /home/nta/workspaces/ur_gazebo/install/ur_description/share/ament_index/resource_index/package_run_dependencies/ur_description
[2.074s] -- Up-to-date symlink: /home/nta/workspaces/ur_gazebo/install/ur_description/share/ament_index/resource_index/parent_prefix_path/ur_description
[2.078s] -- Up-to-date symlink: /home/nta/workspaces/ur_gazebo/install/ur_description/share/ur_description/environment/ament_prefix_path.sh
[2.079s] -- Up-to-date symlink: /home/nta/workspaces/ur_gazebo/install/ur_description/share/ur_description/environment/ament_prefix_path.dsv
[2.079s] -- Up-to-date symlink: /home/nta/workspaces/ur_gazebo/install/ur_description/share/ur_description/environment/path.sh
[2.079s] -- Up-to-date symlink: /home/nta/workspaces/ur_gazebo/install/ur_description/share/ur_description/environment/path.dsv
[2.080s] -- Up-to-date symlink: /home/nta/workspaces/ur_gazebo/install/ur_description/share/ur_description/local_setup.bash
[2.080s] -- Up-to-date symlink: /home/nta/workspaces/ur_gazebo/install/ur_description/share/ur_description/local_setup.sh
[2.080s] -- Up-to-date symlink: /home/nta/workspaces/ur_gazebo/install/ur_description/share/ur_description/local_setup.zsh
[2.081s] -- Up-to-date symlink: /home/nta/workspaces/ur_gazebo/install/ur_description/share/ur_description/local_setup.dsv
[2.083s] -- Symlinking: /home/nta/workspaces/ur_gazebo/install/ur_description/share/ur_description/package.dsv
[2.138s] -- Up-to-date symlink: /home/nta/workspaces/ur_gazebo/install/ur_description/share/ament_index/resource_index/packages/ur_description
[2.146s] -- Up-to-date symlink: /home/nta/workspaces/ur_gazebo/install/ur_description/share/ur_description/cmake/ur_descriptionConfig.cmake
[2.147s] -- Up-to-date symlink: /home/nta/workspaces/ur_gazebo/install/ur_description/share/ur_description/cmake/ur_descriptionConfig-version.cmake
[2.148s] -- Up-to-date symlink: /home/nta/workspaces/ur_gazebo/install/ur_description/share/ur_description/package.xml
[2.157s] Invoked command in '/home/nta/workspaces/ur_gazebo/build/ur_description' returned '0': CMAKE_PREFIX_PATH=/opt/ros/humble /usr/bin/cmake --install /home/nta/workspaces/ur_gazebo/build/ur_description
