running develop
running egg_info
creating controller.egg-info
writing controller.egg-info/PKG-INFO
writing dependency_links to controller.egg-info/dependency_links.txt
writing entry points to controller.egg-info/entry_points.txt
writing requirements to controller.egg-info/requires.txt
writing top-level names to controller.egg-info/top_level.txt
writing manifest file 'controller.egg-info/SOURCES.txt'
reading manifest file 'controller.egg-info/SOURCES.txt'
writing manifest file 'controller.egg-info/SOURCES.txt'
running build_ext
Creating /home/nta/workspaces/ur_gazebo/install/controller/lib/python3.10/site-packages/controller.egg-link (link to .)
Installing controller script to /home/nta/workspaces/ur_gazebo/install/controller/lib/controller

Installed /home/nta/workspaces/ur_gazebo/build/controller
running symlink_data
creating /home/nta/workspaces/ur_gazebo/install/controller/share/ament_index
creating /home/nta/workspaces/ur_gazebo/install/controller/share/ament_index/resource_index
creating /home/nta/workspaces/ur_gazebo/install/controller/share/ament_index/resource_index/packages
symbolically linking /home/nta/workspaces/ur_gazebo/build/controller/resource/controller -> /home/nta/workspaces/ur_gazebo/install/controller/share/ament_index/resource_index/packages
symbolically linking /home/nta/workspaces/ur_gazebo/build/controller/package.xml -> /home/nta/workspaces/ur_gazebo/install/controller/share/controller
creating /home/nta/workspaces/ur_gazebo/install/controller/share/controller/models
creating /home/nta/workspaces/ur_gazebo/install/controller/share/controller/models/BC
symbolically linking /home/nta/workspaces/ur_gazebo/build/controller/controller/models/BC/bc_model.pth -> /home/nta/workspaces/ur_gazebo/install/controller/share/controller/models/BC
symbolically linking /home/nta/workspaces/ur_gazebo/build/controller/controller/models/BC/bc_model_v2.pth -> /home/nta/workspaces/ur_gazebo/install/controller/share/controller/models/BC
