[0.195s] Invoking command in '/home/nta/workspaces/ur_gazebo/build/ur_description': CMAKE_PREFIX_PATH=${CMAKE_PREFIX_PATH}:/home/nta/workspaces/ur_gazebo/install/my_controller:/home/nta/workspaces/ur_gazebo/install/controller:/opt/ros/humble /usr/bin/cmake /home/nta/workspaces/ur_gazebo/src/Universal_Robots_ROS2_Description -DAMENT_CMAKE_SYMLINK_INSTALL=1 -DCMAKE_INSTALL_PREFIX=/home/nta/workspaces/ur_gazebo/install/ur_description
[1.080s] -- The C compiler identification is GNU 11.4.0
[5.513s] -- The CXX compiler identification is GNU 11.4.0
[5.519s] -- Detecting C compiler ABI info
[7.347s] -- Detecting C compiler ABI info - done
[7.376s] -- Check for working C compiler: /usr/bin/cc - skipped
[7.382s] -- Detecting C compile features
[7.383s] -- Detecting C compile features - done
[7.411s] -- Detecting CXX compiler ABI info
[8.754s] -- Detecting CXX compiler ABI info - done
[8.783s] -- Check for working CXX compiler: /usr/bin/c++ - skipped
[8.783s] -- Detecting CXX compile features
[8.792s] -- Detecting CXX compile features - done
[8.809s] -- Found ament_cmake: 1.3.12 (/opt/ros/humble/share/ament_cmake/cmake)
[10.456s] -- Found Python3: /usr/bin/python3 (found version "3.10.12") found components: Interpreter 
[11.203s] -- Override CMake install command with custom implementation using symlinks instead of copying resources
[11.574s] -- Found ament_cmake_pytest: 1.3.12 (/opt/ros/humble/share/ament_cmake_pytest/cmake)
[17.893s] -- Configuring done
[17.964s] -- Generating done
[17.976s] -- Build files have been written to: /home/nta/workspaces/ur_gazebo/build/ur_description
[18.023s] Invoked command in '/home/nta/workspaces/ur_gazebo/build/ur_description' returned '0': CMAKE_PREFIX_PATH=${CMAKE_PREFIX_PATH}:/home/nta/workspaces/ur_gazebo/install/my_controller:/home/nta/workspaces/ur_gazebo/install/controller:/opt/ros/humble /usr/bin/cmake /home/nta/workspaces/ur_gazebo/src/Universal_Robots_ROS2_Description -DAMENT_CMAKE_SYMLINK_INSTALL=1 -DCMAKE_INSTALL_PREFIX=/home/nta/workspaces/ur_gazebo/install/ur_description
[18.029s] Invoking command in '/home/nta/workspaces/ur_gazebo/build/ur_description': CMAKE_PREFIX_PATH=${CMAKE_PREFIX_PATH}:/home/nta/workspaces/ur_gazebo/install/my_controller:/home/nta/workspaces/ur_gazebo/install/controller:/opt/ros/humble /usr/bin/cmake --build /home/nta/workspaces/ur_gazebo/build/ur_description -- -j4 -l4
[18.521s] Invoked command in '/home/nta/workspaces/ur_gazebo/build/ur_description' returned '0': CMAKE_PREFIX_PATH=${CMAKE_PREFIX_PATH}:/home/nta/workspaces/ur_gazebo/install/my_controller:/home/nta/workspaces/ur_gazebo/install/controller:/opt/ros/humble /usr/bin/cmake --build /home/nta/workspaces/ur_gazebo/build/ur_description -- -j4 -l4
[18.592s] Invoking command in '/home/nta/workspaces/ur_gazebo/build/ur_description': CMAKE_PREFIX_PATH=${CMAKE_PREFIX_PATH}:/home/nta/workspaces/ur_gazebo/install/my_controller:/home/nta/workspaces/ur_gazebo/install/controller:/opt/ros/humble /usr/bin/cmake --install /home/nta/workspaces/ur_gazebo/build/ur_description
[18.670s] -- Install configuration: ""
[18.671s] -- Execute custom install script
[18.678s] -- Symlinking: /home/nta/workspaces/ur_gazebo/install/ur_description/share/ur_description/config/initial_positions.yaml
[18.753s] -- Symlinking: /home/nta/workspaces/ur_gazebo/install/ur_description/share/ur_description/config/ur10/default_kinematics.yaml
[18.830s] -- Symlinking: /home/nta/workspaces/ur_gazebo/install/ur_description/share/ur_description/config/ur10/joint_limits.yaml
[18.904s] -- Symlinking: /home/nta/workspaces/ur_gazebo/install/ur_description/share/ur_description/config/ur10/physical_parameters.yaml
[19.014s] -- Symlinking: /home/nta/workspaces/ur_gazebo/install/ur_description/share/ur_description/config/ur10/visual_parameters.yaml
[19.137s] -- Symlinking: /home/nta/workspaces/ur_gazebo/install/ur_description/share/ur_description/config/ur10e/default_kinematics.yaml
[19.233s] -- Symlinking: /home/nta/workspaces/ur_gazebo/install/ur_description/share/ur_description/config/ur10e/joint_limits.yaml
[19.319s] -- Symlinking: /home/nta/workspaces/ur_gazebo/install/ur_description/share/ur_description/config/ur10e/physical_parameters.yaml
[19.401s] -- Symlinking: /home/nta/workspaces/ur_gazebo/install/ur_description/share/ur_description/config/ur10e/visual_parameters.yaml
[23.149s] -- Symlinking: /home/nta/workspaces/ur_gazebo/install/ur_description/share/ur_description/config/ur12e/default_kinematics.yaml
[23.245s] -- Symlinking: /home/nta/workspaces/ur_gazebo/install/ur_description/share/ur_description/config/ur12e/joint_limits.yaml
[23.344s] -- Symlinking: /home/nta/workspaces/ur_gazebo/install/ur_description/share/ur_description/config/ur12e/physical_parameters.yaml
[23.431s] -- Symlinking: /home/nta/workspaces/ur_gazebo/install/ur_description/share/ur_description/config/ur12e/visual_parameters.yaml
[23.517s] -- Symlinking: /home/nta/workspaces/ur_gazebo/install/ur_description/share/ur_description/config/ur15/default_kinematics.yaml
[23.583s] -- Symlinking: /home/nta/workspaces/ur_gazebo/install/ur_description/share/ur_description/config/ur15/joint_limits.yaml
[23.649s] -- Symlinking: /home/nta/workspaces/ur_gazebo/install/ur_description/share/ur_description/config/ur15/physical_parameters.yaml
[23.709s] -- Symlinking: /home/nta/workspaces/ur_gazebo/install/ur_description/share/ur_description/config/ur15/visual_parameters.yaml
[23.779s] -- Symlinking: /home/nta/workspaces/ur_gazebo/install/ur_description/share/ur_description/config/ur16e/default_kinematics.yaml
[23.841s] -- Symlinking: /home/nta/workspaces/ur_gazebo/install/ur_description/share/ur_description/config/ur16e/joint_limits.yaml
[23.911s] -- Symlinking: /home/nta/workspaces/ur_gazebo/install/ur_description/share/ur_description/config/ur16e/physical_parameters.yaml
[23.974s] -- Symlinking: /home/nta/workspaces/ur_gazebo/install/ur_description/share/ur_description/config/ur16e/visual_parameters.yaml
[24.042s] -- Symlinking: /home/nta/workspaces/ur_gazebo/install/ur_description/share/ur_description/config/ur18/default_kinematics.yaml
[24.117s] -- Symlinking: /home/nta/workspaces/ur_gazebo/install/ur_description/share/ur_description/config/ur18/joint_limits.yaml
[24.179s] -- Symlinking: /home/nta/workspaces/ur_gazebo/install/ur_description/share/ur_description/config/ur18/physical_parameters.yaml
[24.254s] -- Symlinking: /home/nta/workspaces/ur_gazebo/install/ur_description/share/ur_description/config/ur18/visual_parameters.yaml
[24.318s] -- Symlinking: /home/nta/workspaces/ur_gazebo/install/ur_description/share/ur_description/config/ur20/default_kinematics.yaml
[24.389s] -- Symlinking: /home/nta/workspaces/ur_gazebo/install/ur_description/share/ur_description/config/ur20/joint_limits.yaml
[24.462s] -- Symlinking: /home/nta/workspaces/ur_gazebo/install/ur_description/share/ur_description/config/ur20/physical_parameters.yaml
[24.539s] -- Symlinking: /home/nta/workspaces/ur_gazebo/install/ur_description/share/ur_description/config/ur20/visual_parameters.yaml
[24.617s] -- Symlinking: /home/nta/workspaces/ur_gazebo/install/ur_description/share/ur_description/config/ur3/default_kinematics.yaml
[24.697s] -- Symlinking: /home/nta/workspaces/ur_gazebo/install/ur_description/share/ur_description/config/ur3/joint_limits.yaml
[24.776s] -- Symlinking: /home/nta/workspaces/ur_gazebo/install/ur_description/share/ur_description/config/ur3/physical_parameters.yaml
[24.865s] -- Symlinking: /home/nta/workspaces/ur_gazebo/install/ur_description/share/ur_description/config/ur3/visual_parameters.yaml
[24.962s] -- Symlinking: /home/nta/workspaces/ur_gazebo/install/ur_description/share/ur_description/config/ur30/default_kinematics.yaml
[25.045s] -- Symlinking: /home/nta/workspaces/ur_gazebo/install/ur_description/share/ur_description/config/ur30/joint_limits.yaml
[25.124s] -- Symlinking: /home/nta/workspaces/ur_gazebo/install/ur_description/share/ur_description/config/ur30/physical_parameters.yaml
[25.200s] -- Symlinking: /home/nta/workspaces/ur_gazebo/install/ur_description/share/ur_description/config/ur30/visual_parameters.yaml
[25.281s] -- Symlinking: /home/nta/workspaces/ur_gazebo/install/ur_description/share/ur_description/config/ur3e/default_kinematics.yaml
[25.393s] -- Symlinking: /home/nta/workspaces/ur_gazebo/install/ur_description/share/ur_description/config/ur3e/joint_limits.yaml
[25.482s] -- Symlinking: /home/nta/workspaces/ur_gazebo/install/ur_description/share/ur_description/config/ur3e/physical_parameters.yaml
[25.562s] -- Symlinking: /home/nta/workspaces/ur_gazebo/install/ur_description/share/ur_description/config/ur3e/visual_parameters.yaml
[25.665s] -- Symlinking: /home/nta/workspaces/ur_gazebo/install/ur_description/share/ur_description/config/ur5/default_kinematics.yaml
[25.782s] -- Symlinking: /home/nta/workspaces/ur_gazebo/install/ur_description/share/ur_description/config/ur5/joint_limits.yaml
[25.915s] -- Symlinking: /home/nta/workspaces/ur_gazebo/install/ur_description/share/ur_description/config/ur5/physical_parameters.yaml
[26.051s] -- Symlinking: /home/nta/workspaces/ur_gazebo/install/ur_description/share/ur_description/config/ur5/visual_parameters.yaml
[26.138s] -- Symlinking: /home/nta/workspaces/ur_gazebo/install/ur_description/share/ur_description/config/ur5e/default_kinematics.yaml
[26.202s] -- Symlinking: /home/nta/workspaces/ur_gazebo/install/ur_description/share/ur_description/config/ur5e/joint_limits.yaml
[26.270s] -- Symlinking: /home/nta/workspaces/ur_gazebo/install/ur_description/share/ur_description/config/ur5e/physical_parameters.yaml
[26.337s] -- Symlinking: /home/nta/workspaces/ur_gazebo/install/ur_description/share/ur_description/config/ur5e/visual_parameters.yaml
[26.435s] -- Symlinking: /home/nta/workspaces/ur_gazebo/install/ur_description/share/ur_description/config/ur7e/default_kinematics.yaml
[26.533s] -- Symlinking: /home/nta/workspaces/ur_gazebo/install/ur_description/share/ur_description/config/ur7e/joint_limits.yaml
[26.636s] -- Symlinking: /home/nta/workspaces/ur_gazebo/install/ur_description/share/ur_description/config/ur7e/physical_parameters.yaml
[26.727s] -- Symlinking: /home/nta/workspaces/ur_gazebo/install/ur_description/share/ur_description/config/ur7e/visual_parameters.yaml
[26.839s] -- Symlinking: /home/nta/workspaces/ur_gazebo/install/ur_description/share/ur_description/config/ur8long/default_kinematics.yaml
[26.952s] -- Symlinking: /home/nta/workspaces/ur_gazebo/install/ur_description/share/ur_description/config/ur8long/joint_limits.yaml
[27.054s] -- Symlinking: /home/nta/workspaces/ur_gazebo/install/ur_description/share/ur_description/config/ur8long/physical_parameters.yaml
[27.167s] -- Symlinking: /home/nta/workspaces/ur_gazebo/install/ur_description/share/ur_description/config/ur8long/visual_parameters.yaml
[27.241s] -- Symlinking: /home/nta/workspaces/ur_gazebo/install/ur_description/share/ur_description/launch/view_ur.launch.py
[27.339s] -- Symlinking: /home/nta/workspaces/ur_gazebo/install/ur_description/share/ur_description/meshes/ur10/collision/base.stl
[27.428s] -- Symlinking: /home/nta/workspaces/ur_gazebo/install/ur_description/share/ur_description/meshes/ur10/collision/forearm.stl
[27.537s] -- Symlinking: /home/nta/workspaces/ur_gazebo/install/ur_description/share/ur_description/meshes/ur10/collision/shoulder.stl
[27.635s] -- Symlinking: /home/nta/workspaces/ur_gazebo/install/ur_description/share/ur_description/meshes/ur10/collision/upperarm.stl
[27.722s] -- Symlinking: /home/nta/workspaces/ur_gazebo/install/ur_description/share/ur_description/meshes/ur10/collision/wrist1.stl
[27.802s] -- Symlinking: /home/nta/workspaces/ur_gazebo/install/ur_description/share/ur_description/meshes/ur10/collision/wrist2.stl
[27.871s] -- Symlinking: /home/nta/workspaces/ur_gazebo/install/ur_description/share/ur_description/meshes/ur10/collision/wrist3.stl
[27.974s] -- Symlinking: /home/nta/workspaces/ur_gazebo/install/ur_description/share/ur_description/meshes/ur10/visual/base.dae
[28.065s] -- Symlinking: /home/nta/workspaces/ur_gazebo/install/ur_description/share/ur_description/meshes/ur10/visual/forearm.dae
[28.183s] -- Symlinking: /home/nta/workspaces/ur_gazebo/install/ur_description/share/ur_description/meshes/ur10/visual/shoulder.dae
[28.286s] -- Symlinking: /home/nta/workspaces/ur_gazebo/install/ur_description/share/ur_description/meshes/ur10/visual/upperarm.dae
[28.368s] -- Symlinking: /home/nta/workspaces/ur_gazebo/install/ur_description/share/ur_description/meshes/ur10/visual/wrist1.dae
[28.471s] -- Symlinking: /home/nta/workspaces/ur_gazebo/install/ur_description/share/ur_description/meshes/ur10/visual/wrist2.dae
[28.577s] -- Symlinking: /home/nta/workspaces/ur_gazebo/install/ur_description/share/ur_description/meshes/ur10/visual/wrist3.dae
[28.660s] -- Symlinking: /home/nta/workspaces/ur_gazebo/install/ur_description/share/ur_description/meshes/ur10e/collision/base.stl
[28.774s] -- Symlinking: /home/nta/workspaces/ur_gazebo/install/ur_description/share/ur_description/meshes/ur10e/collision/forearm.stl
[28.873s] -- Symlinking: /home/nta/workspaces/ur_gazebo/install/ur_description/share/ur_description/meshes/ur10e/collision/shoulder.stl
[28.960s] -- Symlinking: /home/nta/workspaces/ur_gazebo/install/ur_description/share/ur_description/meshes/ur10e/collision/upperarm.stl
[29.030s] -- Symlinking: /home/nta/workspaces/ur_gazebo/install/ur_description/share/ur_description/meshes/ur10e/collision/wrist1.stl
[29.119s] -- Symlinking: /home/nta/workspaces/ur_gazebo/install/ur_description/share/ur_description/meshes/ur10e/collision/wrist2.stl
[29.205s] -- Symlinking: /home/nta/workspaces/ur_gazebo/install/ur_description/share/ur_description/meshes/ur10e/collision/wrist3.stl
[29.265s] -- Symlinking: /home/nta/workspaces/ur_gazebo/install/ur_description/share/ur_description/meshes/ur10e/visual/base.dae
[29.326s] -- Symlinking: /home/nta/workspaces/ur_gazebo/install/ur_description/share/ur_description/meshes/ur10e/visual/forearm.dae
[29.382s] -- Symlinking: /home/nta/workspaces/ur_gazebo/install/ur_description/share/ur_description/meshes/ur10e/visual/shoulder.dae
[29.434s] -- Symlinking: /home/nta/workspaces/ur_gazebo/install/ur_description/share/ur_description/meshes/ur10e/visual/upperarm.dae
[29.487s] -- Symlinking: /home/nta/workspaces/ur_gazebo/install/ur_description/share/ur_description/meshes/ur10e/visual/wrist1.dae
[29.560s] -- Symlinking: /home/nta/workspaces/ur_gazebo/install/ur_description/share/ur_description/meshes/ur10e/visual/wrist2.dae
[29.627s] -- Symlinking: /home/nta/workspaces/ur_gazebo/install/ur_description/share/ur_description/meshes/ur10e/visual/wrist3.dae
[29.719s] -- Symlinking: /home/nta/workspaces/ur_gazebo/install/ur_description/share/ur_description/meshes/ur15/LICENSE.txt
[29.794s] -- Symlinking: /home/nta/workspaces/ur_gazebo/install/ur_description/share/ur_description/meshes/ur15/collision/base.stl
[29.853s] -- Symlinking: /home/nta/workspaces/ur_gazebo/install/ur_description/share/ur_description/meshes/ur15/collision/forearm.stl
[29.918s] -- Symlinking: /home/nta/workspaces/ur_gazebo/install/ur_description/share/ur_description/meshes/ur15/collision/shoulder.stl
[29.979s] -- Symlinking: /home/nta/workspaces/ur_gazebo/install/ur_description/share/ur_description/meshes/ur15/collision/upperarm.stl
[30.042s] -- Symlinking: /home/nta/workspaces/ur_gazebo/install/ur_description/share/ur_description/meshes/ur15/collision/wrist1.stl
[30.107s] -- Symlinking: /home/nta/workspaces/ur_gazebo/install/ur_description/share/ur_description/meshes/ur15/collision/wrist2.stl
[30.190s] -- Symlinking: /home/nta/workspaces/ur_gazebo/install/ur_description/share/ur_description/meshes/ur15/collision/wrist3.stl
[30.308s] -- Symlinking: /home/nta/workspaces/ur_gazebo/install/ur_description/share/ur_description/meshes/ur15/visual/UR15_DIFF_8bit_2K.jpg
[30.378s] -- Symlinking: /home/nta/workspaces/ur_gazebo/install/ur_description/share/ur_description/meshes/ur15/visual/base.dae
[30.445s] -- Symlinking: /home/nta/workspaces/ur_gazebo/install/ur_description/share/ur_description/meshes/ur15/visual/forearm.dae
[30.518s] -- Symlinking: /home/nta/workspaces/ur_gazebo/install/ur_description/share/ur_description/meshes/ur15/visual/shoulder.dae
[30.612s] -- Symlinking: /home/nta/workspaces/ur_gazebo/install/ur_description/share/ur_description/meshes/ur15/visual/upperarm.dae
[30.680s] -- Symlinking: /home/nta/workspaces/ur_gazebo/install/ur_description/share/ur_description/meshes/ur15/visual/wrist1.dae
[30.753s] -- Symlinking: /home/nta/workspaces/ur_gazebo/install/ur_description/share/ur_description/meshes/ur15/visual/wrist2.dae
[30.835s] -- Symlinking: /home/nta/workspaces/ur_gazebo/install/ur_description/share/ur_description/meshes/ur15/visual/wrist3.dae
[30.921s] -- Symlinking: /home/nta/workspaces/ur_gazebo/install/ur_description/share/ur_description/meshes/ur16e/collision/forearm.stl
[30.989s] -- Symlinking: /home/nta/workspaces/ur_gazebo/install/ur_description/share/ur_description/meshes/ur16e/collision/upperarm.stl
[31.078s] -- Symlinking: /home/nta/workspaces/ur_gazebo/install/ur_description/share/ur_description/meshes/ur16e/visual/forearm.dae
[31.181s] -- Symlinking: /home/nta/workspaces/ur_gazebo/install/ur_description/share/ur_description/meshes/ur16e/visual/upperarm.dae
[31.252s] -- Symlinking: /home/nta/workspaces/ur_gazebo/install/ur_description/share/ur_description/meshes/ur18/LICENSE.txt
[31.326s] -- Symlinking: /home/nta/workspaces/ur_gazebo/install/ur_description/share/ur_description/meshes/ur18/collision/forearm.stl
[31.388s] -- Symlinking: /home/nta/workspaces/ur_gazebo/install/ur_description/share/ur_description/meshes/ur18/collision/upperarm.stl
[31.465s] -- Symlinking: /home/nta/workspaces/ur_gazebo/install/ur_description/share/ur_description/meshes/ur18/visual/UR18_DIFF_8bit_2K.jpg
[31.542s] -- Symlinking: /home/nta/workspaces/ur_gazebo/install/ur_description/share/ur_description/meshes/ur18/visual/forearm.dae
[31.615s] -- Symlinking: /home/nta/workspaces/ur_gazebo/install/ur_description/share/ur_description/meshes/ur18/visual/upperarm.dae
[31.696s] -- Symlinking: /home/nta/workspaces/ur_gazebo/install/ur_description/share/ur_description/meshes/ur20/LICENSE.txt
[31.791s] -- Symlinking: /home/nta/workspaces/ur_gazebo/install/ur_description/share/ur_description/meshes/ur20/collision/base.stl
[31.883s] -- Symlinking: /home/nta/workspaces/ur_gazebo/install/ur_description/share/ur_description/meshes/ur20/collision/forearm.stl
[31.967s] -- Symlinking: /home/nta/workspaces/ur_gazebo/install/ur_description/share/ur_description/meshes/ur20/collision/shoulder.stl
[32.050s] -- Symlinking: /home/nta/workspaces/ur_gazebo/install/ur_description/share/ur_description/meshes/ur20/collision/upperarm.stl
[32.135s] -- Symlinking: /home/nta/workspaces/ur_gazebo/install/ur_description/share/ur_description/meshes/ur20/collision/wrist1.stl
[32.216s] -- Symlinking: /home/nta/workspaces/ur_gazebo/install/ur_description/share/ur_description/meshes/ur20/collision/wrist2.stl
[32.286s] -- Symlinking: /home/nta/workspaces/ur_gazebo/install/ur_description/share/ur_description/meshes/ur20/collision/wrist3.stl
[32.357s] -- Symlinking: /home/nta/workspaces/ur_gazebo/install/ur_description/share/ur_description/meshes/ur20/visual/UR20_DIFF_8bit_2K.png
[32.434s] -- Symlinking: /home/nta/workspaces/ur_gazebo/install/ur_description/share/ur_description/meshes/ur20/visual/base.dae
[32.511s] -- Symlinking: /home/nta/workspaces/ur_gazebo/install/ur_description/share/ur_description/meshes/ur20/visual/forearm.dae
[32.592s] -- Symlinking: /home/nta/workspaces/ur_gazebo/install/ur_description/share/ur_description/meshes/ur20/visual/shoulder.dae
[32.691s] -- Symlinking: /home/nta/workspaces/ur_gazebo/install/ur_description/share/ur_description/meshes/ur20/visual/upperarm.dae
[32.760s] -- Symlinking: /home/nta/workspaces/ur_gazebo/install/ur_description/share/ur_description/meshes/ur20/visual/wrist1.dae
[32.857s] -- Symlinking: /home/nta/workspaces/ur_gazebo/install/ur_description/share/ur_description/meshes/ur20/visual/wrist2.dae
[32.935s] -- Symlinking: /home/nta/workspaces/ur_gazebo/install/ur_description/share/ur_description/meshes/ur20/visual/wrist3.dae
[33.007s] -- Symlinking: /home/nta/workspaces/ur_gazebo/install/ur_description/share/ur_description/meshes/ur3/collision/base.stl
[33.072s] -- Symlinking: /home/nta/workspaces/ur_gazebo/install/ur_description/share/ur_description/meshes/ur3/collision/forearm.stl
[33.171s] -- Symlinking: /home/nta/workspaces/ur_gazebo/install/ur_description/share/ur_description/meshes/ur3/collision/shoulder.stl
[33.241s] -- Symlinking: /home/nta/workspaces/ur_gazebo/install/ur_description/share/ur_description/meshes/ur3/collision/upperarm.stl
[33.333s] -- Symlinking: /home/nta/workspaces/ur_gazebo/install/ur_description/share/ur_description/meshes/ur3/collision/wrist1.stl
[33.420s] -- Symlinking: /home/nta/workspaces/ur_gazebo/install/ur_description/share/ur_description/meshes/ur3/collision/wrist2.stl
[33.517s] -- Symlinking: /home/nta/workspaces/ur_gazebo/install/ur_description/share/ur_description/meshes/ur3/collision/wrist3.stl
[33.612s] -- Symlinking: /home/nta/workspaces/ur_gazebo/install/ur_description/share/ur_description/meshes/ur3/visual/base.dae
[33.685s] -- Symlinking: /home/nta/workspaces/ur_gazebo/install/ur_description/share/ur_description/meshes/ur3/visual/forearm.dae
[33.763s] -- Symlinking: /home/nta/workspaces/ur_gazebo/install/ur_description/share/ur_description/meshes/ur3/visual/shoulder.dae
[33.823s] -- Symlinking: /home/nta/workspaces/ur_gazebo/install/ur_description/share/ur_description/meshes/ur3/visual/upperarm.dae
[33.897s] -- Symlinking: /home/nta/workspaces/ur_gazebo/install/ur_description/share/ur_description/meshes/ur3/visual/wrist1.dae
[33.979s] -- Symlinking: /home/nta/workspaces/ur_gazebo/install/ur_description/share/ur_description/meshes/ur3/visual/wrist2.dae
[34.066s] -- Symlinking: /home/nta/workspaces/ur_gazebo/install/ur_description/share/ur_description/meshes/ur3/visual/wrist3.dae
[34.150s] -- Symlinking: /home/nta/workspaces/ur_gazebo/install/ur_description/share/ur_description/meshes/ur30/LICENSE.txt
[34.221s] -- Symlinking: /home/nta/workspaces/ur_gazebo/install/ur_description/share/ur_description/meshes/ur30/collision/forearm.stl
[34.296s] -- Symlinking: /home/nta/workspaces/ur_gazebo/install/ur_description/share/ur_description/meshes/ur30/collision/upperarm.stl
[34.361s] -- Symlinking: /home/nta/workspaces/ur_gazebo/install/ur_description/share/ur_description/meshes/ur30/visual/UR30_DIFF_8bit_2K.png
[34.453s] -- Symlinking: /home/nta/workspaces/ur_gazebo/install/ur_description/share/ur_description/meshes/ur30/visual/forearm.dae
[34.544s] -- Symlinking: /home/nta/workspaces/ur_gazebo/install/ur_description/share/ur_description/meshes/ur30/visual/upperarm.dae
[34.619s] -- Symlinking: /home/nta/workspaces/ur_gazebo/install/ur_description/share/ur_description/meshes/ur3e/collision/base.stl
[34.678s] -- Symlinking: /home/nta/workspaces/ur_gazebo/install/ur_description/share/ur_description/meshes/ur3e/collision/forearm.stl
[34.743s] -- Symlinking: /home/nta/workspaces/ur_gazebo/install/ur_description/share/ur_description/meshes/ur3e/collision/shoulder.stl
[34.812s] -- Symlinking: /home/nta/workspaces/ur_gazebo/install/ur_description/share/ur_description/meshes/ur3e/collision/upperarm.stl
[34.882s] -- Symlinking: /home/nta/workspaces/ur_gazebo/install/ur_description/share/ur_description/meshes/ur3e/collision/wrist1.stl
[34.957s] -- Symlinking: /home/nta/workspaces/ur_gazebo/install/ur_description/share/ur_description/meshes/ur3e/collision/wrist2.stl
[35.048s] -- Symlinking: /home/nta/workspaces/ur_gazebo/install/ur_description/share/ur_description/meshes/ur3e/collision/wrist3.stl
[35.115s] -- Symlinking: /home/nta/workspaces/ur_gazebo/install/ur_description/share/ur_description/meshes/ur3e/visual/base.dae
[35.195s] -- Symlinking: /home/nta/workspaces/ur_gazebo/install/ur_description/share/ur_description/meshes/ur3e/visual/forearm.dae
[35.257s] -- Symlinking: /home/nta/workspaces/ur_gazebo/install/ur_description/share/ur_description/meshes/ur3e/visual/shoulder.dae
[35.338s] -- Symlinking: /home/nta/workspaces/ur_gazebo/install/ur_description/share/ur_description/meshes/ur3e/visual/upperarm.dae
[35.436s] -- Symlinking: /home/nta/workspaces/ur_gazebo/install/ur_description/share/ur_description/meshes/ur3e/visual/wrist1.dae
[35.526s] -- Symlinking: /home/nta/workspaces/ur_gazebo/install/ur_description/share/ur_description/meshes/ur3e/visual/wrist2.dae
[35.600s] -- Symlinking: /home/nta/workspaces/ur_gazebo/install/ur_description/share/ur_description/meshes/ur3e/visual/wrist3.dae
[35.662s] -- Symlinking: /home/nta/workspaces/ur_gazebo/install/ur_description/share/ur_description/meshes/ur5/collision/base.stl
[35.753s] -- Symlinking: /home/nta/workspaces/ur_gazebo/install/ur_description/share/ur_description/meshes/ur5/collision/forearm.stl
[35.823s] -- Symlinking: /home/nta/workspaces/ur_gazebo/install/ur_description/share/ur_description/meshes/ur5/collision/shoulder.stl
[35.890s] -- Symlinking: /home/nta/workspaces/ur_gazebo/install/ur_description/share/ur_description/meshes/ur5/collision/upperarm.stl
[35.969s] -- Symlinking: /home/nta/workspaces/ur_gazebo/install/ur_description/share/ur_description/meshes/ur5/collision/wrist1.stl
[36.046s] -- Symlinking: /home/nta/workspaces/ur_gazebo/install/ur_description/share/ur_description/meshes/ur5/collision/wrist2.stl
[36.133s] -- Symlinking: /home/nta/workspaces/ur_gazebo/install/ur_description/share/ur_description/meshes/ur5/collision/wrist3.stl
[36.207s] -- Symlinking: /home/nta/workspaces/ur_gazebo/install/ur_description/share/ur_description/meshes/ur5/visual/base.dae
[36.292s] -- Symlinking: /home/nta/workspaces/ur_gazebo/install/ur_description/share/ur_description/meshes/ur5/visual/forearm.dae
[36.376s] -- Symlinking: /home/nta/workspaces/ur_gazebo/install/ur_description/share/ur_description/meshes/ur5/visual/shoulder.dae
[36.452s] -- Symlinking: /home/nta/workspaces/ur_gazebo/install/ur_description/share/ur_description/meshes/ur5/visual/upperarm.dae
[36.519s] -- Symlinking: /home/nta/workspaces/ur_gazebo/install/ur_description/share/ur_description/meshes/ur5/visual/wrist1.dae
[36.585s] -- Symlinking: /home/nta/workspaces/ur_gazebo/install/ur_description/share/ur_description/meshes/ur5/visual/wrist2.dae
[36.704s] -- Symlinking: /home/nta/workspaces/ur_gazebo/install/ur_description/share/ur_description/meshes/ur5/visual/wrist3.dae
[36.786s] -- Symlinking: /home/nta/workspaces/ur_gazebo/install/ur_description/share/ur_description/meshes/ur5e/collision/base.stl
[36.860s] -- Symlinking: /home/nta/workspaces/ur_gazebo/install/ur_description/share/ur_description/meshes/ur5e/collision/forearm.stl
[36.936s] -- Symlinking: /home/nta/workspaces/ur_gazebo/install/ur_description/share/ur_description/meshes/ur5e/collision/shoulder.stl
[37.002s] -- Symlinking: /home/nta/workspaces/ur_gazebo/install/ur_description/share/ur_description/meshes/ur5e/collision/upperarm.stl
[37.075s] -- Symlinking: /home/nta/workspaces/ur_gazebo/install/ur_description/share/ur_description/meshes/ur5e/collision/wrist1.stl
[37.163s] -- Symlinking: /home/nta/workspaces/ur_gazebo/install/ur_description/share/ur_description/meshes/ur5e/collision/wrist2.stl
[37.233s] -- Symlinking: /home/nta/workspaces/ur_gazebo/install/ur_description/share/ur_description/meshes/ur5e/collision/wrist3.stl
[37.304s] -- Symlinking: /home/nta/workspaces/ur_gazebo/install/ur_description/share/ur_description/meshes/ur5e/visual/base.dae
[37.361s] -- Symlinking: /home/nta/workspaces/ur_gazebo/install/ur_description/share/ur_description/meshes/ur5e/visual/forearm.dae
[37.421s] -- Symlinking: /home/nta/workspaces/ur_gazebo/install/ur_description/share/ur_description/meshes/ur5e/visual/shoulder.dae
[37.487s] -- Symlinking: /home/nta/workspaces/ur_gazebo/install/ur_description/share/ur_description/meshes/ur5e/visual/upperarm.dae
[37.567s] -- Symlinking: /home/nta/workspaces/ur_gazebo/install/ur_description/share/ur_description/meshes/ur5e/visual/wrist1.dae
[37.630s] -- Symlinking: /home/nta/workspaces/ur_gazebo/install/ur_description/share/ur_description/meshes/ur5e/visual/wrist2.dae
[37.685s] -- Symlinking: /home/nta/workspaces/ur_gazebo/install/ur_description/share/ur_description/meshes/ur5e/visual/wrist3.dae
[37.750s] -- Symlinking: /home/nta/workspaces/ur_gazebo/install/ur_description/share/ur_description/meshes/ur8long/LICENSE.txt
[37.810s] -- Symlinking: /home/nta/workspaces/ur_gazebo/install/ur_description/share/ur_description/meshes/ur8long/collision/forearm.stl
[37.901s] -- Symlinking: /home/nta/workspaces/ur_gazebo/install/ur_description/share/ur_description/meshes/ur8long/collision/upperarm.stl
[37.976s] -- Symlinking: /home/nta/workspaces/ur_gazebo/install/ur_description/share/ur_description/meshes/ur8long/visual/UR8Long_DIFF_8bit_2K.jpg
[38.045s] -- Symlinking: /home/nta/workspaces/ur_gazebo/install/ur_description/share/ur_description/meshes/ur8long/visual/forearm.dae
[38.116s] -- Symlinking: /home/nta/workspaces/ur_gazebo/install/ur_description/share/ur_description/meshes/ur8long/visual/upperarm.dae
[38.195s] -- Symlinking: /home/nta/workspaces/ur_gazebo/install/ur_description/share/ur_description/rviz/view_robot.rviz
[38.276s] -- Symlinking: /home/nta/workspaces/ur_gazebo/install/ur_description/share/ur_description/urdf/inc/ur_common.xacro
[38.334s] -- Symlinking: /home/nta/workspaces/ur_gazebo/install/ur_description/share/ur_description/urdf/inc/ur_transmissions.xacro
[38.397s] -- Symlinking: /home/nta/workspaces/ur_gazebo/install/ur_description/share/ur_description/urdf/ur.ros2_control.xacro
[38.461s] -- Symlinking: /home/nta/workspaces/ur_gazebo/install/ur_description/share/ur_description/urdf/ur.urdf.xacro
[38.519s] -- Symlinking: /home/nta/workspaces/ur_gazebo/install/ur_description/share/ur_description/urdf/ur_macro.xacro
[38.580s] -- Symlinking: /home/nta/workspaces/ur_gazebo/install/ur_description/share/ur_description/test/test_ur_urdf_xacro.py
[38.634s] -- Symlinking: /home/nta/workspaces/ur_gazebo/install/ur_description/share/ur_description/test/test_view_ur_launch.py
[38.687s] -- Symlinking: /home/nta/workspaces/ur_gazebo/install/ur_description/share/ament_index/resource_index/package_run_dependencies/ur_description
[38.768s] -- Symlinking: /home/nta/workspaces/ur_gazebo/install/ur_description/share/ament_index/resource_index/parent_prefix_path/ur_description
[38.847s] -- Symlinking: /home/nta/workspaces/ur_gazebo/install/ur_description/share/ur_description/environment/ament_prefix_path.sh
[38.943s] -- Symlinking: /home/nta/workspaces/ur_gazebo/install/ur_description/share/ur_description/environment/ament_prefix_path.dsv
[39.010s] -- Symlinking: /home/nta/workspaces/ur_gazebo/install/ur_description/share/ur_description/environment/path.sh
[39.092s] -- Symlinking: /home/nta/workspaces/ur_gazebo/install/ur_description/share/ur_description/environment/path.dsv
[39.192s] -- Symlinking: /home/nta/workspaces/ur_gazebo/install/ur_description/share/ur_description/local_setup.bash
[42.915s] -- Symlinking: /home/nta/workspaces/ur_gazebo/install/ur_description/share/ur_description/local_setup.sh
[43.024s] -- Symlinking: /home/nta/workspaces/ur_gazebo/install/ur_description/share/ur_description/local_setup.zsh
[43.118s] -- Symlinking: /home/nta/workspaces/ur_gazebo/install/ur_description/share/ur_description/local_setup.dsv
[43.196s] -- Symlinking: /home/nta/workspaces/ur_gazebo/install/ur_description/share/ur_description/package.dsv
[43.271s] -- Symlinking: /home/nta/workspaces/ur_gazebo/install/ur_description/share/ament_index/resource_index/packages/ur_description
[43.341s] -- Symlinking: /home/nta/workspaces/ur_gazebo/install/ur_description/share/ur_description/cmake/ur_descriptionConfig.cmake
[43.407s] -- Symlinking: /home/nta/workspaces/ur_gazebo/install/ur_description/share/ur_description/cmake/ur_descriptionConfig-version.cmake
[43.480s] -- Symlinking: /home/nta/workspaces/ur_gazebo/install/ur_description/share/ur_description/package.xml
[43.573s] Invoked command in '/home/nta/workspaces/ur_gazebo/build/ur_description' returned '0': CMAKE_PREFIX_PATH=${CMAKE_PREFIX_PATH}:/home/nta/workspaces/ur_gazebo/install/my_controller:/home/nta/workspaces/ur_gazebo/install/controller:/opt/ros/humble /usr/bin/cmake --install /home/nta/workspaces/ur_gazebo/build/ur_description
