[0.419s] DEBUG:colcon:Command line arguments: ['/usr/bin/colcon', 'build', '--symlink-install']
[0.419s] DEBUG:colcon:Parsed command line arguments: Namespace(log_base=None, log_level=None, verb_name='build', build_base='build', install_base='install', merge_install=False, symlink_install=True, test_result_base=None, continue_on_error=False, executor='parallel', parallel_workers=4, event_handlers=None, ignore_user_meta=False, metas=['./colcon.meta'], base_paths=['.'], packages_ignore=None, packages_ignore_regex=None, paths=None, packages_up_to=None, packages_up_to_regex=None, packages_above=None, packages_above_and_dependencies=None, packages_above_depth=None, packages_select_by_dep=None, packages_skip_by_dep=None, packages_skip_up_to=None, packages_select_build_failed=False, packages_skip_build_finished=False, packages_select_test_failures=False, packages_skip_test_passed=False, packages_select=None, packages_skip=None, packages_select_regex=None, packages_skip_regex=None, packages_start=None, packages_end=None, allow_overriding=[], cmake_args=None, cmake_target=None, cmake_target_skip_unavailable=False, cmake_clean_cache=False, cmake_clean_first=False, cmake_force_configure=False, ament_cmake_args=None, catkin_cmake_args=None, catkin_skip_building_tests=False, mixin_files=None, mixin=None, verb_parser=<colcon_mixin.mixin.mixin_argument.MixinArgumentDecorator object at 0x7b1aecc39990>, verb_extension=<colcon_core.verb.build.BuildVerb object at 0x7b1aecdaaef0>, main=<bound method BuildVerb.main of <colcon_core.verb.build.BuildVerb object at 0x7b1aecdaaef0>>, mixin_verb=('build',))
[0.707s] Level 1:colcon.colcon_core.package_discovery:discover_packages(colcon_meta) check parameters
[0.707s] Level 1:colcon.colcon_core.package_discovery:discover_packages(recursive) check parameters
[0.707s] Level 1:colcon.colcon_core.package_discovery:discover_packages(ignore) check parameters
[0.707s] Level 1:colcon.colcon_core.package_discovery:discover_packages(path) check parameters
[0.707s] Level 1:colcon.colcon_core.package_discovery:discover_packages(colcon_meta) discover
[0.707s] Level 1:colcon.colcon_core.package_discovery:discover_packages(recursive) discover
[0.707s] INFO:colcon.colcon_core.package_discovery:Crawling recursively for packages in '/home/nta/workspaces/ur_gazebo'
[0.708s] Level 1:colcon.colcon_core.package_identification:_identify(.) by extensions ['ignore', 'ignore_ament_install']
[0.708s] Level 1:colcon.colcon_core.package_identification:_identify(.) by extension 'ignore'
[0.708s] Level 1:colcon.colcon_core.package_identification:_identify(.) by extension 'ignore_ament_install'
[0.708s] Level 1:colcon.colcon_core.package_identification:_identify(.) by extensions ['colcon_pkg']
[0.708s] Level 1:colcon.colcon_core.package_identification:_identify(.) by extension 'colcon_pkg'
[0.708s] Level 1:colcon.colcon_core.package_identification:_identify(.) by extensions ['colcon_meta']
[0.708s] Level 1:colcon.colcon_core.package_identification:_identify(.) by extension 'colcon_meta'
[0.708s] Level 1:colcon.colcon_core.package_identification:_identify(.) by extensions ['ros']
[0.708s] Level 1:colcon.colcon_core.package_identification:_identify(.) by extension 'ros'
[0.780s] Level 1:colcon.colcon_core.package_identification:_identify(.) by extensions ['cmake', 'python']
[0.780s] Level 1:colcon.colcon_core.package_identification:_identify(.) by extension 'cmake'
[0.780s] Level 1:colcon.colcon_core.package_identification:_identify(.) by extension 'python'
[0.780s] Level 1:colcon.colcon_core.package_identification:_identify(.) by extensions ['python_setup_py']
[0.780s] Level 1:colcon.colcon_core.package_identification:_identify(.) by extension 'python_setup_py'
[0.781s] Level 1:colcon.colcon_core.package_identification:_identify(build) by extensions ['ignore', 'ignore_ament_install']
[0.781s] Level 1:colcon.colcon_core.package_identification:_identify(build) by extension 'ignore'
[0.781s] Level 1:colcon.colcon_core.package_identification:_identify(build) ignored
[0.783s] Level 1:colcon.colcon_core.package_identification:_identify(install) by extensions ['ignore', 'ignore_ament_install']
[0.783s] Level 1:colcon.colcon_core.package_identification:_identify(install) by extension 'ignore'
[0.783s] Level 1:colcon.colcon_core.package_identification:_identify(install) ignored
[0.783s] Level 1:colcon.colcon_core.package_identification:_identify(log) by extensions ['ignore', 'ignore_ament_install']
[0.784s] Level 1:colcon.colcon_core.package_identification:_identify(log) by extension 'ignore'
[0.784s] Level 1:colcon.colcon_core.package_identification:_identify(log) ignored
[0.786s] Level 1:colcon.colcon_core.package_identification:_identify(src) by extensions ['ignore', 'ignore_ament_install']
[0.786s] Level 1:colcon.colcon_core.package_identification:_identify(src) by extension 'ignore'
[0.786s] Level 1:colcon.colcon_core.package_identification:_identify(src) by extension 'ignore_ament_install'
[0.786s] Level 1:colcon.colcon_core.package_identification:_identify(src) by extensions ['colcon_pkg']
[0.786s] Level 1:colcon.colcon_core.package_identification:_identify(src) by extension 'colcon_pkg'
[0.786s] Level 1:colcon.colcon_core.package_identification:_identify(src) by extensions ['colcon_meta']
[0.786s] Level 1:colcon.colcon_core.package_identification:_identify(src) by extension 'colcon_meta'
[0.786s] Level 1:colcon.colcon_core.package_identification:_identify(src) by extensions ['ros']
[0.786s] Level 1:colcon.colcon_core.package_identification:_identify(src) by extension 'ros'
[0.786s] Level 1:colcon.colcon_core.package_identification:_identify(src) by extensions ['cmake', 'python']
[0.786s] Level 1:colcon.colcon_core.package_identification:_identify(src) by extension 'cmake'
[0.787s] Level 1:colcon.colcon_core.package_identification:_identify(src) by extension 'python'
[0.787s] Level 1:colcon.colcon_core.package_identification:_identify(src) by extensions ['python_setup_py']
[0.787s] Level 1:colcon.colcon_core.package_identification:_identify(src) by extension 'python_setup_py'
[0.788s] Level 1:colcon.colcon_core.package_identification:_identify(src/Universal_Robots_ROS2_Description) by extensions ['ignore', 'ignore_ament_install']
[0.789s] Level 1:colcon.colcon_core.package_identification:_identify(src/Universal_Robots_ROS2_Description) by extension 'ignore'
[0.789s] Level 1:colcon.colcon_core.package_identification:_identify(src/Universal_Robots_ROS2_Description) by extension 'ignore_ament_install'
[0.789s] Level 1:colcon.colcon_core.package_identification:_identify(src/Universal_Robots_ROS2_Description) by extensions ['colcon_pkg']
[0.789s] Level 1:colcon.colcon_core.package_identification:_identify(src/Universal_Robots_ROS2_Description) by extension 'colcon_pkg'
[0.789s] Level 1:colcon.colcon_core.package_identification:_identify(src/Universal_Robots_ROS2_Description) by extensions ['colcon_meta']
[0.789s] Level 1:colcon.colcon_core.package_identification:_identify(src/Universal_Robots_ROS2_Description) by extension 'colcon_meta'
[0.789s] Level 1:colcon.colcon_core.package_identification:_identify(src/Universal_Robots_ROS2_Description) by extensions ['ros']
[0.789s] Level 1:colcon.colcon_core.package_identification:_identify(src/Universal_Robots_ROS2_Description) by extension 'ros'
[0.801s] DEBUG:colcon.colcon_core.package_identification:Package 'src/Universal_Robots_ROS2_Description' with type 'ros.ament_cmake' and name 'ur_description'
[0.803s] Level 1:colcon.colcon_core.package_identification:_identify(src/Universal_Robots_ROS2_Gazebo_Simulation) by extensions ['ignore', 'ignore_ament_install']
[0.804s] Level 1:colcon.colcon_core.package_identification:_identify(src/Universal_Robots_ROS2_Gazebo_Simulation) by extension 'ignore'
[0.804s] Level 1:colcon.colcon_core.package_identification:_identify(src/Universal_Robots_ROS2_Gazebo_Simulation) by extension 'ignore_ament_install'
[0.804s] Level 1:colcon.colcon_core.package_identification:_identify(src/Universal_Robots_ROS2_Gazebo_Simulation) by extensions ['colcon_pkg']
[0.804s] Level 1:colcon.colcon_core.package_identification:_identify(src/Universal_Robots_ROS2_Gazebo_Simulation) by extension 'colcon_pkg'
[0.804s] Level 1:colcon.colcon_core.package_identification:_identify(src/Universal_Robots_ROS2_Gazebo_Simulation) by extensions ['colcon_meta']
[0.804s] Level 1:colcon.colcon_core.package_identification:_identify(src/Universal_Robots_ROS2_Gazebo_Simulation) by extension 'colcon_meta'
[0.804s] Level 1:colcon.colcon_core.package_identification:_identify(src/Universal_Robots_ROS2_Gazebo_Simulation) by extensions ['ros']
[0.804s] Level 1:colcon.colcon_core.package_identification:_identify(src/Universal_Robots_ROS2_Gazebo_Simulation) by extension 'ros'
[0.805s] Level 1:colcon.colcon_core.package_identification:_identify(src/Universal_Robots_ROS2_Gazebo_Simulation) by extensions ['cmake', 'python']
[0.805s] Level 1:colcon.colcon_core.package_identification:_identify(src/Universal_Robots_ROS2_Gazebo_Simulation) by extension 'cmake'
[0.805s] Level 1:colcon.colcon_core.package_identification:_identify(src/Universal_Robots_ROS2_Gazebo_Simulation) by extension 'python'
[0.805s] Level 1:colcon.colcon_core.package_identification:_identify(src/Universal_Robots_ROS2_Gazebo_Simulation) by extensions ['python_setup_py']
[0.805s] Level 1:colcon.colcon_core.package_identification:_identify(src/Universal_Robots_ROS2_Gazebo_Simulation) by extension 'python_setup_py'
[0.806s] Level 1:colcon.colcon_core.package_identification:_identify(src/Universal_Robots_ROS2_Gazebo_Simulation/ur_simulation_gazebo) by extensions ['ignore', 'ignore_ament_install']
[0.806s] Level 1:colcon.colcon_core.package_identification:_identify(src/Universal_Robots_ROS2_Gazebo_Simulation/ur_simulation_gazebo) by extension 'ignore'
[0.806s] Level 1:colcon.colcon_core.package_identification:_identify(src/Universal_Robots_ROS2_Gazebo_Simulation/ur_simulation_gazebo) by extension 'ignore_ament_install'
[0.806s] Level 1:colcon.colcon_core.package_identification:_identify(src/Universal_Robots_ROS2_Gazebo_Simulation/ur_simulation_gazebo) by extensions ['colcon_pkg']
[0.806s] Level 1:colcon.colcon_core.package_identification:_identify(src/Universal_Robots_ROS2_Gazebo_Simulation/ur_simulation_gazebo) by extension 'colcon_pkg'
[0.807s] Level 1:colcon.colcon_core.package_identification:_identify(src/Universal_Robots_ROS2_Gazebo_Simulation/ur_simulation_gazebo) by extensions ['colcon_meta']
[0.807s] Level 1:colcon.colcon_core.package_identification:_identify(src/Universal_Robots_ROS2_Gazebo_Simulation/ur_simulation_gazebo) by extension 'colcon_meta'
[0.807s] Level 1:colcon.colcon_core.package_identification:_identify(src/Universal_Robots_ROS2_Gazebo_Simulation/ur_simulation_gazebo) by extensions ['ros']
[0.807s] Level 1:colcon.colcon_core.package_identification:_identify(src/Universal_Robots_ROS2_Gazebo_Simulation/ur_simulation_gazebo) by extension 'ros'
[0.810s] DEBUG:colcon.colcon_core.package_identification:Package 'src/Universal_Robots_ROS2_Gazebo_Simulation/ur_simulation_gazebo' with type 'ros.ament_cmake' and name 'ur_simulation_gazebo'
[0.811s] Level 1:colcon.colcon_core.package_identification:_identify(src/controller) by extensions ['ignore', 'ignore_ament_install']
[0.811s] Level 1:colcon.colcon_core.package_identification:_identify(src/controller) by extension 'ignore'
[0.811s] Level 1:colcon.colcon_core.package_identification:_identify(src/controller) by extension 'ignore_ament_install'
[0.811s] Level 1:colcon.colcon_core.package_identification:_identify(src/controller) by extensions ['colcon_pkg']
[0.811s] Level 1:colcon.colcon_core.package_identification:_identify(src/controller) by extension 'colcon_pkg'
[0.811s] Level 1:colcon.colcon_core.package_identification:_identify(src/controller) by extensions ['colcon_meta']
[0.811s] Level 1:colcon.colcon_core.package_identification:_identify(src/controller) by extension 'colcon_meta'
[0.811s] Level 1:colcon.colcon_core.package_identification:_identify(src/controller) by extensions ['ros']
[0.811s] Level 1:colcon.colcon_core.package_identification:_identify(src/controller) by extension 'ros'
[0.813s] DEBUG:colcon.colcon_core.package_identification:Package 'src/controller' with type 'ros.ament_python' and name 'my_controller'
[0.813s] Level 1:colcon.colcon_core.package_discovery:discover_packages(recursive) using defaults
[0.813s] Level 1:colcon.colcon_core.package_discovery:discover_packages(ignore) discover
[0.814s] Level 1:colcon.colcon_core.package_discovery:discover_packages(ignore) using defaults
[0.814s] Level 1:colcon.colcon_core.package_discovery:discover_packages(path) discover
[0.814s] Level 1:colcon.colcon_core.package_discovery:discover_packages(path) using defaults
[0.908s] Level 1:colcon.colcon_core.package_discovery:discover_packages(prefix_path) check parameters
[0.908s] Level 1:colcon.colcon_core.package_discovery:discover_packages(prefix_path) discover
[0.913s] Level 1:colcon.colcon_core.package_discovery:discover_packages(prefix_path) using defaults
[0.919s] Level 5:colcon.colcon_core.verb:set package 'my_controller' build argument 'cmake_args' from command line to 'None'
[0.919s] Level 5:colcon.colcon_core.verb:set package 'my_controller' build argument 'cmake_target' from command line to 'None'
[0.919s] Level 5:colcon.colcon_core.verb:set package 'my_controller' build argument 'cmake_target_skip_unavailable' from command line to 'False'
[0.919s] Level 5:colcon.colcon_core.verb:set package 'my_controller' build argument 'cmake_clean_cache' from command line to 'False'
[0.919s] Level 5:colcon.colcon_core.verb:set package 'my_controller' build argument 'cmake_clean_first' from command line to 'False'
[0.919s] Level 5:colcon.colcon_core.verb:set package 'my_controller' build argument 'cmake_force_configure' from command line to 'False'
[0.919s] Level 5:colcon.colcon_core.verb:set package 'my_controller' build argument 'ament_cmake_args' from command line to 'None'
[0.919s] Level 5:colcon.colcon_core.verb:set package 'my_controller' build argument 'catkin_cmake_args' from command line to 'None'
[0.919s] Level 5:colcon.colcon_core.verb:set package 'my_controller' build argument 'catkin_skip_building_tests' from command line to 'False'
[0.919s] DEBUG:colcon.colcon_core.verb:Building package 'my_controller' with the following arguments: {'ament_cmake_args': None, 'build_base': '/home/nta/workspaces/ur_gazebo/build/my_controller', 'catkin_cmake_args': None, 'catkin_skip_building_tests': False, 'cmake_args': None, 'cmake_clean_cache': False, 'cmake_clean_first': False, 'cmake_force_configure': False, 'cmake_target': None, 'cmake_target_skip_unavailable': False, 'install_base': '/home/nta/workspaces/ur_gazebo/install/my_controller', 'merge_install': False, 'path': '/home/nta/workspaces/ur_gazebo/src/controller', 'symlink_install': True, 'test_result_base': None}
[0.920s] Level 5:colcon.colcon_core.verb:set package 'ur_description' build argument 'cmake_args' from command line to 'None'
[0.921s] Level 5:colcon.colcon_core.verb:set package 'ur_description' build argument 'cmake_target' from command line to 'None'
[0.921s] Level 5:colcon.colcon_core.verb:set package 'ur_description' build argument 'cmake_target_skip_unavailable' from command line to 'False'
[0.921s] Level 5:colcon.colcon_core.verb:set package 'ur_description' build argument 'cmake_clean_cache' from command line to 'False'
[0.921s] Level 5:colcon.colcon_core.verb:set package 'ur_description' build argument 'cmake_clean_first' from command line to 'False'
[0.921s] Level 5:colcon.colcon_core.verb:set package 'ur_description' build argument 'cmake_force_configure' from command line to 'False'
[0.921s] Level 5:colcon.colcon_core.verb:set package 'ur_description' build argument 'ament_cmake_args' from command line to 'None'
[0.921s] Level 5:colcon.colcon_core.verb:set package 'ur_description' build argument 'catkin_cmake_args' from command line to 'None'
[0.921s] Level 5:colcon.colcon_core.verb:set package 'ur_description' build argument 'catkin_skip_building_tests' from command line to 'False'
[0.921s] DEBUG:colcon.colcon_core.verb:Building package 'ur_description' with the following arguments: {'ament_cmake_args': None, 'build_base': '/home/nta/workspaces/ur_gazebo/build/ur_description', 'catkin_cmake_args': None, 'catkin_skip_building_tests': False, 'cmake_args': None, 'cmake_clean_cache': False, 'cmake_clean_first': False, 'cmake_force_configure': False, 'cmake_target': None, 'cmake_target_skip_unavailable': False, 'install_base': '/home/nta/workspaces/ur_gazebo/install/ur_description', 'merge_install': False, 'path': '/home/nta/workspaces/ur_gazebo/src/Universal_Robots_ROS2_Description', 'symlink_install': True, 'test_result_base': None}
[0.922s] Level 5:colcon.colcon_core.verb:set package 'ur_simulation_gazebo' build argument 'cmake_args' from command line to 'None'
[0.922s] Level 5:colcon.colcon_core.verb:set package 'ur_simulation_gazebo' build argument 'cmake_target' from command line to 'None'
[0.922s] Level 5:colcon.colcon_core.verb:set package 'ur_simulation_gazebo' build argument 'cmake_target_skip_unavailable' from command line to 'False'
[0.922s] Level 5:colcon.colcon_core.verb:set package 'ur_simulation_gazebo' build argument 'cmake_clean_cache' from command line to 'False'
[0.922s] Level 5:colcon.colcon_core.verb:set package 'ur_simulation_gazebo' build argument 'cmake_clean_first' from command line to 'False'
[0.922s] Level 5:colcon.colcon_core.verb:set package 'ur_simulation_gazebo' build argument 'cmake_force_configure' from command line to 'False'
[0.922s] Level 5:colcon.colcon_core.verb:set package 'ur_simulation_gazebo' build argument 'ament_cmake_args' from command line to 'None'
[0.922s] Level 5:colcon.colcon_core.verb:set package 'ur_simulation_gazebo' build argument 'catkin_cmake_args' from command line to 'None'
[0.922s] Level 5:colcon.colcon_core.verb:set package 'ur_simulation_gazebo' build argument 'catkin_skip_building_tests' from command line to 'False'
[0.922s] DEBUG:colcon.colcon_core.verb:Building package 'ur_simulation_gazebo' with the following arguments: {'ament_cmake_args': None, 'build_base': '/home/nta/workspaces/ur_gazebo/build/ur_simulation_gazebo', 'catkin_cmake_args': None, 'catkin_skip_building_tests': False, 'cmake_args': None, 'cmake_clean_cache': False, 'cmake_clean_first': False, 'cmake_force_configure': False, 'cmake_target': None, 'cmake_target_skip_unavailable': False, 'install_base': '/home/nta/workspaces/ur_gazebo/install/ur_simulation_gazebo', 'merge_install': False, 'path': '/home/nta/workspaces/ur_gazebo/src/Universal_Robots_ROS2_Gazebo_Simulation/ur_simulation_gazebo', 'symlink_install': True, 'test_result_base': None}
[0.922s] INFO:colcon.colcon_core.executor:Executing jobs using 'parallel' executor
[0.926s] DEBUG:colcon.colcon_parallel_executor.executor.parallel:run_until_complete
[0.927s] INFO:colcon.colcon_ros.task.ament_cmake.build:Building ROS package in '/home/nta/workspaces/ur_gazebo/src/Universal_Robots_ROS2_Description' with build type 'ament_cmake'
[0.928s] INFO:colcon.colcon_cmake.task.cmake.build:Building CMake package in '/home/nta/workspaces/ur_gazebo/src/Universal_Robots_ROS2_Description'
[0.942s] INFO:colcon.colcon_core.plugin_system:Skipping extension 'colcon_core.shell.bat': Not used on non-Windows systems
[0.943s] INFO:colcon.colcon_core.shell:Skip shell extension 'powershell' for command environment: Not usable outside of PowerShell
[0.943s] DEBUG:colcon.colcon_core.shell:Skip shell extension 'dsv' for command environment
[0.947s] INFO:colcon.colcon_ros.task.ament_python.build:Building ROS package in '/home/nta/workspaces/ur_gazebo/src/controller' with build type 'ament_python'
[0.947s] Level 1:colcon.colcon_core.shell:create_environment_hook('my_controller', 'ament_prefix_path')
[0.948s] INFO:colcon.colcon_core.shell:Creating environment hook '/home/nta/workspaces/ur_gazebo/install/my_controller/share/my_controller/hook/ament_prefix_path.ps1'
[0.951s] INFO:colcon.colcon_core.shell:Creating environment descriptor '/home/nta/workspaces/ur_gazebo/install/my_controller/share/my_controller/hook/ament_prefix_path.dsv'
[0.956s] INFO:colcon.colcon_core.shell:Creating environment hook '/home/nta/workspaces/ur_gazebo/install/my_controller/share/my_controller/hook/ament_prefix_path.sh'
[0.961s] INFO:colcon.colcon_core.shell:Skip shell extension 'powershell' for command environment: Not usable outside of PowerShell
[0.962s] DEBUG:colcon.colcon_core.shell:Skip shell extension 'dsv' for command environment
[0.991s] DEBUG:colcon.colcon_core.event_handler.log_command:Invoking command in '/home/nta/workspaces/ur_gazebo/build/ur_description': /usr/bin/cmake --build /home/nta/workspaces/ur_gazebo/build/ur_description -- -j4 -l4
[1.511s] WARNING:colcon.colcon_ros.task.ament_python.build:Package 'my_controller' doesn't explicitly install a marker in the package index (colcon-ros currently does it implicitly but that fallback will be removed in the future)
[1.513s] WARNING:colcon.colcon_ros.task.ament_python.build:Package 'my_controller' doesn't explicitly install the 'package.xml' file (colcon-ros currently does it implicitly but that fallback will be removed in the future)
[1.513s] INFO:colcon.colcon_core.task.python.build:Building Python package in '/home/nta/workspaces/ur_gazebo/src/controller'
[1.514s] INFO:colcon.colcon_core.shell:Skip shell extension 'powershell' for command environment: Not usable outside of PowerShell
[1.514s] DEBUG:colcon.colcon_core.shell:Skip shell extension 'dsv' for command environment
[1.521s] DEBUG:colcon.colcon_core.event_handler.log_command:Invoked command in '/home/nta/workspaces/ur_gazebo/build/ur_description' returned '0': /usr/bin/cmake --build /home/nta/workspaces/ur_gazebo/build/ur_description -- -j4 -l4
[1.548s] DEBUG:colcon.colcon_core.event_handler.log_command:Invoking command in '/home/nta/workspaces/ur_gazebo/build/ur_description': /usr/bin/cmake --install /home/nta/workspaces/ur_gazebo/build/ur_description
[2.034s] Level 1:colcon.colcon_core.environment:create_environment_scripts_only(ur_description)
[2.037s] DEBUG:colcon.colcon_core.event_handler.log_command:Invoked command in '/home/nta/workspaces/ur_gazebo/build/ur_description' returned '0': /usr/bin/cmake --install /home/nta/workspaces/ur_gazebo/build/ur_description
[2.056s] Level 1:colcon.colcon_core.environment:checking '/home/nta/workspaces/ur_gazebo/install/ur_description' for CMake module files
[2.061s] Level 1:colcon.colcon_core.environment:checking '/home/nta/workspaces/ur_gazebo/install/ur_description' for CMake config files
[2.116s] Level 1:colcon.colcon_core.shell:create_environment_hook('ur_description', 'cmake_prefix_path')
[2.117s] INFO:colcon.colcon_core.shell:Creating environment hook '/home/nta/workspaces/ur_gazebo/install/ur_description/share/ur_description/hook/cmake_prefix_path.ps1'
[2.121s] INFO:colcon.colcon_core.shell:Creating environment descriptor '/home/nta/workspaces/ur_gazebo/install/ur_description/share/ur_description/hook/cmake_prefix_path.dsv'
[2.122s] INFO:colcon.colcon_core.shell:Creating environment hook '/home/nta/workspaces/ur_gazebo/install/ur_description/share/ur_description/hook/cmake_prefix_path.sh'
[2.125s] Level 1:colcon.colcon_core.environment:checking '/home/nta/workspaces/ur_gazebo/install/ur_description/bin'
[2.125s] Level 1:colcon.colcon_core.environment:checking '/home/nta/workspaces/ur_gazebo/install/ur_description/lib/pkgconfig/ur_description.pc'
[2.125s] Level 1:colcon.colcon_core.environment:checking '/home/nta/workspaces/ur_gazebo/install/ur_description/lib/python3.10/site-packages'
[2.126s] Level 1:colcon.colcon_core.environment:checking '/home/nta/workspaces/ur_gazebo/install/ur_description/bin'
[2.126s] INFO:colcon.colcon_core.shell:Creating package script '/home/nta/workspaces/ur_gazebo/install/ur_description/share/ur_description/package.ps1'
[2.130s] INFO:colcon.colcon_core.shell:Creating package descriptor '/home/nta/workspaces/ur_gazebo/install/ur_description/share/ur_description/package.dsv'
[2.131s] INFO:colcon.colcon_core.shell:Creating package script '/home/nta/workspaces/ur_gazebo/install/ur_description/share/ur_description/package.sh'
[2.133s] INFO:colcon.colcon_core.shell:Creating package script '/home/nta/workspaces/ur_gazebo/install/ur_description/share/ur_description/package.bash'
[2.137s] INFO:colcon.colcon_core.shell:Creating package script '/home/nta/workspaces/ur_gazebo/install/ur_description/share/ur_description/package.zsh'
[2.140s] Level 1:colcon.colcon_core.environment:create_file_with_runtime_dependencies(/home/nta/workspaces/ur_gazebo/install/ur_description/share/colcon-core/packages/ur_description)
[2.142s] Level 1:colcon.colcon_core.environment:create_environment_scripts_only(ur_description)
[2.143s] Level 1:colcon.colcon_core.environment:checking '/home/nta/workspaces/ur_gazebo/install/ur_description' for CMake module files
[2.144s] Level 1:colcon.colcon_core.environment:checking '/home/nta/workspaces/ur_gazebo/install/ur_description' for CMake config files
[2.148s] Level 1:colcon.colcon_core.shell:create_environment_hook('ur_description', 'cmake_prefix_path')
[2.149s] INFO:colcon.colcon_core.shell:Creating environment hook '/home/nta/workspaces/ur_gazebo/install/ur_description/share/ur_description/hook/cmake_prefix_path.ps1'
[2.151s] INFO:colcon.colcon_core.shell:Creating environment descriptor '/home/nta/workspaces/ur_gazebo/install/ur_description/share/ur_description/hook/cmake_prefix_path.dsv'
[2.153s] INFO:colcon.colcon_core.shell:Creating environment hook '/home/nta/workspaces/ur_gazebo/install/ur_description/share/ur_description/hook/cmake_prefix_path.sh'
[2.156s] Level 1:colcon.colcon_core.environment:checking '/home/nta/workspaces/ur_gazebo/install/ur_description/bin'
[2.156s] Level 1:colcon.colcon_core.environment:checking '/home/nta/workspaces/ur_gazebo/install/ur_description/lib/pkgconfig/ur_description.pc'
[2.157s] Level 1:colcon.colcon_core.environment:checking '/home/nta/workspaces/ur_gazebo/install/ur_description/lib/python3.10/site-packages'
[2.157s] Level 1:colcon.colcon_core.environment:checking '/home/nta/workspaces/ur_gazebo/install/ur_description/bin'
[2.159s] INFO:colcon.colcon_core.shell:Creating package script '/home/nta/workspaces/ur_gazebo/install/ur_description/share/ur_description/package.ps1'
[2.162s] INFO:colcon.colcon_core.shell:Creating package descriptor '/home/nta/workspaces/ur_gazebo/install/ur_description/share/ur_description/package.dsv'
[2.164s] INFO:colcon.colcon_core.shell:Creating package script '/home/nta/workspaces/ur_gazebo/install/ur_description/share/ur_description/package.sh'
[2.166s] INFO:colcon.colcon_core.shell:Creating package script '/home/nta/workspaces/ur_gazebo/install/ur_description/share/ur_description/package.bash'
[2.170s] INFO:colcon.colcon_core.shell:Creating package script '/home/nta/workspaces/ur_gazebo/install/ur_description/share/ur_description/package.zsh'
[2.173s] Level 1:colcon.colcon_core.environment:create_file_with_runtime_dependencies(/home/nta/workspaces/ur_gazebo/install/ur_description/share/colcon-core/packages/ur_description)
[2.175s] INFO:colcon.colcon_ros.task.ament_cmake.build:Building ROS package in '/home/nta/workspaces/ur_gazebo/src/Universal_Robots_ROS2_Gazebo_Simulation/ur_simulation_gazebo' with build type 'ament_cmake'
[2.175s] INFO:colcon.colcon_cmake.task.cmake.build:Building CMake package in '/home/nta/workspaces/ur_gazebo/src/Universal_Robots_ROS2_Gazebo_Simulation/ur_simulation_gazebo'
[2.176s] INFO:colcon.colcon_core.shell:Skip shell extension 'powershell' for command environment: Not usable outside of PowerShell
[2.176s] DEBUG:colcon.colcon_core.shell:Skip shell extension 'dsv' for command environment
[2.210s] DEBUG:colcon.colcon_core.event_handler.log_command:Invoking command in '/home/nta/workspaces/ur_gazebo/build/ur_simulation_gazebo': AMENT_PREFIX_PATH=/home/nta/workspaces/ur_gazebo/install/ur_description CMAKE_PREFIX_PATH=/home/nta/workspaces/ur_gazebo/install/ur_description /usr/bin/cmake --build /home/nta/workspaces/ur_gazebo/build/ur_simulation_gazebo -- -j4 -l4
[2.323s] DEBUG:colcon.colcon_core.event_handler.log_command:Invoked command in '/home/nta/workspaces/ur_gazebo/build/ur_simulation_gazebo' returned '0': AMENT_PREFIX_PATH=/home/nta/workspaces/ur_gazebo/install/ur_description CMAKE_PREFIX_PATH=/home/nta/workspaces/ur_gazebo/install/ur_description /usr/bin/cmake --build /home/nta/workspaces/ur_gazebo/build/ur_simulation_gazebo -- -j4 -l4
[2.330s] DEBUG:colcon.colcon_core.event_handler.log_command:Invoking command in '/home/nta/workspaces/ur_gazebo/build/ur_simulation_gazebo': AMENT_PREFIX_PATH=/home/nta/workspaces/ur_gazebo/install/ur_description CMAKE_PREFIX_PATH=/home/nta/workspaces/ur_gazebo/install/ur_description /usr/bin/cmake --install /home/nta/workspaces/ur_gazebo/build/ur_simulation_gazebo
[2.416s] Level 1:colcon.colcon_core.environment:create_environment_scripts_only(ur_simulation_gazebo)
[2.417s] Level 1:colcon.colcon_core.environment:checking '/home/nta/workspaces/ur_gazebo/install/ur_simulation_gazebo' for CMake module files
[2.419s] DEBUG:colcon.colcon_core.event_handler.log_command:Invoked command in '/home/nta/workspaces/ur_gazebo/build/ur_simulation_gazebo' returned '0': AMENT_PREFIX_PATH=/home/nta/workspaces/ur_gazebo/install/ur_description CMAKE_PREFIX_PATH=/home/nta/workspaces/ur_gazebo/install/ur_description /usr/bin/cmake --install /home/nta/workspaces/ur_gazebo/build/ur_simulation_gazebo
[2.422s] Level 1:colcon.colcon_core.environment:checking '/home/nta/workspaces/ur_gazebo/install/ur_simulation_gazebo' for CMake config files
[2.436s] Level 1:colcon.colcon_core.shell:create_environment_hook('ur_simulation_gazebo', 'cmake_prefix_path')
[2.436s] INFO:colcon.colcon_core.shell:Creating environment hook '/home/nta/workspaces/ur_gazebo/install/ur_simulation_gazebo/share/ur_simulation_gazebo/hook/cmake_prefix_path.ps1'
[2.438s] INFO:colcon.colcon_core.shell:Creating environment descriptor '/home/nta/workspaces/ur_gazebo/install/ur_simulation_gazebo/share/ur_simulation_gazebo/hook/cmake_prefix_path.dsv'
[2.440s] INFO:colcon.colcon_core.shell:Creating environment hook '/home/nta/workspaces/ur_gazebo/install/ur_simulation_gazebo/share/ur_simulation_gazebo/hook/cmake_prefix_path.sh'
[2.442s] Level 1:colcon.colcon_core.environment:checking '/home/nta/workspaces/ur_gazebo/install/ur_simulation_gazebo/bin'
[2.442s] Level 1:colcon.colcon_core.environment:checking '/home/nta/workspaces/ur_gazebo/install/ur_simulation_gazebo/lib/pkgconfig/ur_simulation_gazebo.pc'
[2.443s] Level 1:colcon.colcon_core.environment:checking '/home/nta/workspaces/ur_gazebo/install/ur_simulation_gazebo/lib/python3.10/site-packages'
[2.444s] Level 1:colcon.colcon_core.environment:checking '/home/nta/workspaces/ur_gazebo/install/ur_simulation_gazebo/bin'
[2.445s] INFO:colcon.colcon_core.shell:Creating package script '/home/nta/workspaces/ur_gazebo/install/ur_simulation_gazebo/share/ur_simulation_gazebo/package.ps1'
[2.448s] INFO:colcon.colcon_core.shell:Creating package descriptor '/home/nta/workspaces/ur_gazebo/install/ur_simulation_gazebo/share/ur_simulation_gazebo/package.dsv'
[2.450s] INFO:colcon.colcon_core.shell:Creating package script '/home/nta/workspaces/ur_gazebo/install/ur_simulation_gazebo/share/ur_simulation_gazebo/package.sh'
[2.452s] INFO:colcon.colcon_core.shell:Creating package script '/home/nta/workspaces/ur_gazebo/install/ur_simulation_gazebo/share/ur_simulation_gazebo/package.bash'
[2.454s] INFO:colcon.colcon_core.shell:Creating package script '/home/nta/workspaces/ur_gazebo/install/ur_simulation_gazebo/share/ur_simulation_gazebo/package.zsh'
[2.456s] Level 1:colcon.colcon_core.environment:create_file_with_runtime_dependencies(/home/nta/workspaces/ur_gazebo/install/ur_simulation_gazebo/share/colcon-core/packages/ur_simulation_gazebo)
[2.458s] Level 1:colcon.colcon_core.environment:create_environment_scripts_only(ur_simulation_gazebo)
[2.458s] Level 1:colcon.colcon_core.environment:checking '/home/nta/workspaces/ur_gazebo/install/ur_simulation_gazebo' for CMake module files
[2.459s] Level 1:colcon.colcon_core.environment:checking '/home/nta/workspaces/ur_gazebo/install/ur_simulation_gazebo' for CMake config files
[2.460s] Level 1:colcon.colcon_core.shell:create_environment_hook('ur_simulation_gazebo', 'cmake_prefix_path')
[2.461s] INFO:colcon.colcon_core.shell:Creating environment hook '/home/nta/workspaces/ur_gazebo/install/ur_simulation_gazebo/share/ur_simulation_gazebo/hook/cmake_prefix_path.ps1'
[2.462s] INFO:colcon.colcon_core.shell:Creating environment descriptor '/home/nta/workspaces/ur_gazebo/install/ur_simulation_gazebo/share/ur_simulation_gazebo/hook/cmake_prefix_path.dsv'
[2.466s] INFO:colcon.colcon_core.shell:Creating environment hook '/home/nta/workspaces/ur_gazebo/install/ur_simulation_gazebo/share/ur_simulation_gazebo/hook/cmake_prefix_path.sh'
[2.469s] Level 1:colcon.colcon_core.environment:checking '/home/nta/workspaces/ur_gazebo/install/ur_simulation_gazebo/bin'
[2.469s] Level 1:colcon.colcon_core.environment:checking '/home/nta/workspaces/ur_gazebo/install/ur_simulation_gazebo/lib/pkgconfig/ur_simulation_gazebo.pc'
[2.470s] Level 1:colcon.colcon_core.environment:checking '/home/nta/workspaces/ur_gazebo/install/ur_simulation_gazebo/lib/python3.10/site-packages'
[2.471s] Level 1:colcon.colcon_core.environment:checking '/home/nta/workspaces/ur_gazebo/install/ur_simulation_gazebo/bin'
[2.471s] INFO:colcon.colcon_core.shell:Creating package script '/home/nta/workspaces/ur_gazebo/install/ur_simulation_gazebo/share/ur_simulation_gazebo/package.ps1'
[2.474s] INFO:colcon.colcon_core.shell:Creating package descriptor '/home/nta/workspaces/ur_gazebo/install/ur_simulation_gazebo/share/ur_simulation_gazebo/package.dsv'
[2.476s] INFO:colcon.colcon_core.shell:Creating package script '/home/nta/workspaces/ur_gazebo/install/ur_simulation_gazebo/share/ur_simulation_gazebo/package.sh'
[2.477s] INFO:colcon.colcon_core.shell:Creating package script '/home/nta/workspaces/ur_gazebo/install/ur_simulation_gazebo/share/ur_simulation_gazebo/package.bash'
[2.479s] INFO:colcon.colcon_core.shell:Creating package script '/home/nta/workspaces/ur_gazebo/install/ur_simulation_gazebo/share/ur_simulation_gazebo/package.zsh'
[2.482s] Level 1:colcon.colcon_core.environment:create_file_with_runtime_dependencies(/home/nta/workspaces/ur_gazebo/install/ur_simulation_gazebo/share/colcon-core/packages/ur_simulation_gazebo)
[2.503s] DEBUG:colcon.colcon_core.event_handler.log_command:Invoking command in '/home/nta/workspaces/ur_gazebo/build/my_controller': PYTHONPATH=/home/nta/workspaces/ur_gazebo/build/my_controller/prefix_override:/usr/lib/python3/dist-packages/colcon_core/task/python/colcon_distutils_commands:/home/nta/workspaces/ur_gazebo/install/my_controller/lib/python3.10/site-packages: /usr/bin/python3 -W ignore:setup.py install is deprecated -W ignore:easy_install command is deprecated setup.py develop --editable --build-directory /home/nta/workspaces/ur_gazebo/build/my_controller/build --no-deps symlink_data
[3.266s] Level 1:colcon.colcon_core.shell:create_environment_hook('my_controller', 'pythonpath_develop')
[3.267s] INFO:colcon.colcon_core.shell:Creating environment hook '/home/nta/workspaces/ur_gazebo/build/my_controller/share/my_controller/hook/pythonpath_develop.ps1'
[3.270s] DEBUG:colcon.colcon_core.event_handler.log_command:Invoked command in '/home/nta/workspaces/ur_gazebo/build/my_controller' returned '0': PYTHONPATH=/home/nta/workspaces/ur_gazebo/build/my_controller/prefix_override:/usr/lib/python3/dist-packages/colcon_core/task/python/colcon_distutils_commands:/home/nta/workspaces/ur_gazebo/install/my_controller/lib/python3.10/site-packages: /usr/bin/python3 -W ignore:setup.py install is deprecated -W ignore:easy_install command is deprecated setup.py develop --editable --build-directory /home/nta/workspaces/ur_gazebo/build/my_controller/build --no-deps symlink_data
[3.271s] INFO:colcon.colcon_core.shell:Creating environment descriptor '/home/nta/workspaces/ur_gazebo/build/my_controller/share/my_controller/hook/pythonpath_develop.dsv'
[3.272s] INFO:colcon.colcon_core.shell:Creating environment hook '/home/nta/workspaces/ur_gazebo/build/my_controller/share/my_controller/hook/pythonpath_develop.sh'
[3.274s] Level 1:colcon.colcon_core.environment:checking '/home/nta/workspaces/ur_gazebo/install/my_controller' for CMake module files
[3.276s] Level 1:colcon.colcon_core.environment:checking '/home/nta/workspaces/ur_gazebo/install/my_controller' for CMake config files
[3.293s] Level 1:colcon.colcon_core.environment:checking '/home/nta/workspaces/ur_gazebo/install/my_controller/lib'
[3.294s] Level 1:colcon.colcon_core.environment:checking '/home/nta/workspaces/ur_gazebo/install/my_controller/bin'
[3.294s] Level 1:colcon.colcon_core.environment:checking '/home/nta/workspaces/ur_gazebo/install/my_controller/lib/pkgconfig/my_controller.pc'
[3.294s] Level 1:colcon.colcon_core.environment:checking '/home/nta/workspaces/ur_gazebo/install/my_controller/lib/python3.10/site-packages'
[3.295s] Level 1:colcon.colcon_core.shell:create_environment_hook('my_controller', 'pythonpath')
[3.295s] INFO:colcon.colcon_core.shell:Creating environment hook '/home/nta/workspaces/ur_gazebo/install/my_controller/share/my_controller/hook/pythonpath.ps1'
[3.296s] INFO:colcon.colcon_core.shell:Creating environment descriptor '/home/nta/workspaces/ur_gazebo/install/my_controller/share/my_controller/hook/pythonpath.dsv'
[3.297s] INFO:colcon.colcon_core.shell:Creating environment hook '/home/nta/workspaces/ur_gazebo/install/my_controller/share/my_controller/hook/pythonpath.sh'
[3.299s] Level 1:colcon.colcon_core.environment:checking '/home/nta/workspaces/ur_gazebo/install/my_controller/bin'
[3.300s] Level 1:colcon.colcon_core.environment:create_environment_scripts_only(my_controller)
[3.301s] INFO:colcon.colcon_core.shell:Creating package script '/home/nta/workspaces/ur_gazebo/install/my_controller/share/my_controller/package.ps1'
[3.303s] INFO:colcon.colcon_core.shell:Creating package descriptor '/home/nta/workspaces/ur_gazebo/install/my_controller/share/my_controller/package.dsv'
[3.305s] INFO:colcon.colcon_core.shell:Creating package script '/home/nta/workspaces/ur_gazebo/install/my_controller/share/my_controller/package.sh'
[3.307s] INFO:colcon.colcon_core.shell:Creating package script '/home/nta/workspaces/ur_gazebo/install/my_controller/share/my_controller/package.bash'
[3.308s] INFO:colcon.colcon_core.shell:Creating package script '/home/nta/workspaces/ur_gazebo/install/my_controller/share/my_controller/package.zsh'
[3.309s] Level 1:colcon.colcon_core.environment:create_file_with_runtime_dependencies(/home/nta/workspaces/ur_gazebo/install/my_controller/share/colcon-core/packages/my_controller)
[3.311s] DEBUG:colcon.colcon_parallel_executor.executor.parallel:closing loop
[3.312s] DEBUG:colcon.colcon_parallel_executor.executor.parallel:loop closed
[3.312s] DEBUG:colcon.colcon_parallel_executor.executor.parallel:run_until_complete finished with '0'
[3.312s] DEBUG:colcon.colcon_core.event_reactor:joining thread
[3.346s] INFO:colcon.colcon_core.plugin_system:Skipping extension 'colcon_notification.desktop_notification.terminal_notifier': Not used on non-Darwin systems
[3.346s] INFO:colcon.colcon_core.plugin_system:Skipping extension 'colcon_notification.desktop_notification.win32': Not used on non-Windows systems
[3.347s] INFO:colcon.colcon_notification.desktop_notification:Sending desktop notification using 'notify2'
[3.404s] DEBUG:colcon.colcon_core.event_reactor:joined thread
[3.405s] INFO:colcon.colcon_core.shell:Creating prefix script '/home/nta/workspaces/ur_gazebo/install/local_setup.ps1'
[3.408s] INFO:colcon.colcon_core.shell:Creating prefix util module '/home/nta/workspaces/ur_gazebo/install/_local_setup_util_ps1.py'
[3.411s] INFO:colcon.colcon_core.shell:Creating prefix chain script '/home/nta/workspaces/ur_gazebo/install/setup.ps1'
[3.414s] INFO:colcon.colcon_core.shell:Creating prefix script '/home/nta/workspaces/ur_gazebo/install/local_setup.sh'
[3.417s] INFO:colcon.colcon_core.shell:Creating prefix util module '/home/nta/workspaces/ur_gazebo/install/_local_setup_util_sh.py'
[3.419s] INFO:colcon.colcon_core.shell:Creating prefix chain script '/home/nta/workspaces/ur_gazebo/install/setup.sh'
[3.423s] INFO:colcon.colcon_core.shell:Creating prefix script '/home/nta/workspaces/ur_gazebo/install/local_setup.bash'
[3.427s] INFO:colcon.colcon_core.shell:Creating prefix chain script '/home/nta/workspaces/ur_gazebo/install/setup.bash'
[3.431s] INFO:colcon.colcon_core.shell:Creating prefix script '/home/nta/workspaces/ur_gazebo/install/local_setup.zsh'
[3.434s] INFO:colcon.colcon_core.shell:Creating prefix chain script '/home/nta/workspaces/ur_gazebo/install/setup.zsh'
