[0.103s] Invoking command in '/home/nta/workspaces/ur_gazebo/build/ur_simulation_gazebo': CMAKE_PREFIX_PATH=/home/nta/workspaces/ur_gazebo/install/ur_description:/home/nta/workspaces/ur_gazebo/install/ur_simulation_gazebo:/home/nta/workspaces/ur_gazebo/install/my_controller:/home/nta/workspaces/ur_gazebo/install/controller:/opt/ros/humble /usr/bin/cmake /home/nta/workspaces/ur_gazebo/src/Universal_Robots_ROS2_Gazebo_Simulation/ur_simulation_gazebo -DAMENT_CMAKE_SYMLINK_INSTALL=1 -DCMAKE_INSTALL_PREFIX=/home/nta/workspaces/ur_gazebo/install/ur_simulation_gazebo
[0.638s] -- The C compiler identification is GNU 11.4.0
[1.171s] -- The CXX compiler identification is GNU 11.4.0
[1.238s] -- Detecting C compiler ABI info
[2.070s] -- Detecting C compiler ABI info - done
[2.100s] -- Check for working C compiler: /usr/bin/cc - skipped
[2.101s] -- Detecting C compile features
[2.106s] -- Detecting C compile features - done
[2.133s] -- Detecting CXX compiler ABI info
[3.139s] -- Detecting CXX compiler ABI info - done
[3.165s] -- Check for working CXX compiler: /usr/bin/c++ - skipped
[3.168s] -- Detecting CXX compile features
[3.172s] -- Detecting CXX compile features - done
[3.198s] -- Found ament_cmake: 1.3.12 (/opt/ros/humble/share/ament_cmake/cmake)
[3.991s] -- Found Python3: /usr/bin/python3 (found version "3.10.12") found components: Interpreter 
[4.336s] -- Override CMake install command with custom implementation using symlinks instead of copying resources
[4.598s] -- Found launch_testing_ament_cmake: 1.0.13 (/opt/ros/humble/share/launch_testing_ament_cmake/cmake)
[4.611s] -- Found python_cmake_module: 0.10.0 (/opt/ros/humble/share/python_cmake_module/cmake)
[4.728s] -- Found PythonInterp: /usr/bin/python3 (found suitable version "3.10.12", minimum required is "3.6") 
[4.776s] -- Found PythonLibs: /usr/lib/x86_64-linux-gnu/libpython3.10.so (found suitable version "3.10.12", minimum required is "3.5") 
[4.778s] -- Using PYTHON_EXECUTABLE: /usr/bin/python3
[4.779s] -- Using PYTHON_INCLUDE_DIRS: /usr/include/python3.10
[4.779s] -- Using PYTHON_LIBRARIES: /usr/lib/x86_64-linux-gnu/libpython3.10.so
[4.882s] -- Found PythonExtra: .so  
[4.899s] -- Found ament_cmake_pytest: 1.3.12 (/opt/ros/humble/share/ament_cmake_pytest/cmake)
[5.265s] -- Configuring done
[5.297s] -- Generating done
[5.306s] -- Build files have been written to: /home/nta/workspaces/ur_gazebo/build/ur_simulation_gazebo
[5.341s] Invoked command in '/home/nta/workspaces/ur_gazebo/build/ur_simulation_gazebo' returned '0': CMAKE_PREFIX_PATH=/home/nta/workspaces/ur_gazebo/install/ur_description:/home/nta/workspaces/ur_gazebo/install/ur_simulation_gazebo:/home/nta/workspaces/ur_gazebo/install/my_controller:/home/nta/workspaces/ur_gazebo/install/controller:/opt/ros/humble /usr/bin/cmake /home/nta/workspaces/ur_gazebo/src/Universal_Robots_ROS2_Gazebo_Simulation/ur_simulation_gazebo -DAMENT_CMAKE_SYMLINK_INSTALL=1 -DCMAKE_INSTALL_PREFIX=/home/nta/workspaces/ur_gazebo/install/ur_simulation_gazebo
[5.350s] Invoking command in '/home/nta/workspaces/ur_gazebo/build/ur_simulation_gazebo': CMAKE_PREFIX_PATH=/home/nta/workspaces/ur_gazebo/install/ur_description:/home/nta/workspaces/ur_gazebo/install/ur_simulation_gazebo:/home/nta/workspaces/ur_gazebo/install/my_controller:/home/nta/workspaces/ur_gazebo/install/controller:/opt/ros/humble /usr/bin/cmake --build /home/nta/workspaces/ur_gazebo/build/ur_simulation_gazebo -- -j4 -l4
[5.751s] Invoked command in '/home/nta/workspaces/ur_gazebo/build/ur_simulation_gazebo' returned '0': CMAKE_PREFIX_PATH=/home/nta/workspaces/ur_gazebo/install/ur_description:/home/nta/workspaces/ur_gazebo/install/ur_simulation_gazebo:/home/nta/workspaces/ur_gazebo/install/my_controller:/home/nta/workspaces/ur_gazebo/install/controller:/opt/ros/humble /usr/bin/cmake --build /home/nta/workspaces/ur_gazebo/build/ur_simulation_gazebo -- -j4 -l4
[5.773s] Invoking command in '/home/nta/workspaces/ur_gazebo/build/ur_simulation_gazebo': CMAKE_PREFIX_PATH=/home/nta/workspaces/ur_gazebo/install/ur_description:/home/nta/workspaces/ur_gazebo/install/ur_simulation_gazebo:/home/nta/workspaces/ur_gazebo/install/my_controller:/home/nta/workspaces/ur_gazebo/install/controller:/opt/ros/humble /usr/bin/cmake --install /home/nta/workspaces/ur_gazebo/build/ur_simulation_gazebo
[5.837s] -- Install configuration: ""
[5.844s] -- Execute custom install script
[5.844s] -- Symlinking: /home/nta/workspaces/ur_gazebo/install/ur_simulation_gazebo/share/ur_simulation_gazebo/config/ur_controllers.yaml
[5.923s] -- Symlinking: /home/nta/workspaces/ur_gazebo/install/ur_simulation_gazebo/share/ur_simulation_gazebo/launch/ur_sim_control.launch.py
[6.013s] -- Symlinking: /home/nta/workspaces/ur_gazebo/install/ur_simulation_gazebo/share/ur_simulation_gazebo/launch/ur_sim_moveit.launch.py
[6.095s] -- Symlinking: /home/nta/workspaces/ur_gazebo/install/ur_simulation_gazebo/share/ament_index/resource_index/package_run_dependencies/ur_simulation_gazebo
[6.186s] -- Symlinking: /home/nta/workspaces/ur_gazebo/install/ur_simulation_gazebo/share/ament_index/resource_index/parent_prefix_path/ur_simulation_gazebo
[6.283s] -- Symlinking: /home/nta/workspaces/ur_gazebo/install/ur_simulation_gazebo/share/ur_simulation_gazebo/environment/ament_prefix_path.sh
[6.378s] -- Symlinking: /home/nta/workspaces/ur_gazebo/install/ur_simulation_gazebo/share/ur_simulation_gazebo/environment/ament_prefix_path.dsv
[6.459s] -- Symlinking: /home/nta/workspaces/ur_gazebo/install/ur_simulation_gazebo/share/ur_simulation_gazebo/environment/path.sh
[6.549s] -- Symlinking: /home/nta/workspaces/ur_gazebo/install/ur_simulation_gazebo/share/ur_simulation_gazebo/environment/path.dsv
[6.651s] -- Symlinking: /home/nta/workspaces/ur_gazebo/install/ur_simulation_gazebo/share/ur_simulation_gazebo/local_setup.bash
[6.750s] -- Symlinking: /home/nta/workspaces/ur_gazebo/install/ur_simulation_gazebo/share/ur_simulation_gazebo/local_setup.sh
[6.856s] -- Symlinking: /home/nta/workspaces/ur_gazebo/install/ur_simulation_gazebo/share/ur_simulation_gazebo/local_setup.zsh
[6.928s] -- Symlinking: /home/nta/workspaces/ur_gazebo/install/ur_simulation_gazebo/share/ur_simulation_gazebo/local_setup.dsv
[7.010s] -- Symlinking: /home/nta/workspaces/ur_gazebo/install/ur_simulation_gazebo/share/ur_simulation_gazebo/package.dsv
[7.081s] -- Symlinking: /home/nta/workspaces/ur_gazebo/install/ur_simulation_gazebo/share/ament_index/resource_index/packages/ur_simulation_gazebo
[7.154s] -- Symlinking: /home/nta/workspaces/ur_gazebo/install/ur_simulation_gazebo/share/ur_simulation_gazebo/cmake/ur_simulation_gazeboConfig.cmake
[7.217s] -- Symlinking: /home/nta/workspaces/ur_gazebo/install/ur_simulation_gazebo/share/ur_simulation_gazebo/cmake/ur_simulation_gazeboConfig-version.cmake
[7.320s] -- Symlinking: /home/nta/workspaces/ur_gazebo/install/ur_simulation_gazebo/share/ur_simulation_gazebo/package.xml
[7.412s] Invoked command in '/home/nta/workspaces/ur_gazebo/build/ur_simulation_gazebo' returned '0': CMAKE_PREFIX_PATH=/home/nta/workspaces/ur_gazebo/install/ur_description:/home/nta/workspaces/ur_gazebo/install/ur_simulation_gazebo:/home/nta/workspaces/ur_gazebo/install/my_controller:/home/nta/workspaces/ur_gazebo/install/controller:/opt/ros/humble /usr/bin/cmake --install /home/nta/workspaces/ur_gazebo/build/ur_simulation_gazebo
