[0.070s] Invoking command in '/home/nta/workspaces/ur_gazebo/build/ur_simulation_gazebo': CMAKE_PREFIX_PATH=/home/nta/workspaces/ur_gazebo/install/ur_description:/home/nta/workspaces/ur_gazebo/install/ur_simulation_gazebo:/home/nta/workspaces/ur_gazebo/install/my_controller:/opt/ros/humble /usr/bin/cmake --build /home/nta/workspaces/ur_gazebo/build/ur_simulation_gazebo -- -j4 -l4
[0.392s] Invoked command in '/home/nta/workspaces/ur_gazebo/build/ur_simulation_gazebo' returned '0': CMAKE_PREFIX_PATH=/home/nta/workspaces/ur_gazebo/install/ur_description:/home/nta/workspaces/ur_gazebo/install/ur_simulation_gazebo:/home/nta/workspaces/ur_gazebo/install/my_controller:/opt/ros/humble /usr/bin/cmake --build /home/nta/workspaces/ur_gazebo/build/ur_simulation_gazebo -- -j4 -l4
[0.415s] Invoking command in '/home/nta/workspaces/ur_gazebo/build/ur_simulation_gazebo': CMAKE_PREFIX_PATH=/home/nta/workspaces/ur_gazebo/install/ur_description:/home/nta/workspaces/ur_gazebo/install/ur_simulation_gazebo:/home/nta/workspaces/ur_gazebo/install/my_controller:/opt/ros/humble /usr/bin/cmake --install /home/nta/workspaces/ur_gazebo/build/ur_simulation_gazebo
[0.477s] -- Install configuration: ""
[0.483s] -- Execute custom install script
[0.485s] -- Up-to-date symlink: /home/nta/workspaces/ur_gazebo/install/ur_simulation_gazebo/share/ur_simulation_gazebo/config/ur_controllers.yaml
[0.486s] -- Up-to-date symlink: /home/nta/workspaces/ur_gazebo/install/ur_simulation_gazebo/share/ur_simulation_gazebo/launch/ur_sim_control.launch.py
[0.490s] -- Up-to-date symlink: /home/nta/workspaces/ur_gazebo/install/ur_simulation_gazebo/share/ur_simulation_gazebo/launch/ur_sim_moveit.launch.py
[0.492s] -- Up-to-date symlink: /home/nta/workspaces/ur_gazebo/install/ur_simulation_gazebo/share/ament_index/resource_index/package_run_dependencies/ur_simulation_gazebo
[0.499s] -- Up-to-date symlink: /home/nta/workspaces/ur_gazebo/install/ur_simulation_gazebo/share/ament_index/resource_index/parent_prefix_path/ur_simulation_gazebo
[0.499s] -- Up-to-date symlink: /home/nta/workspaces/ur_gazebo/install/ur_simulation_gazebo/share/ur_simulation_gazebo/environment/ament_prefix_path.sh
[0.501s] -- Up-to-date symlink: /home/nta/workspaces/ur_gazebo/install/ur_simulation_gazebo/share/ur_simulation_gazebo/environment/ament_prefix_path.dsv
[0.505s] -- Up-to-date symlink: /home/nta/workspaces/ur_gazebo/install/ur_simulation_gazebo/share/ur_simulation_gazebo/environment/path.sh
[0.505s] -- Up-to-date symlink: /home/nta/workspaces/ur_gazebo/install/ur_simulation_gazebo/share/ur_simulation_gazebo/environment/path.dsv
[0.507s] -- Up-to-date symlink: /home/nta/workspaces/ur_gazebo/install/ur_simulation_gazebo/share/ur_simulation_gazebo/local_setup.bash
[0.509s] -- Up-to-date symlink: /home/nta/workspaces/ur_gazebo/install/ur_simulation_gazebo/share/ur_simulation_gazebo/local_setup.sh
[0.512s] -- Up-to-date symlink: /home/nta/workspaces/ur_gazebo/install/ur_simulation_gazebo/share/ur_simulation_gazebo/local_setup.zsh
[0.515s] -- Up-to-date symlink: /home/nta/workspaces/ur_gazebo/install/ur_simulation_gazebo/share/ur_simulation_gazebo/local_setup.dsv
[0.516s] -- Symlinking: /home/nta/workspaces/ur_gazebo/install/ur_simulation_gazebo/share/ur_simulation_gazebo/package.dsv
[0.588s] -- Up-to-date symlink: /home/nta/workspaces/ur_gazebo/install/ur_simulation_gazebo/share/ament_index/resource_index/packages/ur_simulation_gazebo
[0.589s] -- Up-to-date symlink: /home/nta/workspaces/ur_gazebo/install/ur_simulation_gazebo/share/ur_simulation_gazebo/cmake/ur_simulation_gazeboConfig.cmake
[0.589s] -- Up-to-date symlink: /home/nta/workspaces/ur_gazebo/install/ur_simulation_gazebo/share/ur_simulation_gazebo/cmake/ur_simulation_gazeboConfig-version.cmake
[0.591s] -- Up-to-date symlink: /home/nta/workspaces/ur_gazebo/install/ur_simulation_gazebo/share/ur_simulation_gazebo/package.xml
[0.604s] Invoked command in '/home/nta/workspaces/ur_gazebo/build/ur_simulation_gazebo' returned '0': CMAKE_PREFIX_PATH=/home/nta/workspaces/ur_gazebo/install/ur_description:/home/nta/workspaces/ur_gazebo/install/ur_simulation_gazebo:/home/nta/workspaces/ur_gazebo/install/my_controller:/opt/ros/humble /usr/bin/cmake --install /home/nta/workspaces/ur_gazebo/build/ur_simulation_gazebo
