[0.184s] Invoking command in '/home/nta/workspaces/ur_gazebo/build/ur_description': CMAKE_PREFIX_PATH=${CMAKE_PREFIX_PATH}:/home/nta/workspaces/ur_gazebo/install/my_controller:/opt/ros/humble /usr/bin/cmake --build /home/nta/workspaces/ur_gazebo/build/ur_description -- -j4 -l4
[1.782s] Invoked command in '/home/nta/workspaces/ur_gazebo/build/ur_description' returned '0': CMAKE_PREFIX_PATH=${CMAKE_PREFIX_PATH}:/home/nta/workspaces/ur_gazebo/install/my_controller:/opt/ros/humble /usr/bin/cmake --build /home/nta/workspaces/ur_gazebo/build/ur_description -- -j4 -l4
[1.927s] Invoking command in '/home/nta/workspaces/ur_gazebo/build/ur_description': CMAKE_PREFIX_PATH=${CMAKE_PREFIX_PATH}:/home/nta/workspaces/ur_gazebo/install/my_controller:/opt/ros/humble /usr/bin/cmake --install /home/nta/workspaces/ur_gazebo/build/ur_description
[2.087s] -- Install configuration: ""
[2.105s] -- Execute custom install script
[2.198s] -- Up-to-date symlink: /home/nta/workspaces/ur_gazebo/install/ur_description/share/ur_description/config/initial_positions.yaml
[2.206s] -- Up-to-date symlink: /home/nta/workspaces/ur_gazebo/install/ur_description/share/ur_description/config/ur10/default_kinematics.yaml
[2.210s] -- Up-to-date symlink: /home/nta/workspaces/ur_gazebo/install/ur_description/share/ur_description/config/ur10/joint_limits.yaml
[2.218s] -- Up-to-date symlink: /home/nta/workspaces/ur_gazebo/install/ur_description/share/ur_description/config/ur10/physical_parameters.yaml
[2.220s] -- Up-to-date symlink: /home/nta/workspaces/ur_gazebo/install/ur_description/share/ur_description/config/ur10/visual_parameters.yaml
[2.234s] -- Up-to-date symlink: /home/nta/workspaces/ur_gazebo/install/ur_description/share/ur_description/config/ur10e/default_kinematics.yaml
[2.234s] -- Up-to-date symlink: /home/nta/workspaces/ur_gazebo/install/ur_description/share/ur_description/config/ur10e/joint_limits.yaml
[2.235s] -- Up-to-date symlink: /home/nta/workspaces/ur_gazebo/install/ur_description/share/ur_description/config/ur10e/physical_parameters.yaml
[2.242s] -- Up-to-date symlink: /home/nta/workspaces/ur_gazebo/install/ur_description/share/ur_description/config/ur10e/visual_parameters.yaml
[2.245s] -- Up-to-date symlink: /home/nta/workspaces/ur_gazebo/install/ur_description/share/ur_description/config/ur12e/default_kinematics.yaml
[2.251s] -- Up-to-date symlink: /home/nta/workspaces/ur_gazebo/install/ur_description/share/ur_description/config/ur12e/joint_limits.yaml
[2.265s] -- Up-to-date symlink: /home/nta/workspaces/ur_gazebo/install/ur_description/share/ur_description/config/ur12e/physical_parameters.yaml
[2.266s] -- Up-to-date symlink: /home/nta/workspaces/ur_gazebo/install/ur_description/share/ur_description/config/ur12e/visual_parameters.yaml
[2.273s] -- Up-to-date symlink: /home/nta/workspaces/ur_gazebo/install/ur_description/share/ur_description/config/ur15/default_kinematics.yaml
[2.280s] -- Up-to-date symlink: /home/nta/workspaces/ur_gazebo/install/ur_description/share/ur_description/config/ur15/joint_limits.yaml
[2.285s] -- Up-to-date symlink: /home/nta/workspaces/ur_gazebo/install/ur_description/share/ur_description/config/ur15/physical_parameters.yaml
[2.286s] -- Up-to-date symlink: /home/nta/workspaces/ur_gazebo/install/ur_description/share/ur_description/config/ur15/visual_parameters.yaml
[2.299s] -- Up-to-date symlink: /home/nta/workspaces/ur_gazebo/install/ur_description/share/ur_description/config/ur16e/default_kinematics.yaml
[2.301s] -- Up-to-date symlink: /home/nta/workspaces/ur_gazebo/install/ur_description/share/ur_description/config/ur16e/joint_limits.yaml
[2.302s] -- Up-to-date symlink: /home/nta/workspaces/ur_gazebo/install/ur_description/share/ur_description/config/ur16e/physical_parameters.yaml
[2.308s] -- Up-to-date symlink: /home/nta/workspaces/ur_gazebo/install/ur_description/share/ur_description/config/ur16e/visual_parameters.yaml
[2.309s] -- Up-to-date symlink: /home/nta/workspaces/ur_gazebo/install/ur_description/share/ur_description/config/ur18/default_kinematics.yaml
[2.312s] -- Up-to-date symlink: /home/nta/workspaces/ur_gazebo/install/ur_description/share/ur_description/config/ur18/joint_limits.yaml
[2.317s] -- Up-to-date symlink: /home/nta/workspaces/ur_gazebo/install/ur_description/share/ur_description/config/ur18/physical_parameters.yaml
[2.323s] -- Up-to-date symlink: /home/nta/workspaces/ur_gazebo/install/ur_description/share/ur_description/config/ur18/visual_parameters.yaml
[2.324s] -- Up-to-date symlink: /home/nta/workspaces/ur_gazebo/install/ur_description/share/ur_description/config/ur20/default_kinematics.yaml
[2.331s] -- Up-to-date symlink: /home/nta/workspaces/ur_gazebo/install/ur_description/share/ur_description/config/ur20/joint_limits.yaml
[2.336s] -- Up-to-date symlink: /home/nta/workspaces/ur_gazebo/install/ur_description/share/ur_description/config/ur20/physical_parameters.yaml
[2.345s] -- Up-to-date symlink: /home/nta/workspaces/ur_gazebo/install/ur_description/share/ur_description/config/ur20/visual_parameters.yaml
[2.347s] -- Up-to-date symlink: /home/nta/workspaces/ur_gazebo/install/ur_description/share/ur_description/config/ur3/default_kinematics.yaml
[2.348s] -- Up-to-date symlink: /home/nta/workspaces/ur_gazebo/install/ur_description/share/ur_description/config/ur3/joint_limits.yaml
[2.354s] -- Up-to-date symlink: /home/nta/workspaces/ur_gazebo/install/ur_description/share/ur_description/config/ur3/physical_parameters.yaml
[2.358s] -- Up-to-date symlink: /home/nta/workspaces/ur_gazebo/install/ur_description/share/ur_description/config/ur3/visual_parameters.yaml
[2.370s] -- Up-to-date symlink: /home/nta/workspaces/ur_gazebo/install/ur_description/share/ur_description/config/ur30/default_kinematics.yaml
[2.381s] -- Up-to-date symlink: /home/nta/workspaces/ur_gazebo/install/ur_description/share/ur_description/config/ur30/joint_limits.yaml
[2.382s] -- Up-to-date symlink: /home/nta/workspaces/ur_gazebo/install/ur_description/share/ur_description/config/ur30/physical_parameters.yaml
[2.383s] -- Up-to-date symlink: /home/nta/workspaces/ur_gazebo/install/ur_description/share/ur_description/config/ur30/visual_parameters.yaml
[2.389s] -- Up-to-date symlink: /home/nta/workspaces/ur_gazebo/install/ur_description/share/ur_description/config/ur3e/default_kinematics.yaml
[2.396s] -- Up-to-date symlink: /home/nta/workspaces/ur_gazebo/install/ur_description/share/ur_description/config/ur3e/joint_limits.yaml
[2.398s] -- Up-to-date symlink: /home/nta/workspaces/ur_gazebo/install/ur_description/share/ur_description/config/ur3e/physical_parameters.yaml
[2.399s] -- Up-to-date symlink: /home/nta/workspaces/ur_gazebo/install/ur_description/share/ur_description/config/ur3e/visual_parameters.yaml
[2.405s] -- Up-to-date symlink: /home/nta/workspaces/ur_gazebo/install/ur_description/share/ur_description/config/ur5/default_kinematics.yaml
[2.410s] -- Up-to-date symlink: /home/nta/workspaces/ur_gazebo/install/ur_description/share/ur_description/config/ur5/joint_limits.yaml
[2.411s] -- Up-to-date symlink: /home/nta/workspaces/ur_gazebo/install/ur_description/share/ur_description/config/ur5/physical_parameters.yaml
[2.420s] -- Up-to-date symlink: /home/nta/workspaces/ur_gazebo/install/ur_description/share/ur_description/config/ur5/visual_parameters.yaml
[2.429s] -- Up-to-date symlink: /home/nta/workspaces/ur_gazebo/install/ur_description/share/ur_description/config/ur5e/default_kinematics.yaml
[2.438s] -- Up-to-date symlink: /home/nta/workspaces/ur_gazebo/install/ur_description/share/ur_description/config/ur5e/joint_limits.yaml
[2.438s] -- Up-to-date symlink: /home/nta/workspaces/ur_gazebo/install/ur_description/share/ur_description/config/ur5e/physical_parameters.yaml
[2.441s] -- Up-to-date symlink: /home/nta/workspaces/ur_gazebo/install/ur_description/share/ur_description/config/ur5e/visual_parameters.yaml
[2.449s] -- Up-to-date symlink: /home/nta/workspaces/ur_gazebo/install/ur_description/share/ur_description/config/ur7e/default_kinematics.yaml
[2.453s] -- Up-to-date symlink: /home/nta/workspaces/ur_gazebo/install/ur_description/share/ur_description/config/ur7e/joint_limits.yaml
[2.459s] -- Up-to-date symlink: /home/nta/workspaces/ur_gazebo/install/ur_description/share/ur_description/config/ur7e/physical_parameters.yaml
[2.460s] -- Up-to-date symlink: /home/nta/workspaces/ur_gazebo/install/ur_description/share/ur_description/config/ur7e/visual_parameters.yaml
[2.472s] -- Up-to-date symlink: /home/nta/workspaces/ur_gazebo/install/ur_description/share/ur_description/config/ur8long/default_kinematics.yaml
[2.476s] -- Up-to-date symlink: /home/nta/workspaces/ur_gazebo/install/ur_description/share/ur_description/config/ur8long/joint_limits.yaml
[2.484s] -- Up-to-date symlink: /home/nta/workspaces/ur_gazebo/install/ur_description/share/ur_description/config/ur8long/physical_parameters.yaml
[2.485s] -- Up-to-date symlink: /home/nta/workspaces/ur_gazebo/install/ur_description/share/ur_description/config/ur8long/visual_parameters.yaml
[2.491s] -- Up-to-date symlink: /home/nta/workspaces/ur_gazebo/install/ur_description/share/ur_description/launch/view_ur.launch.py
[2.634s] -- Up-to-date symlink: /home/nta/workspaces/ur_gazebo/install/ur_description/share/ur_description/meshes/ur10/collision/base.stl
[2.653s] -- Up-to-date symlink: /home/nta/workspaces/ur_gazebo/install/ur_description/share/ur_description/meshes/ur10/collision/forearm.stl
[2.666s] -- Up-to-date symlink: /home/nta/workspaces/ur_gazebo/install/ur_description/share/ur_description/meshes/ur10/collision/shoulder.stl
[2.676s] -- Up-to-date symlink: /home/nta/workspaces/ur_gazebo/install/ur_description/share/ur_description/meshes/ur10/collision/upperarm.stl
[2.694s] -- Up-to-date symlink: /home/nta/workspaces/ur_gazebo/install/ur_description/share/ur_description/meshes/ur10/collision/wrist1.stl
[2.696s] -- Up-to-date symlink: /home/nta/workspaces/ur_gazebo/install/ur_description/share/ur_description/meshes/ur10/collision/wrist2.stl
[2.704s] -- Up-to-date symlink: /home/nta/workspaces/ur_gazebo/install/ur_description/share/ur_description/meshes/ur10/collision/wrist3.stl
[2.725s] -- Up-to-date symlink: /home/nta/workspaces/ur_gazebo/install/ur_description/share/ur_description/meshes/ur10/visual/base.dae
[2.736s] -- Up-to-date symlink: /home/nta/workspaces/ur_gazebo/install/ur_description/share/ur_description/meshes/ur10/visual/forearm.dae
[2.736s] -- Up-to-date symlink: /home/nta/workspaces/ur_gazebo/install/ur_description/share/ur_description/meshes/ur10/visual/shoulder.dae
[2.737s] -- Up-to-date symlink: /home/nta/workspaces/ur_gazebo/install/ur_description/share/ur_description/meshes/ur10/visual/upperarm.dae
[2.749s] -- Up-to-date symlink: /home/nta/workspaces/ur_gazebo/install/ur_description/share/ur_description/meshes/ur10/visual/wrist1.dae
[2.755s] -- Up-to-date symlink: /home/nta/workspaces/ur_gazebo/install/ur_description/share/ur_description/meshes/ur10/visual/wrist2.dae
[2.756s] -- Up-to-date symlink: /home/nta/workspaces/ur_gazebo/install/ur_description/share/ur_description/meshes/ur10/visual/wrist3.dae
[2.766s] -- Up-to-date symlink: /home/nta/workspaces/ur_gazebo/install/ur_description/share/ur_description/meshes/ur10e/collision/base.stl
[2.777s] -- Up-to-date symlink: /home/nta/workspaces/ur_gazebo/install/ur_description/share/ur_description/meshes/ur10e/collision/forearm.stl
[2.786s] -- Up-to-date symlink: /home/nta/workspaces/ur_gazebo/install/ur_description/share/ur_description/meshes/ur10e/collision/shoulder.stl
[2.796s] -- Up-to-date symlink: /home/nta/workspaces/ur_gazebo/install/ur_description/share/ur_description/meshes/ur10e/collision/upperarm.stl
[2.804s] -- Up-to-date symlink: /home/nta/workspaces/ur_gazebo/install/ur_description/share/ur_description/meshes/ur10e/collision/wrist1.stl
[2.815s] -- Up-to-date symlink: /home/nta/workspaces/ur_gazebo/install/ur_description/share/ur_description/meshes/ur10e/collision/wrist2.stl
[2.826s] -- Up-to-date symlink: /home/nta/workspaces/ur_gazebo/install/ur_description/share/ur_description/meshes/ur10e/collision/wrist3.stl
[2.835s] -- Up-to-date symlink: /home/nta/workspaces/ur_gazebo/install/ur_description/share/ur_description/meshes/ur10e/visual/base.dae
[2.836s] -- Up-to-date symlink: /home/nta/workspaces/ur_gazebo/install/ur_description/share/ur_description/meshes/ur10e/visual/forearm.dae
[2.840s] -- Up-to-date symlink: /home/nta/workspaces/ur_gazebo/install/ur_description/share/ur_description/meshes/ur10e/visual/shoulder.dae
[2.843s] -- Up-to-date symlink: /home/nta/workspaces/ur_gazebo/install/ur_description/share/ur_description/meshes/ur10e/visual/upperarm.dae
[2.847s] -- Up-to-date symlink: /home/nta/workspaces/ur_gazebo/install/ur_description/share/ur_description/meshes/ur10e/visual/wrist1.dae
[2.854s] -- Up-to-date symlink: /home/nta/workspaces/ur_gazebo/install/ur_description/share/ur_description/meshes/ur10e/visual/wrist2.dae
[2.861s] -- Up-to-date symlink: /home/nta/workspaces/ur_gazebo/install/ur_description/share/ur_description/meshes/ur10e/visual/wrist3.dae
[2.867s] -- Up-to-date symlink: /home/nta/workspaces/ur_gazebo/install/ur_description/share/ur_description/meshes/ur15/LICENSE.txt
[2.874s] -- Up-to-date symlink: /home/nta/workspaces/ur_gazebo/install/ur_description/share/ur_description/meshes/ur15/collision/base.stl
[2.882s] -- Up-to-date symlink: /home/nta/workspaces/ur_gazebo/install/ur_description/share/ur_description/meshes/ur15/collision/forearm.stl
[2.883s] -- Up-to-date symlink: /home/nta/workspaces/ur_gazebo/install/ur_description/share/ur_description/meshes/ur15/collision/shoulder.stl
[2.891s] -- Up-to-date symlink: /home/nta/workspaces/ur_gazebo/install/ur_description/share/ur_description/meshes/ur15/collision/upperarm.stl
[2.893s] -- Up-to-date symlink: /home/nta/workspaces/ur_gazebo/install/ur_description/share/ur_description/meshes/ur15/collision/wrist1.stl
[2.896s] -- Up-to-date symlink: /home/nta/workspaces/ur_gazebo/install/ur_description/share/ur_description/meshes/ur15/collision/wrist2.stl
[2.905s] -- Up-to-date symlink: /home/nta/workspaces/ur_gazebo/install/ur_description/share/ur_description/meshes/ur15/collision/wrist3.stl
[2.911s] -- Up-to-date symlink: /home/nta/workspaces/ur_gazebo/install/ur_description/share/ur_description/meshes/ur15/visual/UR15_DIFF_8bit_2K.jpg
[2.921s] -- Up-to-date symlink: /home/nta/workspaces/ur_gazebo/install/ur_description/share/ur_description/meshes/ur15/visual/base.dae
[2.925s] -- Up-to-date symlink: /home/nta/workspaces/ur_gazebo/install/ur_description/share/ur_description/meshes/ur15/visual/forearm.dae
[2.930s] -- Up-to-date symlink: /home/nta/workspaces/ur_gazebo/install/ur_description/share/ur_description/meshes/ur15/visual/shoulder.dae
[2.938s] -- Up-to-date symlink: /home/nta/workspaces/ur_gazebo/install/ur_description/share/ur_description/meshes/ur15/visual/upperarm.dae
[2.939s] -- Up-to-date symlink: /home/nta/workspaces/ur_gazebo/install/ur_description/share/ur_description/meshes/ur15/visual/wrist1.dae
[2.944s] -- Up-to-date symlink: /home/nta/workspaces/ur_gazebo/install/ur_description/share/ur_description/meshes/ur15/visual/wrist2.dae
[2.951s] -- Up-to-date symlink: /home/nta/workspaces/ur_gazebo/install/ur_description/share/ur_description/meshes/ur15/visual/wrist3.dae
[2.956s] -- Up-to-date symlink: /home/nta/workspaces/ur_gazebo/install/ur_description/share/ur_description/meshes/ur16e/collision/forearm.stl
[2.959s] -- Up-to-date symlink: /home/nta/workspaces/ur_gazebo/install/ur_description/share/ur_description/meshes/ur16e/collision/upperarm.stl
[2.964s] -- Up-to-date symlink: /home/nta/workspaces/ur_gazebo/install/ur_description/share/ur_description/meshes/ur16e/visual/forearm.dae
[2.968s] -- Up-to-date symlink: /home/nta/workspaces/ur_gazebo/install/ur_description/share/ur_description/meshes/ur16e/visual/upperarm.dae
[2.973s] -- Up-to-date symlink: /home/nta/workspaces/ur_gazebo/install/ur_description/share/ur_description/meshes/ur18/LICENSE.txt
[2.984s] -- Up-to-date symlink: /home/nta/workspaces/ur_gazebo/install/ur_description/share/ur_description/meshes/ur18/collision/forearm.stl
[2.989s] -- Up-to-date symlink: /home/nta/workspaces/ur_gazebo/install/ur_description/share/ur_description/meshes/ur18/collision/upperarm.stl
[2.993s] -- Up-to-date symlink: /home/nta/workspaces/ur_gazebo/install/ur_description/share/ur_description/meshes/ur18/visual/UR18_DIFF_8bit_2K.jpg
[2.996s] -- Up-to-date symlink: /home/nta/workspaces/ur_gazebo/install/ur_description/share/ur_description/meshes/ur18/visual/forearm.dae
[3.001s] -- Up-to-date symlink: /home/nta/workspaces/ur_gazebo/install/ur_description/share/ur_description/meshes/ur18/visual/upperarm.dae
[3.006s] -- Up-to-date symlink: /home/nta/workspaces/ur_gazebo/install/ur_description/share/ur_description/meshes/ur20/LICENSE.txt
[3.011s] -- Up-to-date symlink: /home/nta/workspaces/ur_gazebo/install/ur_description/share/ur_description/meshes/ur20/collision/base.stl
[3.020s] -- Up-to-date symlink: /home/nta/workspaces/ur_gazebo/install/ur_description/share/ur_description/meshes/ur20/collision/forearm.stl
[3.027s] -- Up-to-date symlink: /home/nta/workspaces/ur_gazebo/install/ur_description/share/ur_description/meshes/ur20/collision/shoulder.stl
[3.032s] -- Up-to-date symlink: /home/nta/workspaces/ur_gazebo/install/ur_description/share/ur_description/meshes/ur20/collision/upperarm.stl
[3.040s] -- Up-to-date symlink: /home/nta/workspaces/ur_gazebo/install/ur_description/share/ur_description/meshes/ur20/collision/wrist1.stl
[3.042s] -- Up-to-date symlink: /home/nta/workspaces/ur_gazebo/install/ur_description/share/ur_description/meshes/ur20/collision/wrist2.stl
[3.057s] -- Up-to-date symlink: /home/nta/workspaces/ur_gazebo/install/ur_description/share/ur_description/meshes/ur20/collision/wrist3.stl
[3.066s] -- Up-to-date symlink: /home/nta/workspaces/ur_gazebo/install/ur_description/share/ur_description/meshes/ur20/visual/UR20_DIFF_8bit_2K.png
[3.075s] -- Up-to-date symlink: /home/nta/workspaces/ur_gazebo/install/ur_description/share/ur_description/meshes/ur20/visual/base.dae
[3.081s] -- Up-to-date symlink: /home/nta/workspaces/ur_gazebo/install/ur_description/share/ur_description/meshes/ur20/visual/forearm.dae
[3.084s] -- Up-to-date symlink: /home/nta/workspaces/ur_gazebo/install/ur_description/share/ur_description/meshes/ur20/visual/shoulder.dae
[3.091s] -- Up-to-date symlink: /home/nta/workspaces/ur_gazebo/install/ur_description/share/ur_description/meshes/ur20/visual/upperarm.dae
[3.098s] -- Up-to-date symlink: /home/nta/workspaces/ur_gazebo/install/ur_description/share/ur_description/meshes/ur20/visual/wrist1.dae
[3.102s] -- Up-to-date symlink: /home/nta/workspaces/ur_gazebo/install/ur_description/share/ur_description/meshes/ur20/visual/wrist2.dae
[3.102s] -- Up-to-date symlink: /home/nta/workspaces/ur_gazebo/install/ur_description/share/ur_description/meshes/ur20/visual/wrist3.dae
[3.109s] -- Up-to-date symlink: /home/nta/workspaces/ur_gazebo/install/ur_description/share/ur_description/meshes/ur3/collision/base.stl
[3.110s] -- Up-to-date symlink: /home/nta/workspaces/ur_gazebo/install/ur_description/share/ur_description/meshes/ur3/collision/forearm.stl
[3.114s] -- Up-to-date symlink: /home/nta/workspaces/ur_gazebo/install/ur_description/share/ur_description/meshes/ur3/collision/shoulder.stl
[3.121s] -- Up-to-date symlink: /home/nta/workspaces/ur_gazebo/install/ur_description/share/ur_description/meshes/ur3/collision/upperarm.stl
[3.126s] -- Up-to-date symlink: /home/nta/workspaces/ur_gazebo/install/ur_description/share/ur_description/meshes/ur3/collision/wrist1.stl
[3.128s] -- Up-to-date symlink: /home/nta/workspaces/ur_gazebo/install/ur_description/share/ur_description/meshes/ur3/collision/wrist2.stl
[3.136s] -- Up-to-date symlink: /home/nta/workspaces/ur_gazebo/install/ur_description/share/ur_description/meshes/ur3/collision/wrist3.stl
[3.142s] -- Up-to-date symlink: /home/nta/workspaces/ur_gazebo/install/ur_description/share/ur_description/meshes/ur3/visual/base.dae
[3.145s] -- Up-to-date symlink: /home/nta/workspaces/ur_gazebo/install/ur_description/share/ur_description/meshes/ur3/visual/forearm.dae
[3.148s] -- Up-to-date symlink: /home/nta/workspaces/ur_gazebo/install/ur_description/share/ur_description/meshes/ur3/visual/shoulder.dae
[3.155s] -- Up-to-date symlink: /home/nta/workspaces/ur_gazebo/install/ur_description/share/ur_description/meshes/ur3/visual/upperarm.dae
[3.158s] -- Up-to-date symlink: /home/nta/workspaces/ur_gazebo/install/ur_description/share/ur_description/meshes/ur3/visual/wrist1.dae
[3.163s] -- Up-to-date symlink: /home/nta/workspaces/ur_gazebo/install/ur_description/share/ur_description/meshes/ur3/visual/wrist2.dae
[3.168s] -- Up-to-date symlink: /home/nta/workspaces/ur_gazebo/install/ur_description/share/ur_description/meshes/ur3/visual/wrist3.dae
[3.172s] -- Up-to-date symlink: /home/nta/workspaces/ur_gazebo/install/ur_description/share/ur_description/meshes/ur30/LICENSE.txt
[3.176s] -- Up-to-date symlink: /home/nta/workspaces/ur_gazebo/install/ur_description/share/ur_description/meshes/ur30/collision/forearm.stl
[3.181s] -- Up-to-date symlink: /home/nta/workspaces/ur_gazebo/install/ur_description/share/ur_description/meshes/ur30/collision/upperarm.stl
[3.188s] -- Up-to-date symlink: /home/nta/workspaces/ur_gazebo/install/ur_description/share/ur_description/meshes/ur30/visual/UR30_DIFF_8bit_2K.png
[3.195s] -- Up-to-date symlink: /home/nta/workspaces/ur_gazebo/install/ur_description/share/ur_description/meshes/ur30/visual/forearm.dae
[3.198s] -- Up-to-date symlink: /home/nta/workspaces/ur_gazebo/install/ur_description/share/ur_description/meshes/ur30/visual/upperarm.dae
[3.206s] -- Up-to-date symlink: /home/nta/workspaces/ur_gazebo/install/ur_description/share/ur_description/meshes/ur3e/collision/base.stl
[3.209s] -- Up-to-date symlink: /home/nta/workspaces/ur_gazebo/install/ur_description/share/ur_description/meshes/ur3e/collision/forearm.stl
[3.213s] -- Up-to-date symlink: /home/nta/workspaces/ur_gazebo/install/ur_description/share/ur_description/meshes/ur3e/collision/shoulder.stl
[3.219s] -- Up-to-date symlink: /home/nta/workspaces/ur_gazebo/install/ur_description/share/ur_description/meshes/ur3e/collision/upperarm.stl
[3.228s] -- Up-to-date symlink: /home/nta/workspaces/ur_gazebo/install/ur_description/share/ur_description/meshes/ur3e/collision/wrist1.stl
[3.230s] -- Up-to-date symlink: /home/nta/workspaces/ur_gazebo/install/ur_description/share/ur_description/meshes/ur3e/collision/wrist2.stl
[3.231s] -- Up-to-date symlink: /home/nta/workspaces/ur_gazebo/install/ur_description/share/ur_description/meshes/ur3e/collision/wrist3.stl
[3.237s] -- Up-to-date symlink: /home/nta/workspaces/ur_gazebo/install/ur_description/share/ur_description/meshes/ur3e/visual/base.dae
[3.238s] -- Up-to-date symlink: /home/nta/workspaces/ur_gazebo/install/ur_description/share/ur_description/meshes/ur3e/visual/forearm.dae
[3.244s] -- Up-to-date symlink: /home/nta/workspaces/ur_gazebo/install/ur_description/share/ur_description/meshes/ur3e/visual/shoulder.dae
[3.247s] -- Up-to-date symlink: /home/nta/workspaces/ur_gazebo/install/ur_description/share/ur_description/meshes/ur3e/visual/upperarm.dae
[3.249s] -- Up-to-date symlink: /home/nta/workspaces/ur_gazebo/install/ur_description/share/ur_description/meshes/ur3e/visual/wrist1.dae
[3.254s] -- Up-to-date symlink: /home/nta/workspaces/ur_gazebo/install/ur_description/share/ur_description/meshes/ur3e/visual/wrist2.dae
[3.260s] -- Up-to-date symlink: /home/nta/workspaces/ur_gazebo/install/ur_description/share/ur_description/meshes/ur3e/visual/wrist3.dae
[3.270s] -- Up-to-date symlink: /home/nta/workspaces/ur_gazebo/install/ur_description/share/ur_description/meshes/ur5/collision/base.stl
[3.273s] -- Up-to-date symlink: /home/nta/workspaces/ur_gazebo/install/ur_description/share/ur_description/meshes/ur5/collision/forearm.stl
[3.276s] -- Up-to-date symlink: /home/nta/workspaces/ur_gazebo/install/ur_description/share/ur_description/meshes/ur5/collision/shoulder.stl
[3.279s] -- Up-to-date symlink: /home/nta/workspaces/ur_gazebo/install/ur_description/share/ur_description/meshes/ur5/collision/upperarm.stl
[3.283s] -- Up-to-date symlink: /home/nta/workspaces/ur_gazebo/install/ur_description/share/ur_description/meshes/ur5/collision/wrist1.stl
[3.289s] -- Up-to-date symlink: /home/nta/workspaces/ur_gazebo/install/ur_description/share/ur_description/meshes/ur5/collision/wrist2.stl
[3.289s] -- Up-to-date symlink: /home/nta/workspaces/ur_gazebo/install/ur_description/share/ur_description/meshes/ur5/collision/wrist3.stl
[3.293s] -- Up-to-date symlink: /home/nta/workspaces/ur_gazebo/install/ur_description/share/ur_description/meshes/ur5/visual/base.dae
[3.296s] -- Up-to-date symlink: /home/nta/workspaces/ur_gazebo/install/ur_description/share/ur_description/meshes/ur5/visual/forearm.dae
[3.298s] -- Up-to-date symlink: /home/nta/workspaces/ur_gazebo/install/ur_description/share/ur_description/meshes/ur5/visual/shoulder.dae
[3.307s] -- Up-to-date symlink: /home/nta/workspaces/ur_gazebo/install/ur_description/share/ur_description/meshes/ur5/visual/upperarm.dae
[3.307s] -- Up-to-date symlink: /home/nta/workspaces/ur_gazebo/install/ur_description/share/ur_description/meshes/ur5/visual/wrist1.dae
[3.313s] -- Up-to-date symlink: /home/nta/workspaces/ur_gazebo/install/ur_description/share/ur_description/meshes/ur5/visual/wrist2.dae
[3.315s] -- Up-to-date symlink: /home/nta/workspaces/ur_gazebo/install/ur_description/share/ur_description/meshes/ur5/visual/wrist3.dae
[3.319s] -- Up-to-date symlink: /home/nta/workspaces/ur_gazebo/install/ur_description/share/ur_description/meshes/ur5e/collision/base.stl
[3.320s] -- Up-to-date symlink: /home/nta/workspaces/ur_gazebo/install/ur_description/share/ur_description/meshes/ur5e/collision/forearm.stl
[3.325s] -- Up-to-date symlink: /home/nta/workspaces/ur_gazebo/install/ur_description/share/ur_description/meshes/ur5e/collision/shoulder.stl
[3.328s] -- Up-to-date symlink: /home/nta/workspaces/ur_gazebo/install/ur_description/share/ur_description/meshes/ur5e/collision/upperarm.stl
[3.332s] -- Up-to-date symlink: /home/nta/workspaces/ur_gazebo/install/ur_description/share/ur_description/meshes/ur5e/collision/wrist1.stl
[3.335s] -- Up-to-date symlink: /home/nta/workspaces/ur_gazebo/install/ur_description/share/ur_description/meshes/ur5e/collision/wrist2.stl
[3.337s] -- Up-to-date symlink: /home/nta/workspaces/ur_gazebo/install/ur_description/share/ur_description/meshes/ur5e/collision/wrist3.stl
[3.342s] -- Up-to-date symlink: /home/nta/workspaces/ur_gazebo/install/ur_description/share/ur_description/meshes/ur5e/visual/base.dae
[3.346s] -- Up-to-date symlink: /home/nta/workspaces/ur_gazebo/install/ur_description/share/ur_description/meshes/ur5e/visual/forearm.dae
[3.351s] -- Up-to-date symlink: /home/nta/workspaces/ur_gazebo/install/ur_description/share/ur_description/meshes/ur5e/visual/shoulder.dae
[3.357s] -- Up-to-date symlink: /home/nta/workspaces/ur_gazebo/install/ur_description/share/ur_description/meshes/ur5e/visual/upperarm.dae
[3.360s] -- Up-to-date symlink: /home/nta/workspaces/ur_gazebo/install/ur_description/share/ur_description/meshes/ur5e/visual/wrist1.dae
[3.367s] -- Up-to-date symlink: /home/nta/workspaces/ur_gazebo/install/ur_description/share/ur_description/meshes/ur5e/visual/wrist2.dae
[3.370s] -- Up-to-date symlink: /home/nta/workspaces/ur_gazebo/install/ur_description/share/ur_description/meshes/ur5e/visual/wrist3.dae
[3.376s] -- Up-to-date symlink: /home/nta/workspaces/ur_gazebo/install/ur_description/share/ur_description/meshes/ur8long/LICENSE.txt
[3.379s] -- Up-to-date symlink: /home/nta/workspaces/ur_gazebo/install/ur_description/share/ur_description/meshes/ur8long/collision/forearm.stl
[3.384s] -- Up-to-date symlink: /home/nta/workspaces/ur_gazebo/install/ur_description/share/ur_description/meshes/ur8long/collision/upperarm.stl
[3.387s] -- Up-to-date symlink: /home/nta/workspaces/ur_gazebo/install/ur_description/share/ur_description/meshes/ur8long/visual/UR8Long_DIFF_8bit_2K.jpg
[3.391s] -- Up-to-date symlink: /home/nta/workspaces/ur_gazebo/install/ur_description/share/ur_description/meshes/ur8long/visual/forearm.dae
[3.393s] -- Up-to-date symlink: /home/nta/workspaces/ur_gazebo/install/ur_description/share/ur_description/meshes/ur8long/visual/upperarm.dae
[3.400s] -- Up-to-date symlink: /home/nta/workspaces/ur_gazebo/install/ur_description/share/ur_description/rviz/view_robot.rviz
[3.411s] -- Up-to-date symlink: /home/nta/workspaces/ur_gazebo/install/ur_description/share/ur_description/urdf/inc/ur_common.xacro
[3.415s] -- Up-to-date symlink: /home/nta/workspaces/ur_gazebo/install/ur_description/share/ur_description/urdf/inc/ur_transmissions.xacro
[3.419s] -- Up-to-date symlink: /home/nta/workspaces/ur_gazebo/install/ur_description/share/ur_description/urdf/ur.ros2_control.xacro
[3.423s] -- Up-to-date symlink: /home/nta/workspaces/ur_gazebo/install/ur_description/share/ur_description/urdf/ur.urdf.xacro
[3.429s] -- Up-to-date symlink: /home/nta/workspaces/ur_gazebo/install/ur_description/share/ur_description/urdf/ur_macro.xacro
[3.435s] -- Up-to-date symlink: /home/nta/workspaces/ur_gazebo/install/ur_description/share/ur_description/test/test_ur_urdf_xacro.py
[3.438s] -- Up-to-date symlink: /home/nta/workspaces/ur_gazebo/install/ur_description/share/ur_description/test/test_view_ur_launch.py
[3.440s] -- Up-to-date symlink: /home/nta/workspaces/ur_gazebo/install/ur_description/share/ament_index/resource_index/package_run_dependencies/ur_description
[3.446s] -- Up-to-date symlink: /home/nta/workspaces/ur_gazebo/install/ur_description/share/ament_index/resource_index/parent_prefix_path/ur_description
[3.450s] -- Up-to-date symlink: /home/nta/workspaces/ur_gazebo/install/ur_description/share/ur_description/environment/ament_prefix_path.sh
[3.456s] -- Up-to-date symlink: /home/nta/workspaces/ur_gazebo/install/ur_description/share/ur_description/environment/ament_prefix_path.dsv
[3.459s] -- Up-to-date symlink: /home/nta/workspaces/ur_gazebo/install/ur_description/share/ur_description/environment/path.sh
[3.462s] -- Up-to-date symlink: /home/nta/workspaces/ur_gazebo/install/ur_description/share/ur_description/environment/path.dsv
[3.465s] -- Up-to-date symlink: /home/nta/workspaces/ur_gazebo/install/ur_description/share/ur_description/local_setup.bash
[3.470s] -- Up-to-date symlink: /home/nta/workspaces/ur_gazebo/install/ur_description/share/ur_description/local_setup.sh
[3.474s] -- Up-to-date symlink: /home/nta/workspaces/ur_gazebo/install/ur_description/share/ur_description/local_setup.zsh
[3.478s] -- Up-to-date symlink: /home/nta/workspaces/ur_gazebo/install/ur_description/share/ur_description/local_setup.dsv
[3.479s] -- Symlinking: /home/nta/workspaces/ur_gazebo/install/ur_description/share/ur_description/package.dsv
[3.549s] -- Up-to-date symlink: /home/nta/workspaces/ur_gazebo/install/ur_description/share/ament_index/resource_index/packages/ur_description
[3.553s] -- Up-to-date symlink: /home/nta/workspaces/ur_gazebo/install/ur_description/share/ur_description/cmake/ur_descriptionConfig.cmake
[3.556s] -- Up-to-date symlink: /home/nta/workspaces/ur_gazebo/install/ur_description/share/ur_description/cmake/ur_descriptionConfig-version.cmake
[3.560s] -- Up-to-date symlink: /home/nta/workspaces/ur_gazebo/install/ur_description/share/ur_description/package.xml
[3.577s] Invoked command in '/home/nta/workspaces/ur_gazebo/build/ur_description' returned '0': CMAKE_PREFIX_PATH=${CMAKE_PREFIX_PATH}:/home/nta/workspaces/ur_gazebo/install/my_controller:/opt/ros/humble /usr/bin/cmake --install /home/nta/workspaces/ur_gazebo/build/ur_description
