[0.152s] Invoking command in '/home/nta/workspaces/ur_gazebo/build/ur_description': CMAKE_PREFIX_PATH=${CMAKE_PREFIX_PATH}:/home/nta/workspaces/ur_gazebo/install/my_controller:/opt/ros/humble /usr/bin/cmake --build /home/nta/workspaces/ur_gazebo/build/ur_description -- -j4 -l4
[1.476s] Invoked command in '/home/nta/workspaces/ur_gazebo/build/ur_description' returned '0': CMAKE_PREFIX_PATH=${CMAKE_PREFIX_PATH}:/home/nta/workspaces/ur_gazebo/install/my_controller:/opt/ros/humble /usr/bin/cmake --build /home/nta/workspaces/ur_gazebo/build/ur_description -- -j4 -l4
[1.563s] Invoking command in '/home/nta/workspaces/ur_gazebo/build/ur_description': CMAKE_PREFIX_PATH=${CMAKE_PREFIX_PATH}:/home/nta/workspaces/ur_gazebo/install/my_controller:/opt/ros/humble /usr/bin/cmake --install /home/nta/workspaces/ur_gazebo/build/ur_description
[1.628s] -- Install configuration: ""
[1.644s] -- Execute custom install script
[1.687s] -- Up-to-date symlink: /home/nta/workspaces/ur_gazebo/install/ur_description/share/ur_description/config/initial_positions.yaml
[1.692s] -- Up-to-date symlink: /home/nta/workspaces/ur_gazebo/install/ur_description/share/ur_description/config/ur10/default_kinematics.yaml
[1.698s] -- Up-to-date symlink: /home/nta/workspaces/ur_gazebo/install/ur_description/share/ur_description/config/ur10/joint_limits.yaml
[1.702s] -- Up-to-date symlink: /home/nta/workspaces/ur_gazebo/install/ur_description/share/ur_description/config/ur10/physical_parameters.yaml
[1.707s] -- Up-to-date symlink: /home/nta/workspaces/ur_gazebo/install/ur_description/share/ur_description/config/ur10/visual_parameters.yaml
[1.713s] -- Up-to-date symlink: /home/nta/workspaces/ur_gazebo/install/ur_description/share/ur_description/config/ur10e/default_kinematics.yaml
[1.722s] -- Up-to-date symlink: /home/nta/workspaces/ur_gazebo/install/ur_description/share/ur_description/config/ur10e/joint_limits.yaml
[1.735s] -- Up-to-date symlink: /home/nta/workspaces/ur_gazebo/install/ur_description/share/ur_description/config/ur10e/physical_parameters.yaml
[1.744s] -- Up-to-date symlink: /home/nta/workspaces/ur_gazebo/install/ur_description/share/ur_description/config/ur10e/visual_parameters.yaml
[1.744s] -- Up-to-date symlink: /home/nta/workspaces/ur_gazebo/install/ur_description/share/ur_description/config/ur12e/default_kinematics.yaml
[1.746s] -- Up-to-date symlink: /home/nta/workspaces/ur_gazebo/install/ur_description/share/ur_description/config/ur12e/joint_limits.yaml
[1.753s] -- Up-to-date symlink: /home/nta/workspaces/ur_gazebo/install/ur_description/share/ur_description/config/ur12e/physical_parameters.yaml
[1.757s] -- Up-to-date symlink: /home/nta/workspaces/ur_gazebo/install/ur_description/share/ur_description/config/ur12e/visual_parameters.yaml
[1.763s] -- Up-to-date symlink: /home/nta/workspaces/ur_gazebo/install/ur_description/share/ur_description/config/ur15/default_kinematics.yaml
[1.765s] -- Up-to-date symlink: /home/nta/workspaces/ur_gazebo/install/ur_description/share/ur_description/config/ur15/joint_limits.yaml
[1.772s] -- Up-to-date symlink: /home/nta/workspaces/ur_gazebo/install/ur_description/share/ur_description/config/ur15/physical_parameters.yaml
[1.774s] -- Up-to-date symlink: /home/nta/workspaces/ur_gazebo/install/ur_description/share/ur_description/config/ur15/visual_parameters.yaml
[1.778s] -- Up-to-date symlink: /home/nta/workspaces/ur_gazebo/install/ur_description/share/ur_description/config/ur16e/default_kinematics.yaml
[1.784s] -- Up-to-date symlink: /home/nta/workspaces/ur_gazebo/install/ur_description/share/ur_description/config/ur16e/joint_limits.yaml
[1.798s] -- Up-to-date symlink: /home/nta/workspaces/ur_gazebo/install/ur_description/share/ur_description/config/ur16e/physical_parameters.yaml
[1.805s] -- Up-to-date symlink: /home/nta/workspaces/ur_gazebo/install/ur_description/share/ur_description/config/ur16e/visual_parameters.yaml
[1.805s] -- Up-to-date symlink: /home/nta/workspaces/ur_gazebo/install/ur_description/share/ur_description/config/ur18/default_kinematics.yaml
[1.808s] -- Up-to-date symlink: /home/nta/workspaces/ur_gazebo/install/ur_description/share/ur_description/config/ur18/joint_limits.yaml
[1.808s] -- Up-to-date symlink: /home/nta/workspaces/ur_gazebo/install/ur_description/share/ur_description/config/ur18/physical_parameters.yaml
[1.811s] -- Up-to-date symlink: /home/nta/workspaces/ur_gazebo/install/ur_description/share/ur_description/config/ur18/visual_parameters.yaml
[1.817s] -- Up-to-date symlink: /home/nta/workspaces/ur_gazebo/install/ur_description/share/ur_description/config/ur20/default_kinematics.yaml
[1.825s] -- Up-to-date symlink: /home/nta/workspaces/ur_gazebo/install/ur_description/share/ur_description/config/ur20/joint_limits.yaml
[1.829s] -- Up-to-date symlink: /home/nta/workspaces/ur_gazebo/install/ur_description/share/ur_description/config/ur20/physical_parameters.yaml
[1.830s] -- Up-to-date symlink: /home/nta/workspaces/ur_gazebo/install/ur_description/share/ur_description/config/ur20/visual_parameters.yaml
[1.840s] -- Up-to-date symlink: /home/nta/workspaces/ur_gazebo/install/ur_description/share/ur_description/config/ur3/default_kinematics.yaml
[1.843s] -- Up-to-date symlink: /home/nta/workspaces/ur_gazebo/install/ur_description/share/ur_description/config/ur3/joint_limits.yaml
[1.845s] -- Up-to-date symlink: /home/nta/workspaces/ur_gazebo/install/ur_description/share/ur_description/config/ur3/physical_parameters.yaml
[1.846s] -- Up-to-date symlink: /home/nta/workspaces/ur_gazebo/install/ur_description/share/ur_description/config/ur3/visual_parameters.yaml
[1.852s] -- Up-to-date symlink: /home/nta/workspaces/ur_gazebo/install/ur_description/share/ur_description/config/ur30/default_kinematics.yaml
[1.853s] -- Up-to-date symlink: /home/nta/workspaces/ur_gazebo/install/ur_description/share/ur_description/config/ur30/joint_limits.yaml
[1.860s] -- Up-to-date symlink: /home/nta/workspaces/ur_gazebo/install/ur_description/share/ur_description/config/ur30/physical_parameters.yaml
[1.861s] -- Up-to-date symlink: /home/nta/workspaces/ur_gazebo/install/ur_description/share/ur_description/config/ur30/visual_parameters.yaml
[1.868s] -- Up-to-date symlink: /home/nta/workspaces/ur_gazebo/install/ur_description/share/ur_description/config/ur3e/default_kinematics.yaml
[1.874s] -- Up-to-date symlink: /home/nta/workspaces/ur_gazebo/install/ur_description/share/ur_description/config/ur3e/joint_limits.yaml
[1.880s] -- Up-to-date symlink: /home/nta/workspaces/ur_gazebo/install/ur_description/share/ur_description/config/ur3e/physical_parameters.yaml
[1.886s] -- Up-to-date symlink: /home/nta/workspaces/ur_gazebo/install/ur_description/share/ur_description/config/ur3e/visual_parameters.yaml
[1.892s] -- Up-to-date symlink: /home/nta/workspaces/ur_gazebo/install/ur_description/share/ur_description/config/ur5/default_kinematics.yaml
[1.902s] -- Up-to-date symlink: /home/nta/workspaces/ur_gazebo/install/ur_description/share/ur_description/config/ur5/joint_limits.yaml
[1.902s] -- Up-to-date symlink: /home/nta/workspaces/ur_gazebo/install/ur_description/share/ur_description/config/ur5/physical_parameters.yaml
[1.911s] -- Up-to-date symlink: /home/nta/workspaces/ur_gazebo/install/ur_description/share/ur_description/config/ur5/visual_parameters.yaml
[1.929s] -- Up-to-date symlink: /home/nta/workspaces/ur_gazebo/install/ur_description/share/ur_description/config/ur5e/default_kinematics.yaml
[1.930s] -- Up-to-date symlink: /home/nta/workspaces/ur_gazebo/install/ur_description/share/ur_description/config/ur5e/joint_limits.yaml
[1.930s] -- Up-to-date symlink: /home/nta/workspaces/ur_gazebo/install/ur_description/share/ur_description/config/ur5e/physical_parameters.yaml
[1.933s] -- Up-to-date symlink: /home/nta/workspaces/ur_gazebo/install/ur_description/share/ur_description/config/ur5e/visual_parameters.yaml
[1.936s] -- Up-to-date symlink: /home/nta/workspaces/ur_gazebo/install/ur_description/share/ur_description/config/ur7e/default_kinematics.yaml
[1.949s] -- Up-to-date symlink: /home/nta/workspaces/ur_gazebo/install/ur_description/share/ur_description/config/ur7e/joint_limits.yaml
[1.955s] -- Up-to-date symlink: /home/nta/workspaces/ur_gazebo/install/ur_description/share/ur_description/config/ur7e/physical_parameters.yaml
[1.956s] -- Up-to-date symlink: /home/nta/workspaces/ur_gazebo/install/ur_description/share/ur_description/config/ur7e/visual_parameters.yaml
[1.970s] -- Up-to-date symlink: /home/nta/workspaces/ur_gazebo/install/ur_description/share/ur_description/config/ur8long/default_kinematics.yaml
[1.970s] -- Up-to-date symlink: /home/nta/workspaces/ur_gazebo/install/ur_description/share/ur_description/config/ur8long/joint_limits.yaml
[1.971s] -- Up-to-date symlink: /home/nta/workspaces/ur_gazebo/install/ur_description/share/ur_description/config/ur8long/physical_parameters.yaml
[1.971s] -- Up-to-date symlink: /home/nta/workspaces/ur_gazebo/install/ur_description/share/ur_description/config/ur8long/visual_parameters.yaml
[1.972s] -- Up-to-date symlink: /home/nta/workspaces/ur_gazebo/install/ur_description/share/ur_description/launch/view_ur.launch.py
[2.076s] -- Up-to-date symlink: /home/nta/workspaces/ur_gazebo/install/ur_description/share/ur_description/meshes/ur10/collision/base.stl
[2.077s] -- Up-to-date symlink: /home/nta/workspaces/ur_gazebo/install/ur_description/share/ur_description/meshes/ur10/collision/forearm.stl
[2.084s] -- Up-to-date symlink: /home/nta/workspaces/ur_gazebo/install/ur_description/share/ur_description/meshes/ur10/collision/shoulder.stl
[2.097s] -- Up-to-date symlink: /home/nta/workspaces/ur_gazebo/install/ur_description/share/ur_description/meshes/ur10/collision/upperarm.stl
[2.097s] -- Up-to-date symlink: /home/nta/workspaces/ur_gazebo/install/ur_description/share/ur_description/meshes/ur10/collision/wrist1.stl
[2.109s] -- Up-to-date symlink: /home/nta/workspaces/ur_gazebo/install/ur_description/share/ur_description/meshes/ur10/collision/wrist2.stl
[2.111s] -- Up-to-date symlink: /home/nta/workspaces/ur_gazebo/install/ur_description/share/ur_description/meshes/ur10/collision/wrist3.stl
[2.111s] -- Up-to-date symlink: /home/nta/workspaces/ur_gazebo/install/ur_description/share/ur_description/meshes/ur10/visual/base.dae
[2.115s] -- Up-to-date symlink: /home/nta/workspaces/ur_gazebo/install/ur_description/share/ur_description/meshes/ur10/visual/forearm.dae
[2.115s] -- Up-to-date symlink: /home/nta/workspaces/ur_gazebo/install/ur_description/share/ur_description/meshes/ur10/visual/shoulder.dae
[2.133s] -- Up-to-date symlink: /home/nta/workspaces/ur_gazebo/install/ur_description/share/ur_description/meshes/ur10/visual/upperarm.dae
[2.134s] -- Up-to-date symlink: /home/nta/workspaces/ur_gazebo/install/ur_description/share/ur_description/meshes/ur10/visual/wrist1.dae
[2.137s] -- Up-to-date symlink: /home/nta/workspaces/ur_gazebo/install/ur_description/share/ur_description/meshes/ur10/visual/wrist2.dae
[2.138s] -- Up-to-date symlink: /home/nta/workspaces/ur_gazebo/install/ur_description/share/ur_description/meshes/ur10/visual/wrist3.dae
[2.144s] -- Up-to-date symlink: /home/nta/workspaces/ur_gazebo/install/ur_description/share/ur_description/meshes/ur10e/collision/base.stl
[2.148s] -- Up-to-date symlink: /home/nta/workspaces/ur_gazebo/install/ur_description/share/ur_description/meshes/ur10e/collision/forearm.stl
[2.157s] -- Up-to-date symlink: /home/nta/workspaces/ur_gazebo/install/ur_description/share/ur_description/meshes/ur10e/collision/shoulder.stl
[2.157s] -- Up-to-date symlink: /home/nta/workspaces/ur_gazebo/install/ur_description/share/ur_description/meshes/ur10e/collision/upperarm.stl
[2.163s] -- Up-to-date symlink: /home/nta/workspaces/ur_gazebo/install/ur_description/share/ur_description/meshes/ur10e/collision/wrist1.stl
[2.175s] -- Up-to-date symlink: /home/nta/workspaces/ur_gazebo/install/ur_description/share/ur_description/meshes/ur10e/collision/wrist2.stl
[2.176s] -- Up-to-date symlink: /home/nta/workspaces/ur_gazebo/install/ur_description/share/ur_description/meshes/ur10e/collision/wrist3.stl
[2.184s] -- Up-to-date symlink: /home/nta/workspaces/ur_gazebo/install/ur_description/share/ur_description/meshes/ur10e/visual/base.dae
[2.185s] -- Up-to-date symlink: /home/nta/workspaces/ur_gazebo/install/ur_description/share/ur_description/meshes/ur10e/visual/forearm.dae
[2.190s] -- Up-to-date symlink: /home/nta/workspaces/ur_gazebo/install/ur_description/share/ur_description/meshes/ur10e/visual/shoulder.dae
[2.194s] -- Up-to-date symlink: /home/nta/workspaces/ur_gazebo/install/ur_description/share/ur_description/meshes/ur10e/visual/upperarm.dae
[2.198s] -- Up-to-date symlink: /home/nta/workspaces/ur_gazebo/install/ur_description/share/ur_description/meshes/ur10e/visual/wrist1.dae
[2.204s] -- Up-to-date symlink: /home/nta/workspaces/ur_gazebo/install/ur_description/share/ur_description/meshes/ur10e/visual/wrist2.dae
[2.207s] -- Up-to-date symlink: /home/nta/workspaces/ur_gazebo/install/ur_description/share/ur_description/meshes/ur10e/visual/wrist3.dae
[2.213s] -- Up-to-date symlink: /home/nta/workspaces/ur_gazebo/install/ur_description/share/ur_description/meshes/ur15/LICENSE.txt
[2.220s] -- Up-to-date symlink: /home/nta/workspaces/ur_gazebo/install/ur_description/share/ur_description/meshes/ur15/collision/base.stl
[2.220s] -- Up-to-date symlink: /home/nta/workspaces/ur_gazebo/install/ur_description/share/ur_description/meshes/ur15/collision/forearm.stl
[2.225s] -- Up-to-date symlink: /home/nta/workspaces/ur_gazebo/install/ur_description/share/ur_description/meshes/ur15/collision/shoulder.stl
[2.231s] -- Up-to-date symlink: /home/nta/workspaces/ur_gazebo/install/ur_description/share/ur_description/meshes/ur15/collision/upperarm.stl
[2.231s] -- Up-to-date symlink: /home/nta/workspaces/ur_gazebo/install/ur_description/share/ur_description/meshes/ur15/collision/wrist1.stl
[2.240s] -- Up-to-date symlink: /home/nta/workspaces/ur_gazebo/install/ur_description/share/ur_description/meshes/ur15/collision/wrist2.stl
[2.241s] -- Up-to-date symlink: /home/nta/workspaces/ur_gazebo/install/ur_description/share/ur_description/meshes/ur15/collision/wrist3.stl
[2.248s] -- Up-to-date symlink: /home/nta/workspaces/ur_gazebo/install/ur_description/share/ur_description/meshes/ur15/visual/UR15_DIFF_8bit_2K.jpg
[2.248s] -- Up-to-date symlink: /home/nta/workspaces/ur_gazebo/install/ur_description/share/ur_description/meshes/ur15/visual/base.dae
[2.251s] -- Up-to-date symlink: /home/nta/workspaces/ur_gazebo/install/ur_description/share/ur_description/meshes/ur15/visual/forearm.dae
[2.253s] -- Up-to-date symlink: /home/nta/workspaces/ur_gazebo/install/ur_description/share/ur_description/meshes/ur15/visual/shoulder.dae
[2.259s] -- Up-to-date symlink: /home/nta/workspaces/ur_gazebo/install/ur_description/share/ur_description/meshes/ur15/visual/upperarm.dae
[2.268s] -- Up-to-date symlink: /home/nta/workspaces/ur_gazebo/install/ur_description/share/ur_description/meshes/ur15/visual/wrist1.dae
[2.269s] -- Up-to-date symlink: /home/nta/workspaces/ur_gazebo/install/ur_description/share/ur_description/meshes/ur15/visual/wrist2.dae
[2.271s] -- Up-to-date symlink: /home/nta/workspaces/ur_gazebo/install/ur_description/share/ur_description/meshes/ur15/visual/wrist3.dae
[2.283s] -- Up-to-date symlink: /home/nta/workspaces/ur_gazebo/install/ur_description/share/ur_description/meshes/ur16e/collision/forearm.stl
[2.284s] -- Up-to-date symlink: /home/nta/workspaces/ur_gazebo/install/ur_description/share/ur_description/meshes/ur16e/collision/upperarm.stl
[2.290s] -- Up-to-date symlink: /home/nta/workspaces/ur_gazebo/install/ur_description/share/ur_description/meshes/ur16e/visual/forearm.dae
[2.295s] -- Up-to-date symlink: /home/nta/workspaces/ur_gazebo/install/ur_description/share/ur_description/meshes/ur16e/visual/upperarm.dae
[2.297s] -- Up-to-date symlink: /home/nta/workspaces/ur_gazebo/install/ur_description/share/ur_description/meshes/ur18/LICENSE.txt
[2.312s] -- Up-to-date symlink: /home/nta/workspaces/ur_gazebo/install/ur_description/share/ur_description/meshes/ur18/collision/forearm.stl
[2.312s] -- Up-to-date symlink: /home/nta/workspaces/ur_gazebo/install/ur_description/share/ur_description/meshes/ur18/collision/upperarm.stl
[2.313s] -- Up-to-date symlink: /home/nta/workspaces/ur_gazebo/install/ur_description/share/ur_description/meshes/ur18/visual/UR18_DIFF_8bit_2K.jpg
[2.313s] -- Up-to-date symlink: /home/nta/workspaces/ur_gazebo/install/ur_description/share/ur_description/meshes/ur18/visual/forearm.dae
[2.329s] -- Up-to-date symlink: /home/nta/workspaces/ur_gazebo/install/ur_description/share/ur_description/meshes/ur18/visual/upperarm.dae
[2.330s] -- Up-to-date symlink: /home/nta/workspaces/ur_gazebo/install/ur_description/share/ur_description/meshes/ur20/LICENSE.txt
[2.330s] -- Up-to-date symlink: /home/nta/workspaces/ur_gazebo/install/ur_description/share/ur_description/meshes/ur20/collision/base.stl
[2.335s] -- Up-to-date symlink: /home/nta/workspaces/ur_gazebo/install/ur_description/share/ur_description/meshes/ur20/collision/forearm.stl
[2.343s] -- Up-to-date symlink: /home/nta/workspaces/ur_gazebo/install/ur_description/share/ur_description/meshes/ur20/collision/shoulder.stl
[2.345s] -- Up-to-date symlink: /home/nta/workspaces/ur_gazebo/install/ur_description/share/ur_description/meshes/ur20/collision/upperarm.stl
[2.360s] -- Up-to-date symlink: /home/nta/workspaces/ur_gazebo/install/ur_description/share/ur_description/meshes/ur20/collision/wrist1.stl
[2.361s] -- Up-to-date symlink: /home/nta/workspaces/ur_gazebo/install/ur_description/share/ur_description/meshes/ur20/collision/wrist2.stl
[2.361s] -- Up-to-date symlink: /home/nta/workspaces/ur_gazebo/install/ur_description/share/ur_description/meshes/ur20/collision/wrist3.stl
[2.366s] -- Up-to-date symlink: /home/nta/workspaces/ur_gazebo/install/ur_description/share/ur_description/meshes/ur20/visual/UR20_DIFF_8bit_2K.png
[2.370s] -- Up-to-date symlink: /home/nta/workspaces/ur_gazebo/install/ur_description/share/ur_description/meshes/ur20/visual/base.dae
[2.373s] -- Up-to-date symlink: /home/nta/workspaces/ur_gazebo/install/ur_description/share/ur_description/meshes/ur20/visual/forearm.dae
[2.386s] -- Up-to-date symlink: /home/nta/workspaces/ur_gazebo/install/ur_description/share/ur_description/meshes/ur20/visual/shoulder.dae
[2.390s] -- Up-to-date symlink: /home/nta/workspaces/ur_gazebo/install/ur_description/share/ur_description/meshes/ur20/visual/upperarm.dae
[2.399s] -- Up-to-date symlink: /home/nta/workspaces/ur_gazebo/install/ur_description/share/ur_description/meshes/ur20/visual/wrist1.dae
[2.412s] -- Up-to-date symlink: /home/nta/workspaces/ur_gazebo/install/ur_description/share/ur_description/meshes/ur20/visual/wrist2.dae
[2.413s] -- Up-to-date symlink: /home/nta/workspaces/ur_gazebo/install/ur_description/share/ur_description/meshes/ur20/visual/wrist3.dae
[2.413s] -- Up-to-date symlink: /home/nta/workspaces/ur_gazebo/install/ur_description/share/ur_description/meshes/ur3/collision/base.stl
[2.413s] -- Up-to-date symlink: /home/nta/workspaces/ur_gazebo/install/ur_description/share/ur_description/meshes/ur3/collision/forearm.stl
[2.424s] -- Up-to-date symlink: /home/nta/workspaces/ur_gazebo/install/ur_description/share/ur_description/meshes/ur3/collision/shoulder.stl
[2.428s] -- Up-to-date symlink: /home/nta/workspaces/ur_gazebo/install/ur_description/share/ur_description/meshes/ur3/collision/upperarm.stl
[2.437s] -- Up-to-date symlink: /home/nta/workspaces/ur_gazebo/install/ur_description/share/ur_description/meshes/ur3/collision/wrist1.stl
[2.438s] -- Up-to-date symlink: /home/nta/workspaces/ur_gazebo/install/ur_description/share/ur_description/meshes/ur3/collision/wrist2.stl
[2.443s] -- Up-to-date symlink: /home/nta/workspaces/ur_gazebo/install/ur_description/share/ur_description/meshes/ur3/collision/wrist3.stl
[2.454s] -- Up-to-date symlink: /home/nta/workspaces/ur_gazebo/install/ur_description/share/ur_description/meshes/ur3/visual/base.dae
[2.454s] -- Up-to-date symlink: /home/nta/workspaces/ur_gazebo/install/ur_description/share/ur_description/meshes/ur3/visual/forearm.dae
[2.462s] -- Up-to-date symlink: /home/nta/workspaces/ur_gazebo/install/ur_description/share/ur_description/meshes/ur3/visual/shoulder.dae
[2.470s] -- Up-to-date symlink: /home/nta/workspaces/ur_gazebo/install/ur_description/share/ur_description/meshes/ur3/visual/upperarm.dae
[2.475s] -- Up-to-date symlink: /home/nta/workspaces/ur_gazebo/install/ur_description/share/ur_description/meshes/ur3/visual/wrist1.dae
[2.481s] -- Up-to-date symlink: /home/nta/workspaces/ur_gazebo/install/ur_description/share/ur_description/meshes/ur3/visual/wrist2.dae
[2.486s] -- Up-to-date symlink: /home/nta/workspaces/ur_gazebo/install/ur_description/share/ur_description/meshes/ur3/visual/wrist3.dae
[2.498s] -- Up-to-date symlink: /home/nta/workspaces/ur_gazebo/install/ur_description/share/ur_description/meshes/ur30/LICENSE.txt
[2.505s] -- Up-to-date symlink: /home/nta/workspaces/ur_gazebo/install/ur_description/share/ur_description/meshes/ur30/collision/forearm.stl
[2.510s] -- Up-to-date symlink: /home/nta/workspaces/ur_gazebo/install/ur_description/share/ur_description/meshes/ur30/collision/upperarm.stl
[2.514s] -- Up-to-date symlink: /home/nta/workspaces/ur_gazebo/install/ur_description/share/ur_description/meshes/ur30/visual/UR30_DIFF_8bit_2K.png
[2.520s] -- Up-to-date symlink: /home/nta/workspaces/ur_gazebo/install/ur_description/share/ur_description/meshes/ur30/visual/forearm.dae
[2.526s] -- Up-to-date symlink: /home/nta/workspaces/ur_gazebo/install/ur_description/share/ur_description/meshes/ur30/visual/upperarm.dae
[2.533s] -- Up-to-date symlink: /home/nta/workspaces/ur_gazebo/install/ur_description/share/ur_description/meshes/ur3e/collision/base.stl
[2.538s] -- Up-to-date symlink: /home/nta/workspaces/ur_gazebo/install/ur_description/share/ur_description/meshes/ur3e/collision/forearm.stl
[2.540s] -- Up-to-date symlink: /home/nta/workspaces/ur_gazebo/install/ur_description/share/ur_description/meshes/ur3e/collision/shoulder.stl
[2.546s] -- Up-to-date symlink: /home/nta/workspaces/ur_gazebo/install/ur_description/share/ur_description/meshes/ur3e/collision/upperarm.stl
[2.554s] -- Up-to-date symlink: /home/nta/workspaces/ur_gazebo/install/ur_description/share/ur_description/meshes/ur3e/collision/wrist1.stl
[2.554s] -- Up-to-date symlink: /home/nta/workspaces/ur_gazebo/install/ur_description/share/ur_description/meshes/ur3e/collision/wrist2.stl
[2.563s] -- Up-to-date symlink: /home/nta/workspaces/ur_gazebo/install/ur_description/share/ur_description/meshes/ur3e/collision/wrist3.stl
[2.573s] -- Up-to-date symlink: /home/nta/workspaces/ur_gazebo/install/ur_description/share/ur_description/meshes/ur3e/visual/base.dae
[2.577s] -- Up-to-date symlink: /home/nta/workspaces/ur_gazebo/install/ur_description/share/ur_description/meshes/ur3e/visual/forearm.dae
[2.580s] -- Up-to-date symlink: /home/nta/workspaces/ur_gazebo/install/ur_description/share/ur_description/meshes/ur3e/visual/shoulder.dae
[2.584s] -- Up-to-date symlink: /home/nta/workspaces/ur_gazebo/install/ur_description/share/ur_description/meshes/ur3e/visual/upperarm.dae
[2.591s] -- Up-to-date symlink: /home/nta/workspaces/ur_gazebo/install/ur_description/share/ur_description/meshes/ur3e/visual/wrist1.dae
[2.591s] -- Up-to-date symlink: /home/nta/workspaces/ur_gazebo/install/ur_description/share/ur_description/meshes/ur3e/visual/wrist2.dae
[2.595s] -- Up-to-date symlink: /home/nta/workspaces/ur_gazebo/install/ur_description/share/ur_description/meshes/ur3e/visual/wrist3.dae
[2.603s] -- Up-to-date symlink: /home/nta/workspaces/ur_gazebo/install/ur_description/share/ur_description/meshes/ur5/collision/base.stl
[2.615s] -- Up-to-date symlink: /home/nta/workspaces/ur_gazebo/install/ur_description/share/ur_description/meshes/ur5/collision/forearm.stl
[2.621s] -- Up-to-date symlink: /home/nta/workspaces/ur_gazebo/install/ur_description/share/ur_description/meshes/ur5/collision/shoulder.stl
[2.628s] -- Up-to-date symlink: /home/nta/workspaces/ur_gazebo/install/ur_description/share/ur_description/meshes/ur5/collision/upperarm.stl
[2.628s] -- Up-to-date symlink: /home/nta/workspaces/ur_gazebo/install/ur_description/share/ur_description/meshes/ur5/collision/wrist1.stl
[2.631s] -- Up-to-date symlink: /home/nta/workspaces/ur_gazebo/install/ur_description/share/ur_description/meshes/ur5/collision/wrist2.stl
[2.632s] -- Up-to-date symlink: /home/nta/workspaces/ur_gazebo/install/ur_description/share/ur_description/meshes/ur5/collision/wrist3.stl
[2.639s] -- Up-to-date symlink: /home/nta/workspaces/ur_gazebo/install/ur_description/share/ur_description/meshes/ur5/visual/base.dae
[2.647s] -- Up-to-date symlink: /home/nta/workspaces/ur_gazebo/install/ur_description/share/ur_description/meshes/ur5/visual/forearm.dae
[2.648s] -- Up-to-date symlink: /home/nta/workspaces/ur_gazebo/install/ur_description/share/ur_description/meshes/ur5/visual/shoulder.dae
[2.654s] -- Up-to-date symlink: /home/nta/workspaces/ur_gazebo/install/ur_description/share/ur_description/meshes/ur5/visual/upperarm.dae
[2.655s] -- Up-to-date symlink: /home/nta/workspaces/ur_gazebo/install/ur_description/share/ur_description/meshes/ur5/visual/wrist1.dae
[2.668s] -- Up-to-date symlink: /home/nta/workspaces/ur_gazebo/install/ur_description/share/ur_description/meshes/ur5/visual/wrist2.dae
[2.668s] -- Up-to-date symlink: /home/nta/workspaces/ur_gazebo/install/ur_description/share/ur_description/meshes/ur5/visual/wrist3.dae
[2.680s] -- Up-to-date symlink: /home/nta/workspaces/ur_gazebo/install/ur_description/share/ur_description/meshes/ur5e/collision/base.stl
[2.681s] -- Up-to-date symlink: /home/nta/workspaces/ur_gazebo/install/ur_description/share/ur_description/meshes/ur5e/collision/forearm.stl
[2.689s] -- Up-to-date symlink: /home/nta/workspaces/ur_gazebo/install/ur_description/share/ur_description/meshes/ur5e/collision/shoulder.stl
[2.692s] -- Up-to-date symlink: /home/nta/workspaces/ur_gazebo/install/ur_description/share/ur_description/meshes/ur5e/collision/upperarm.stl
[2.703s] -- Up-to-date symlink: /home/nta/workspaces/ur_gazebo/install/ur_description/share/ur_description/meshes/ur5e/collision/wrist1.stl
[2.703s] -- Up-to-date symlink: /home/nta/workspaces/ur_gazebo/install/ur_description/share/ur_description/meshes/ur5e/collision/wrist2.stl
[2.704s] -- Up-to-date symlink: /home/nta/workspaces/ur_gazebo/install/ur_description/share/ur_description/meshes/ur5e/collision/wrist3.stl
[2.711s] -- Up-to-date symlink: /home/nta/workspaces/ur_gazebo/install/ur_description/share/ur_description/meshes/ur5e/visual/base.dae
[2.719s] -- Up-to-date symlink: /home/nta/workspaces/ur_gazebo/install/ur_description/share/ur_description/meshes/ur5e/visual/forearm.dae
[2.720s] -- Up-to-date symlink: /home/nta/workspaces/ur_gazebo/install/ur_description/share/ur_description/meshes/ur5e/visual/shoulder.dae
[2.720s] -- Up-to-date symlink: /home/nta/workspaces/ur_gazebo/install/ur_description/share/ur_description/meshes/ur5e/visual/upperarm.dae
[2.730s] -- Up-to-date symlink: /home/nta/workspaces/ur_gazebo/install/ur_description/share/ur_description/meshes/ur5e/visual/wrist1.dae
[2.732s] -- Up-to-date symlink: /home/nta/workspaces/ur_gazebo/install/ur_description/share/ur_description/meshes/ur5e/visual/wrist2.dae
[2.742s] -- Up-to-date symlink: /home/nta/workspaces/ur_gazebo/install/ur_description/share/ur_description/meshes/ur5e/visual/wrist3.dae
[2.746s] -- Up-to-date symlink: /home/nta/workspaces/ur_gazebo/install/ur_description/share/ur_description/meshes/ur8long/LICENSE.txt
[2.751s] -- Up-to-date symlink: /home/nta/workspaces/ur_gazebo/install/ur_description/share/ur_description/meshes/ur8long/collision/forearm.stl
[2.755s] -- Up-to-date symlink: /home/nta/workspaces/ur_gazebo/install/ur_description/share/ur_description/meshes/ur8long/collision/upperarm.stl
[2.762s] -- Up-to-date symlink: /home/nta/workspaces/ur_gazebo/install/ur_description/share/ur_description/meshes/ur8long/visual/UR8Long_DIFF_8bit_2K.jpg
[2.767s] -- Up-to-date symlink: /home/nta/workspaces/ur_gazebo/install/ur_description/share/ur_description/meshes/ur8long/visual/forearm.dae
[2.775s] -- Up-to-date symlink: /home/nta/workspaces/ur_gazebo/install/ur_description/share/ur_description/meshes/ur8long/visual/upperarm.dae
[2.782s] -- Up-to-date symlink: /home/nta/workspaces/ur_gazebo/install/ur_description/share/ur_description/rviz/view_robot.rviz
[2.795s] -- Up-to-date symlink: /home/nta/workspaces/ur_gazebo/install/ur_description/share/ur_description/urdf/inc/ur_common.xacro
[2.806s] -- Up-to-date symlink: /home/nta/workspaces/ur_gazebo/install/ur_description/share/ur_description/urdf/inc/ur_transmissions.xacro
[2.807s] -- Up-to-date symlink: /home/nta/workspaces/ur_gazebo/install/ur_description/share/ur_description/urdf/ur.ros2_control.xacro
[2.810s] -- Up-to-date symlink: /home/nta/workspaces/ur_gazebo/install/ur_description/share/ur_description/urdf/ur.urdf.xacro
[2.814s] -- Up-to-date symlink: /home/nta/workspaces/ur_gazebo/install/ur_description/share/ur_description/urdf/ur_macro.xacro
[2.826s] -- Up-to-date symlink: /home/nta/workspaces/ur_gazebo/install/ur_description/share/ur_description/test/test_ur_urdf_xacro.py
[2.835s] -- Up-to-date symlink: /home/nta/workspaces/ur_gazebo/install/ur_description/share/ur_description/test/test_view_ur_launch.py
[2.836s] -- Up-to-date symlink: /home/nta/workspaces/ur_gazebo/install/ur_description/share/ament_index/resource_index/package_run_dependencies/ur_description
[2.841s] -- Up-to-date symlink: /home/nta/workspaces/ur_gazebo/install/ur_description/share/ament_index/resource_index/parent_prefix_path/ur_description
[2.846s] -- Up-to-date symlink: /home/nta/workspaces/ur_gazebo/install/ur_description/share/ur_description/environment/ament_prefix_path.sh
[2.850s] -- Up-to-date symlink: /home/nta/workspaces/ur_gazebo/install/ur_description/share/ur_description/environment/ament_prefix_path.dsv
[2.858s] -- Up-to-date symlink: /home/nta/workspaces/ur_gazebo/install/ur_description/share/ur_description/environment/path.sh
[2.858s] -- Up-to-date symlink: /home/nta/workspaces/ur_gazebo/install/ur_description/share/ur_description/environment/path.dsv
[2.873s] -- Up-to-date symlink: /home/nta/workspaces/ur_gazebo/install/ur_description/share/ur_description/local_setup.bash
[2.874s] -- Up-to-date symlink: /home/nta/workspaces/ur_gazebo/install/ur_description/share/ur_description/local_setup.sh
[2.880s] -- Up-to-date symlink: /home/nta/workspaces/ur_gazebo/install/ur_description/share/ur_description/local_setup.zsh
[2.881s] -- Up-to-date symlink: /home/nta/workspaces/ur_gazebo/install/ur_description/share/ur_description/local_setup.dsv
[2.881s] -- Symlinking: /home/nta/workspaces/ur_gazebo/install/ur_description/share/ur_description/package.dsv
[2.991s] -- Up-to-date symlink: /home/nta/workspaces/ur_gazebo/install/ur_description/share/ament_index/resource_index/packages/ur_description
[3.000s] -- Up-to-date symlink: /home/nta/workspaces/ur_gazebo/install/ur_description/share/ur_description/cmake/ur_descriptionConfig.cmake
[3.001s] -- Up-to-date symlink: /home/nta/workspaces/ur_gazebo/install/ur_description/share/ur_description/cmake/ur_descriptionConfig-version.cmake
[3.006s] -- Up-to-date symlink: /home/nta/workspaces/ur_gazebo/install/ur_description/share/ur_description/package.xml
[3.022s] Invoked command in '/home/nta/workspaces/ur_gazebo/build/ur_description' returned '0': CMAKE_PREFIX_PATH=${CMAKE_PREFIX_PATH}:/home/nta/workspaces/ur_gazebo/install/my_controller:/opt/ros/humble /usr/bin/cmake --install /home/nta/workspaces/ur_gazebo/build/ur_description
