running develop
Removing /home/nta/workspaces/ur_gazebo/install/my_controller/lib/python3.10/site-packages/my-controller.egg-link (link to .)
running egg_info
writing ../../build/my_controller/my_controller.egg-info/PKG-INFO
writing dependency_links to ../../build/my_controller/my_controller.egg-info/dependency_links.txt
writing entry points to ../../build/my_controller/my_controller.egg-info/entry_points.txt
writing requirements to ../../build/my_controller/my_controller.egg-info/requires.txt
writing top-level names to ../../build/my_controller/my_controller.egg-info/top_level.txt
reading manifest file '../../build/my_controller/my_controller.egg-info/SOURCES.txt'
adding license file 'LICENSE'
writing manifest file '../../build/my_controller/my_controller.egg-info/SOURCES.txt'
running build
running build_py
creating /home/nta/workspaces/ur_gazebo/build/my_controller/build
creating /home/nta/workspaces/ur_gazebo/build/my_controller/build/lib
creating /home/nta/workspaces/ur_gazebo/build/my_controller/build/lib/controller
copying controller/bc_model.py -> /home/nta/workspaces/ur_gazebo/build/my_controller/build/lib/controller
copying controller/controller.py -> /home/nta/workspaces/ur_gazebo/build/my_controller/build/lib/controller
copying controller/__init__.py -> /home/nta/workspaces/ur_gazebo/build/my_controller/build/lib/controller
running install
running install_lib
creating /home/nta/workspaces/ur_gazebo/install/my_controller/lib/python3.10/site-packages/controller
copying /home/nta/workspaces/ur_gazebo/build/my_controller/build/lib/controller/bc_model.py -> /home/nta/workspaces/ur_gazebo/install/my_controller/lib/python3.10/site-packages/controller
copying /home/nta/workspaces/ur_gazebo/build/my_controller/build/lib/controller/controller.py -> /home/nta/workspaces/ur_gazebo/install/my_controller/lib/python3.10/site-packages/controller
copying /home/nta/workspaces/ur_gazebo/build/my_controller/build/lib/controller/__init__.py -> /home/nta/workspaces/ur_gazebo/install/my_controller/lib/python3.10/site-packages/controller
byte-compiling /home/nta/workspaces/ur_gazebo/install/my_controller/lib/python3.10/site-packages/controller/bc_model.py to bc_model.cpython-310.pyc
byte-compiling /home/nta/workspaces/ur_gazebo/install/my_controller/lib/python3.10/site-packages/controller/controller.py to controller.cpython-310.pyc
byte-compiling /home/nta/workspaces/ur_gazebo/install/my_controller/lib/python3.10/site-packages/controller/__init__.py to __init__.cpython-310.pyc
running install_data
error: can't copy 'resource/my_controller': doesn't exist or not a regular file
