[1.194s] Invoking command in '/home/nta/workspaces/ur_gazebo/build/my_controller': PYTHONPATH=/home/nta/workspaces/ur_gazebo/build/my_controller/prefix_override:/usr/lib/python3/dist-packages/colcon_core/task/python/colcon_distutils_commands:/home/nta/workspaces/ur_gazebo/install/my_controller/lib/python3.10/site-packages:${PYTHONPATH} /usr/bin/python3 -W ignore:setup.py install is deprecated -W ignore:easy_install command is deprecated setup.py develop --uninstall --editable --build-directory /home/nta/workspaces/ur_gazebo/build/my_controller/build
[1.644s] running develop
[1.946s] Removing /home/nta/workspaces/ur_gazebo/install/my_controller/lib/python3.10/site-packages/my-controller.egg-link (link to .)
[2.028s] Invoked command in '/home/nta/workspaces/ur_gazebo/build/my_controller' returned '0': PYTHONPATH=/home/nta/workspaces/ur_gazebo/build/my_controller/prefix_override:/usr/lib/python3/dist-packages/colcon_core/task/python/colcon_distutils_commands:/home/nta/workspaces/ur_gazebo/install/my_controller/lib/python3.10/site-packages:${PYTHONPATH} /usr/bin/python3 -W ignore:setup.py install is deprecated -W ignore:easy_install command is deprecated setup.py develop --uninstall --editable --build-directory /home/nta/workspaces/ur_gazebo/build/my_controller/build
[2.032s] Invoking command in '/home/nta/workspaces/ur_gazebo/src/controller': PYTHONPATH=/home/nta/workspaces/ur_gazebo/build/my_controller/prefix_override:/usr/lib/python3/dist-packages/colcon_core/task/python/colcon_distutils_commands:/home/nta/workspaces/ur_gazebo/install/my_controller/lib/python3.10/site-packages:${PYTHONPATH} /usr/bin/python3 -W ignore:setup.py install is deprecated -W ignore:easy_install command is deprecated setup.py egg_info --egg-base ../../build/my_controller build --build-base /home/nta/workspaces/ur_gazebo/build/my_controller/build install --record /home/nta/workspaces/ur_gazebo/build/my_controller/install.log --single-version-externally-managed install_data --force
[2.434s] running egg_info
[2.437s] writing ../../build/my_controller/my_controller.egg-info/PKG-INFO
[2.437s] writing dependency_links to ../../build/my_controller/my_controller.egg-info/dependency_links.txt
[2.437s] writing entry points to ../../build/my_controller/my_controller.egg-info/entry_points.txt
[2.437s] writing requirements to ../../build/my_controller/my_controller.egg-info/requires.txt
[2.441s] writing top-level names to ../../build/my_controller/my_controller.egg-info/top_level.txt
[2.442s] reading manifest file '../../build/my_controller/my_controller.egg-info/SOURCES.txt'
[2.442s] adding license file 'LICENSE'
[2.443s] writing manifest file '../../build/my_controller/my_controller.egg-info/SOURCES.txt'
[2.443s] running build
[2.444s] running build_py
[2.447s] creating /home/nta/workspaces/ur_gazebo/build/my_controller/build
[2.447s] creating /home/nta/workspaces/ur_gazebo/build/my_controller/build/lib
[2.447s] creating /home/nta/workspaces/ur_gazebo/build/my_controller/build/lib/controller
[2.447s] copying controller/bc_model.py -> /home/nta/workspaces/ur_gazebo/build/my_controller/build/lib/controller
[2.448s] copying controller/controller.py -> /home/nta/workspaces/ur_gazebo/build/my_controller/build/lib/controller
[2.448s] copying controller/__init__.py -> /home/nta/workspaces/ur_gazebo/build/my_controller/build/lib/controller
[2.448s] running install
[2.448s] running install_lib
[2.451s] creating /home/nta/workspaces/ur_gazebo/install/my_controller/lib/python3.10/site-packages/controller
[2.451s] copying /home/nta/workspaces/ur_gazebo/build/my_controller/build/lib/controller/bc_model.py -> /home/nta/workspaces/ur_gazebo/install/my_controller/lib/python3.10/site-packages/controller
[2.451s] copying /home/nta/workspaces/ur_gazebo/build/my_controller/build/lib/controller/controller.py -> /home/nta/workspaces/ur_gazebo/install/my_controller/lib/python3.10/site-packages/controller
[2.451s] copying /home/nta/workspaces/ur_gazebo/build/my_controller/build/lib/controller/__init__.py -> /home/nta/workspaces/ur_gazebo/install/my_controller/lib/python3.10/site-packages/controller
[2.451s] byte-compiling /home/nta/workspaces/ur_gazebo/install/my_controller/lib/python3.10/site-packages/controller/bc_model.py to bc_model.cpython-310.pyc
[2.453s] byte-compiling /home/nta/workspaces/ur_gazebo/install/my_controller/lib/python3.10/site-packages/controller/controller.py to controller.cpython-310.pyc
[2.455s] byte-compiling /home/nta/workspaces/ur_gazebo/install/my_controller/lib/python3.10/site-packages/controller/__init__.py to __init__.cpython-310.pyc
[2.456s] running install_data
[2.456s] error: can't copy 'resource/my_controller': doesn't exist or not a regular file
[2.507s] Invoked command in '/home/nta/workspaces/ur_gazebo/src/controller' returned '1': PYTHONPATH=/home/nta/workspaces/ur_gazebo/build/my_controller/prefix_override:/usr/lib/python3/dist-packages/colcon_core/task/python/colcon_distutils_commands:/home/nta/workspaces/ur_gazebo/install/my_controller/lib/python3.10/site-packages:${PYTHONPATH} /usr/bin/python3 -W ignore:setup.py install is deprecated -W ignore:easy_install command is deprecated setup.py egg_info --egg-base ../../build/my_controller build --build-base /home/nta/workspaces/ur_gazebo/build/my_controller/build install --record /home/nta/workspaces/ur_gazebo/build/my_controller/install.log --single-version-externally-managed install_data --force
